#
# There is insufficient memory for the Java Runtime Environment to continue.
# Native memory allocation (malloc) failed to allocate 1795056 bytes. Error detail: Chunk::new
# Possible reasons:
#   The system is out of physical RAM or swap space
#   This process is running with CompressedOops enabled, and the Java Heap may be blocking the growth of the native heap
# Possible solutions:
#   Reduce memory load on the system
#   Increase physical memory or swap space
#   Check if swap backing store is full
#   Decrease Java heap size (-Xmx/-Xms)
#   Decrease number of Java threads
#   Decrease Java thread stack sizes (-Xss)
#   Set larger code cache with -XX:ReservedCodeCacheSize=
#   JVM is running with Unscaled Compressed Oops mode in which the Java heap is
#     placed in the first 4GB address space. The Java Heap base address is the
#     maximum limit for the native heap growth. Please use -XX:HeapBaseMinAddress
#     to set the Java Heap base and to place the Java Heap above 4GB virtual address.
# This output file may be truncated or incomplete.
#
#  Out of Memory Error (arena.cpp:168), pid=896, tid=9416
#
# JRE version: OpenJDK Runtime Environment (21.0.3) (build 21.0.3+-12282718-b509.11)
# Java VM: OpenJDK 64-Bit Server VM (21.0.3+-12282718-b509.11, mixed mode, tiered, compressed oops, compressed class ptrs, g1 gc, windows-amd64)
# No core dump will be written. Minidumps are not enabled by default on client versions of Windows
#

---------------  S U M M A R Y ------------

Command Line: --add-opens=java.base/java.util=ALL-UNNAMED --add-opens=java.base/java.lang=ALL-UNNAMED --add-opens=java.base/java.lang.invoke=ALL-UNNAMED --add-opens=java.prefs/java.util.prefs=ALL-UNNAMED --add-opens=java.base/java.nio.charset=ALL-UNNAMED --add-opens=java.base/java.net=ALL-UNNAMED --add-opens=java.base/java.util.concurrent.atomic=ALL-UNNAMED -Xmx2048m -Dfile.encoding=UTF-8 -Duser.country=US -Duser.language=en -Duser.variant -javaagent:C:\Users\ACER\.gradle\wrapper\dists\gradle-8.5-bin\5t9huq95ubn472n8rpzujfbqh\gradle-8.5\lib\agents\gradle-instrumentation-agent-8.5.jar org.gradle.launcher.daemon.bootstrap.GradleDaemon 8.5

Host: 12th Gen Intel(R) Core(TM) i7-12700H, 20 cores, 7G,  Windows 11 , 64 bit Build 26100 (10.0.26100.3323)
Time: Thu Apr 10 10:35:08 2025 SE Asia Standard Time elapsed time: 13.944851 seconds (0d 0h 0m 13s)

---------------  T H R E A D  ---------------

Current thread (0x00000226dd229b50):  JavaThread "C2 CompilerThread2" daemon [_thread_in_native, id=9416, stack(0x0000006b9de00000,0x0000006b9df00000) (1024K)]


Current CompileTask:
C2:  13945 2930   !   4       java.net.URLClassLoader$1::run (81 bytes)

Stack: [0x0000006b9de00000,0x0000006b9df00000]
Native frames: (J=compiled Java code, j=interpreted, Vv=VM code, C=native code)
V  [jvm.dll+0x6cafb9]
V  [jvm.dll+0x858523]
V  [jvm.dll+0x85aa7e]
V  [jvm.dll+0x85b163]
V  [jvm.dll+0x27d356]
V  [jvm.dll+0xbf93d]
V  [jvm.dll+0xbfe73]
V  [jvm.dll+0x3b1cb1]
V  [jvm.dll+0x37e787]
V  [jvm.dll+0x37dbfa]
V  [jvm.dll+0x246b02]
V  [jvm.dll+0x2460d1]
V  [jvm.dll+0x1c5804]
V  [jvm.dll+0x25575c]
V  [jvm.dll+0x253c36]
V  [jvm.dll+0x3ec996]
V  [jvm.dll+0x800d78]
V  [jvm.dll+0x6c98cd]
C  [ucrtbase.dll+0x37b0]
C  [KERNEL32.DLL+0x2e8d7]
C  [ntdll.dll+0xbbf6c]


---------------  P R O C E S S  ---------------

Threads class SMR info:
_java_thread_list=0x00000226e1e44120, length=27, elements={
0x00000226bddb7d50, 0x00000226d8ba1290, 0x00000226d8ba4870, 0x00000226d8bb1440,
0x00000226d8bb2460, 0x00000226d8bbed70, 0x00000226d8bbf7d0, 0x00000226d8bd3510,
0x00000226d8bd40e0, 0x00000226d8d59e10, 0x00000226d8d98760, 0x00000226dd113680,
0x00000226dd1502b0, 0x00000226dd229b50, 0x00000226de04ffc0, 0x00000226ddf43fd0,
0x00000226dee09e00, 0x00000226de7c6fe0, 0x00000226de7c7650, 0x00000226de9b4e10,
0x00000226ddfe3a00, 0x00000226de06d770, 0x00000226de06de00, 0x00000226de06e490,
0x00000226de06b010, 0x00000226de06b6a0, 0x00000226de06ca50
}

Java Threads: ( => current thread )
  0x00000226bddb7d50 JavaThread "main"                              [_thread_blocked, id=19044, stack(0x0000006b9c800000,0x0000006b9c900000) (1024K)]
  0x00000226d8ba1290 JavaThread "Reference Handler"          daemon [_thread_blocked, id=11616, stack(0x0000006b9d000000,0x0000006b9d100000) (1024K)]
  0x00000226d8ba4870 JavaThread "Finalizer"                  daemon [_thread_blocked, id=12568, stack(0x0000006b9d100000,0x0000006b9d200000) (1024K)]
  0x00000226d8bb1440 JavaThread "Signal Dispatcher"          daemon [_thread_blocked, id=19744, stack(0x0000006b9d200000,0x0000006b9d300000) (1024K)]
  0x00000226d8bb2460 JavaThread "Attach Listener"            daemon [_thread_blocked, id=8132, stack(0x0000006b9d300000,0x0000006b9d400000) (1024K)]
  0x00000226d8bbed70 JavaThread "Service Thread"             daemon [_thread_blocked, id=20432, stack(0x0000006b9d400000,0x0000006b9d500000) (1024K)]
  0x00000226d8bbf7d0 JavaThread "Monitor Deflation Thread"   daemon [_thread_blocked, id=13000, stack(0x0000006b9d500000,0x0000006b9d600000) (1024K)]
  0x00000226d8bd3510 JavaThread "C2 CompilerThread0"         daemon [_thread_in_native, id=18976, stack(0x0000006b9d600000,0x0000006b9d700000) (1024K)]
  0x00000226d8bd40e0 JavaThread "C1 CompilerThread0"         daemon [_thread_blocked, id=3744, stack(0x0000006b9d700000,0x0000006b9d800000) (1024K)]
  0x00000226d8d59e10 JavaThread "Common-Cleaner"             daemon [_thread_blocked, id=19840, stack(0x0000006b9d800000,0x0000006b9d900000) (1024K)]
  0x00000226d8d98760 JavaThread "C1 CompilerThread1"         daemon [_thread_blocked, id=19676, stack(0x0000006b9d900000,0x0000006b9da00000) (1024K)]
  0x00000226dd113680 JavaThread "Notification Thread"        daemon [_thread_blocked, id=19240, stack(0x0000006b9dc00000,0x0000006b9dd00000) (1024K)]
  0x00000226dd1502b0 JavaThread "C2 CompilerThread1"         daemon [_thread_in_native, id=16544, stack(0x0000006b9dd00000,0x0000006b9de00000) (1024K)]
=>0x00000226dd229b50 JavaThread "C2 CompilerThread2"         daemon [_thread_in_native, id=9416, stack(0x0000006b9de00000,0x0000006b9df00000) (1024K)]
  0x00000226de04ffc0 JavaThread "Daemon health stats"               [_thread_blocked, id=19524, stack(0x0000006b9e300000,0x0000006b9e400000) (1024K)]
  0x00000226ddf43fd0 JavaThread "Incoming local TCP Connector on port 64168"        [_thread_in_native, id=5172, stack(0x0000006b9e400000,0x0000006b9e500000) (1024K)]
  0x00000226dee09e00 JavaThread "Daemon periodic checks"            [_thread_blocked, id=15008, stack(0x0000006b9e500000,0x0000006b9e600000) (1024K)]
  0x00000226de7c6fe0 JavaThread "Daemon"                            [_thread_blocked, id=15156, stack(0x0000006b9e600000,0x0000006b9e700000) (1024K)]
  0x00000226de7c7650 JavaThread "Handler for socket connection from /127.0.0.1:64168 to /127.0.0.1:64169"        [_thread_in_native, id=3116, stack(0x0000006b9e700000,0x0000006b9e800000) (1024K)]
  0x00000226de9b4e10 JavaThread "Cancel handler"                    [_thread_blocked, id=18476, stack(0x0000006b9e800000,0x0000006b9e900000) (1024K)]
  0x00000226ddfe3a00 JavaThread "Daemon worker"                     [_thread_in_Java, id=2604, stack(0x0000006b9e900000,0x0000006b9ea00000) (1024K)]
  0x00000226de06d770 JavaThread "Asynchronous log dispatcher for DefaultDaemonConnection: socket connection from /127.0.0.1:64168 to /127.0.0.1:64169"        [_thread_blocked, id=7448, stack(0x0000006b9ea00000,0x0000006b9eb00000) (1024K)]
  0x00000226de06de00 JavaThread "Stdin handler"                     [_thread_blocked, id=11036, stack(0x0000006b9eb00000,0x0000006b9ec00000) (1024K)]
  0x00000226de06e490 JavaThread "Daemon client event forwarder"        [_thread_blocked, id=8136, stack(0x0000006b9ec00000,0x0000006b9ed00000) (1024K)]
  0x00000226de06b010 JavaThread "Cache worker for journal cache (C:\Users\ACER\.gradle\caches\journal-1)"        [_thread_blocked, id=2896, stack(0x0000006b9fa00000,0x0000006b9fb00000) (1024K)]
  0x00000226de06b6a0 JavaThread "File lock request listener"        [_thread_in_native, id=7652, stack(0x0000006b9fb00000,0x0000006b9fc00000) (1024K)]
  0x00000226de06ca50 JavaThread "Cache worker for file hash cache (C:\Users\ACER\.gradle\caches\8.5\fileHashes)"        [_thread_blocked, id=19452, stack(0x0000006b9fc00000,0x0000006b9fd00000) (1024K)]
Total: 27

Other Threads:
  0x00000226d8b3c6c0 VMThread "VM Thread"                           [id=6536, stack(0x0000006b9cf00000,0x0000006b9d000000) (1024K)]
  0x00000226d8863bd0 WatcherThread "VM Periodic Task Thread"        [id=6852, stack(0x0000006b9ce00000,0x0000006b9cf00000) (1024K)]
  0x00000226c02f50f0 WorkerThread "GC Thread#0"                     [id=10540, stack(0x0000006b9c900000,0x0000006b9ca00000) (1024K)]
  0x00000226ddf46f40 WorkerThread "GC Thread#1"                     [id=19000, stack(0x0000006b9db00000,0x0000006b9dc00000) (1024K)]
  0x00000226dda67240 WorkerThread "GC Thread#2"                     [id=544, stack(0x0000006b9df00000,0x0000006b9e000000) (1024K)]
  0x00000226ddc1a780 WorkerThread "GC Thread#3"                     [id=11664, stack(0x0000006b9e000000,0x0000006b9e100000) (1024K)]
  0x00000226ddb95400 WorkerThread "GC Thread#4"                     [id=10496, stack(0x0000006b9e100000,0x0000006b9e200000) (1024K)]
  0x00000226debbe760 WorkerThread "GC Thread#5"                     [id=17560, stack(0x0000006b9ed00000,0x0000006b9ee00000) (1024K)]
  0x00000226debbeb00 WorkerThread "GC Thread#6"                     [id=9856, stack(0x0000006b9ee00000,0x0000006b9ef00000) (1024K)]
  0x00000226debd0800 WorkerThread "GC Thread#7"                     [id=6816, stack(0x0000006b9ef00000,0x0000006b9f000000) (1024K)]
  0x00000226debd0ba0 WorkerThread "GC Thread#8"                     [id=19856, stack(0x0000006b9f000000,0x0000006b9f100000) (1024K)]
  0x00000226debd0f40 WorkerThread "GC Thread#9"                     [id=7160, stack(0x0000006b9f100000,0x0000006b9f200000) (1024K)]
  0x00000226debcf5e0 WorkerThread "GC Thread#10"                    [id=15484, stack(0x0000006b9f200000,0x0000006b9f300000) (1024K)]
  0x00000226debd0460 WorkerThread "GC Thread#11"                    [id=18752, stack(0x0000006b9f300000,0x0000006b9f400000) (1024K)]
  0x00000226debcf980 WorkerThread "GC Thread#12"                    [id=3000, stack(0x0000006b9f400000,0x0000006b9f500000) (1024K)]
  0x00000226debcfd20 WorkerThread "GC Thread#13"                    [id=2084, stack(0x0000006b9f500000,0x0000006b9f600000) (1024K)]
  0x00000226debd00c0 WorkerThread "GC Thread#14"                    [id=3892, stack(0x0000006b9f600000,0x0000006b9f700000) (1024K)]
  0x00000226c0305fe0 ConcurrentGCThread "G1 Main Marker"            [id=10392, stack(0x0000006b9ca00000,0x0000006b9cb00000) (1024K)]
  0x00000226c03069f0 WorkerThread "G1 Conc#0"                       [id=1756, stack(0x0000006b9cb00000,0x0000006b9cc00000) (1024K)]
  0x00000226debf87d0 WorkerThread "G1 Conc#1"                       [id=7916, stack(0x0000006b9f700000,0x0000006b9f800000) (1024K)]
  0x00000226debf5c50 WorkerThread "G1 Conc#2"                       [id=15112, stack(0x0000006b9f800000,0x0000006b9f900000) (1024K)]
  0x00000226debf5ff0 WorkerThread "G1 Conc#3"                       [id=1580, stack(0x0000006b9f900000,0x0000006b9fa00000) (1024K)]
  0x00000226d8736c50 ConcurrentGCThread "G1 Refine#0"               [id=11548, stack(0x0000006b9cc00000,0x0000006b9cd00000) (1024K)]
  0x00000226d8738480 ConcurrentGCThread "G1 Service"                [id=18492, stack(0x0000006b9cd00000,0x0000006b9ce00000) (1024K)]
Total: 24

Threads with active compile tasks:
C2 CompilerThread0    13973 2929       4       java.net.URLClassLoader$1::run (5 bytes)
C2 CompilerThread1    13973 2941       4       java.util.ArrayList::add (25 bytes)
C2 CompilerThread2    13973 2930   !   4       java.net.URLClassLoader$1::run (81 bytes)
Total: 3

VM state: not at safepoint (normal execution)

VM Mutex/Monitor currently owned by a thread: None

Heap address: 0x0000000080000000, size: 2048 MB, Compressed Oops mode: 32-bit

CDS archive(s) not mapped
Compressed class space mapped at: 0x0000000100000000-0x0000000140000000, reserved size: 1073741824
Narrow klass base: 0x0000000000000000, Narrow klass shift: 3, Narrow klass range: 0x140000000

GC Precious Log:
 CardTable entry size: 512
 Card Set container configuration: InlinePtr #cards 5 size 8 Array Of Cards #cards 12 size 40 Howl #buckets 4 coarsen threshold 1843 Howl Bitmap #cards 512 size 80 coarsen threshold 460 Card regions per heap region 1 cards per card region 2048
 CPUs: 20 total, 20 available
 Memory: 7896M
 Large Page Support: Disabled
 NUMA Support: Disabled
 Compressed Oops: Enabled (32-bit)
 Heap Region Size: 1M
 Heap Min Capacity: 8M
 Heap Initial Capacity: 124M
 Heap Max Capacity: 2G
 Pre-touch: Disabled
 Parallel Workers: 15
 Concurrent Workers: 4
 Concurrent Refinement Workers: 15
 Periodic GC: Disabled

Heap:
 garbage-first heap   total 75776K, used 70298K [0x0000000080000000, 0x0000000100000000)
  region size 1024K, 61 young (62464K), 9 survivors (9216K)
 Metaspace       used 29748K, committed 30336K, reserved 1114112K
  class space    used 3866K, committed 4160K, reserved 1048576K

Heap Regions: E=young(eden), S=young(survivor), O=old, HS=humongous(starts), HC=humongous(continues), CS=collection set, F=free, TAMS=top-at-mark-start, PB=parsable bottom
|   0|0x0000000080000000, 0x0000000080100000, 0x0000000080100000|100%|HS|  |TAMS 0x0000000080000000| PB 0x0000000080000000| Complete 
|   1|0x0000000080100000, 0x0000000080200000, 0x0000000080200000|100%|HC|  |TAMS 0x0000000080100000| PB 0x0000000080100000| Complete 
|   2|0x0000000080200000, 0x0000000080300000, 0x0000000080300000|100%|HC|  |TAMS 0x0000000080200000| PB 0x0000000080200000| Complete 
|   3|0x0000000080300000, 0x0000000080400000, 0x0000000080400000|100%|HC|  |TAMS 0x0000000080300000| PB 0x0000000080300000| Complete 
|   4|0x0000000080400000, 0x0000000080500000, 0x0000000080500000|100%| O|  |TAMS 0x0000000080400000| PB 0x0000000080400000| Untracked 
|   5|0x0000000080500000, 0x0000000080600000, 0x0000000080600000|100%| O|  |TAMS 0x0000000080500000| PB 0x0000000080500000| Untracked 
|   6|0x0000000080600000, 0x0000000080700000, 0x0000000080700000|100%| O|  |TAMS 0x0000000080600000| PB 0x0000000080600000| Untracked 
|   7|0x0000000080700000, 0x0000000080800000, 0x0000000080800000|100%| O|  |TAMS 0x0000000080700000| PB 0x0000000080700000| Untracked 
|   8|0x0000000080800000, 0x0000000080900000, 0x0000000080900000|100%| O|  |TAMS 0x0000000080800000| PB 0x0000000080800000| Untracked 
|   9|0x0000000080900000, 0x0000000080a00000, 0x0000000080a00000|100%| O|  |TAMS 0x0000000080900000| PB 0x0000000080900000| Untracked 
|  10|0x0000000080a00000, 0x0000000080a42f70, 0x0000000080b00000| 26%| O|Cm|TAMS 0x0000000080a00000| PB 0x0000000080a00000| Complete 
|  11|0x0000000080b00000, 0x0000000080b00000, 0x0000000080c00000|  0%| F|  |TAMS 0x0000000080b00000| PB 0x0000000080b00000| Untracked 
|  12|0x0000000080c00000, 0x0000000080c00000, 0x0000000080d00000|  0%| F|  |TAMS 0x0000000080c00000| PB 0x0000000080c00000| Untracked 
|  13|0x0000000080d00000, 0x0000000080d66600, 0x0000000080e00000| 39%| E|  |TAMS 0x0000000080d00000| PB 0x0000000080d00000| Complete 
|  14|0x0000000080e00000, 0x0000000080f00000, 0x0000000080f00000|100%| E|CS|TAMS 0x0000000080e00000| PB 0x0000000080e00000| Complete 
|  15|0x0000000080f00000, 0x0000000081000000, 0x0000000081000000|100%| E|CS|TAMS 0x0000000080f00000| PB 0x0000000080f00000| Complete 
|  16|0x0000000081000000, 0x0000000081100000, 0x0000000081100000|100%| E|CS|TAMS 0x0000000081000000| PB 0x0000000081000000| Complete 
|  17|0x0000000081100000, 0x0000000081200000, 0x0000000081200000|100%| E|CS|TAMS 0x0000000081100000| PB 0x0000000081100000| Complete 
|  18|0x0000000081200000, 0x0000000081300000, 0x0000000081300000|100%| E|CS|TAMS 0x0000000081200000| PB 0x0000000081200000| Complete 
|  19|0x0000000081300000, 0x0000000081400000, 0x0000000081400000|100%| E|CS|TAMS 0x0000000081300000| PB 0x0000000081300000| Complete 
|  20|0x0000000081400000, 0x0000000081500000, 0x0000000081500000|100%| E|CS|TAMS 0x0000000081400000| PB 0x0000000081400000| Complete 
|  21|0x0000000081500000, 0x0000000081600000, 0x0000000081600000|100%| E|CS|TAMS 0x0000000081500000| PB 0x0000000081500000| Complete 
|  22|0x0000000081600000, 0x0000000081700000, 0x0000000081700000|100%| E|CS|TAMS 0x0000000081600000| PB 0x0000000081600000| Complete 
|  23|0x0000000081700000, 0x0000000081800000, 0x0000000081800000|100%| E|CS|TAMS 0x0000000081700000| PB 0x0000000081700000| Complete 
|  24|0x0000000081800000, 0x0000000081900000, 0x0000000081900000|100%| E|CS|TAMS 0x0000000081800000| PB 0x0000000081800000| Complete 
|  25|0x0000000081900000, 0x0000000081a00000, 0x0000000081a00000|100%| E|  |TAMS 0x0000000081900000| PB 0x0000000081900000| Complete 
|  26|0x0000000081a00000, 0x0000000081b00000, 0x0000000081b00000|100%| E|CS|TAMS 0x0000000081a00000| PB 0x0000000081a00000| Complete 
|  27|0x0000000081b00000, 0x0000000081c00000, 0x0000000081c00000|100%| E|CS|TAMS 0x0000000081b00000| PB 0x0000000081b00000| Complete 
|  28|0x0000000081c00000, 0x0000000081d00000, 0x0000000081d00000|100%| E|CS|TAMS 0x0000000081c00000| PB 0x0000000081c00000| Complete 
|  29|0x0000000081d00000, 0x0000000081e00000, 0x0000000081e00000|100%| E|CS|TAMS 0x0000000081d00000| PB 0x0000000081d00000| Complete 
|  30|0x0000000081e00000, 0x0000000081f00000, 0x0000000081f00000|100%| E|CS|TAMS 0x0000000081e00000| PB 0x0000000081e00000| Complete 
|  31|0x0000000081f00000, 0x0000000082000000, 0x0000000082000000|100%| E|CS|TAMS 0x0000000081f00000| PB 0x0000000081f00000| Complete 
|  32|0x0000000082000000, 0x0000000082100000, 0x0000000082100000|100%| E|CS|TAMS 0x0000000082000000| PB 0x0000000082000000| Complete 
|  33|0x0000000082100000, 0x0000000082200000, 0x0000000082200000|100%| E|CS|TAMS 0x0000000082100000| PB 0x0000000082100000| Complete 
|  34|0x0000000082200000, 0x0000000082300000, 0x0000000082300000|100%| E|CS|TAMS 0x0000000082200000| PB 0x0000000082200000| Complete 
|  35|0x0000000082300000, 0x0000000082400000, 0x0000000082400000|100%| E|CS|TAMS 0x0000000082300000| PB 0x0000000082300000| Complete 
|  36|0x0000000082400000, 0x0000000082500000, 0x0000000082500000|100%| E|CS|TAMS 0x0000000082400000| PB 0x0000000082400000| Complete 
|  37|0x0000000082500000, 0x0000000082600000, 0x0000000082600000|100%| E|CS|TAMS 0x0000000082500000| PB 0x0000000082500000| Complete 
|  38|0x0000000082600000, 0x0000000082700000, 0x0000000082700000|100%| E|CS|TAMS 0x0000000082600000| PB 0x0000000082600000| Complete 
|  39|0x0000000082700000, 0x0000000082800000, 0x0000000082800000|100%| E|CS|TAMS 0x0000000082700000| PB 0x0000000082700000| Complete 
|  40|0x0000000082800000, 0x0000000082900000, 0x0000000082900000|100%| E|CS|TAMS 0x0000000082800000| PB 0x0000000082800000| Complete 
|  41|0x0000000082900000, 0x0000000082a00000, 0x0000000082a00000|100%| E|CS|TAMS 0x0000000082900000| PB 0x0000000082900000| Complete 
|  42|0x0000000082a00000, 0x0000000082b00000, 0x0000000082b00000|100%| E|CS|TAMS 0x0000000082a00000| PB 0x0000000082a00000| Complete 
|  43|0x0000000082b00000, 0x0000000082c00000, 0x0000000082c00000|100%| E|CS|TAMS 0x0000000082b00000| PB 0x0000000082b00000| Complete 
|  44|0x0000000082c00000, 0x0000000082d00000, 0x0000000082d00000|100%| E|CS|TAMS 0x0000000082c00000| PB 0x0000000082c00000| Complete 
|  45|0x0000000082d00000, 0x0000000082e00000, 0x0000000082e00000|100%| E|CS|TAMS 0x0000000082d00000| PB 0x0000000082d00000| Complete 
|  46|0x0000000082e00000, 0x0000000082f00000, 0x0000000082f00000|100%| E|CS|TAMS 0x0000000082e00000| PB 0x0000000082e00000| Complete 
|  47|0x0000000082f00000, 0x0000000083000000, 0x0000000083000000|100%| E|CS|TAMS 0x0000000082f00000| PB 0x0000000082f00000| Complete 
|  48|0x0000000083000000, 0x0000000083100000, 0x0000000083100000|100%| E|CS|TAMS 0x0000000083000000| PB 0x0000000083000000| Complete 
|  49|0x0000000083100000, 0x0000000083200000, 0x0000000083200000|100%| E|CS|TAMS 0x0000000083100000| PB 0x0000000083100000| Complete 
|  50|0x0000000083200000, 0x0000000083300000, 0x0000000083300000|100%| E|CS|TAMS 0x0000000083200000| PB 0x0000000083200000| Complete 
|  51|0x0000000083300000, 0x0000000083400000, 0x0000000083400000|100%| E|CS|TAMS 0x0000000083300000| PB 0x0000000083300000| Complete 
|  52|0x0000000083400000, 0x0000000083500000, 0x0000000083500000|100%| E|CS|TAMS 0x0000000083400000| PB 0x0000000083400000| Complete 
|  53|0x0000000083500000, 0x0000000083600000, 0x0000000083600000|100%| E|CS|TAMS 0x0000000083500000| PB 0x0000000083500000| Complete 
|  54|0x0000000083600000, 0x0000000083700000, 0x0000000083700000|100%| E|CS|TAMS 0x0000000083600000| PB 0x0000000083600000| Complete 
|  55|0x0000000083700000, 0x0000000083800000, 0x0000000083800000|100%| E|CS|TAMS 0x0000000083700000| PB 0x0000000083700000| Complete 
|  56|0x0000000083800000, 0x0000000083900000, 0x0000000083900000|100%| E|CS|TAMS 0x0000000083800000| PB 0x0000000083800000| Complete 
|  57|0x0000000083900000, 0x0000000083a00000, 0x0000000083a00000|100%| E|CS|TAMS 0x0000000083900000| PB 0x0000000083900000| Complete 
|  58|0x0000000083a00000, 0x0000000083b00000, 0x0000000083b00000|100%| E|CS|TAMS 0x0000000083a00000| PB 0x0000000083a00000| Complete 
|  59|0x0000000083b00000, 0x0000000083c00000, 0x0000000083c00000|100%| E|CS|TAMS 0x0000000083b00000| PB 0x0000000083b00000| Complete 
|  60|0x0000000083c00000, 0x0000000083d00000, 0x0000000083d00000|100%| E|CS|TAMS 0x0000000083c00000| PB 0x0000000083c00000| Complete 
|  61|0x0000000083d00000, 0x0000000083e00000, 0x0000000083e00000|100%| E|CS|TAMS 0x0000000083d00000| PB 0x0000000083d00000| Complete 
|  62|0x0000000083e00000, 0x0000000083f00000, 0x0000000083f00000|100%| E|CS|TAMS 0x0000000083e00000| PB 0x0000000083e00000| Complete 
|  71|0x0000000084700000, 0x0000000084763988, 0x0000000084800000| 38%| S|CS|TAMS 0x0000000084700000| PB 0x0000000084700000| Complete 
|  72|0x0000000084800000, 0x0000000084900000, 0x0000000084900000|100%| S|CS|TAMS 0x0000000084800000| PB 0x0000000084800000| Complete 
|  73|0x0000000084900000, 0x0000000084a00000, 0x0000000084a00000|100%| S|CS|TAMS 0x0000000084900000| PB 0x0000000084900000| Complete 
|  74|0x0000000084a00000, 0x0000000084b00000, 0x0000000084b00000|100%| S|CS|TAMS 0x0000000084a00000| PB 0x0000000084a00000| Complete 
|  75|0x0000000084b00000, 0x0000000084c00000, 0x0000000084c00000|100%| S|CS|TAMS 0x0000000084b00000| PB 0x0000000084b00000| Complete 
|  76|0x0000000084c00000, 0x0000000084d00000, 0x0000000084d00000|100%| S|CS|TAMS 0x0000000084c00000| PB 0x0000000084c00000| Complete 
|  77|0x0000000084d00000, 0x0000000084e00000, 0x0000000084e00000|100%| S|CS|TAMS 0x0000000084d00000| PB 0x0000000084d00000| Complete 
|  78|0x0000000084e00000, 0x0000000084f00000, 0x0000000084f00000|100%| S|CS|TAMS 0x0000000084e00000| PB 0x0000000084e00000| Complete 
|  79|0x0000000084f00000, 0x0000000085000000, 0x0000000085000000|100%| S|CS|TAMS 0x0000000084f00000| PB 0x0000000084f00000| Complete 
| 122|0x0000000087a00000, 0x0000000087b00000, 0x0000000087b00000|100%| E|CS|TAMS 0x0000000087a00000| PB 0x0000000087a00000| Complete 
| 123|0x0000000087b00000, 0x0000000087c00000, 0x0000000087c00000|100%| E|CS|TAMS 0x0000000087b00000| PB 0x0000000087b00000| Complete 

Card table byte_map: [0x00000226d32a0000,0x00000226d36a0000] _byte_map_base: 0x00000226d2ea0000

Marking Bits: (CMBitMap*) 0x00000226c02f5700
 Bits: [0x00000226d36a0000, 0x00000226d56a0000)

Polling page: 0x00000226bf960000

Metaspace:

Usage:
  Non-class:     25.28 MB used.
      Class:      3.78 MB used.
       Both:     29.06 MB used.

Virtual space:
  Non-class space:       64.00 MB reserved,      25.56 MB ( 40%) committed,  1 nodes.
      Class space:        1.00 GB reserved,       4.06 MB ( <1%) committed,  1 nodes.
             Both:        1.06 GB reserved,      29.62 MB (  3%) committed. 

Chunk freelists:
   Non-Class:  6.14 MB
       Class:  11.91 MB
        Both:  18.05 MB

MaxMetaspaceSize: unlimited
CompressedClassSpaceSize: 1.00 GB
Initial GC threshold: 21.00 MB
Current GC threshold: 35.12 MB
CDS: off
 - commit_granule_bytes: 65536.
 - commit_granule_words: 8192.
 - virtual_space_node_default_size: 8388608.
 - enlarge_chunks_in_place: 1.
 - use_allocation_guard: 0.


Internal statistics:

num_allocs_failed_limit: 3.
num_arena_births: 780.
num_arena_deaths: 0.
num_vsnodes_births: 2.
num_vsnodes_deaths: 0.
num_space_committed: 474.
num_space_uncommitted: 0.
num_chunks_returned_to_freelist: 3.
num_chunks_taken_from_freelist: 1586.
num_chunk_merges: 3.
num_chunk_splits: 1020.
num_chunks_enlarged: 674.
num_inconsistent_stats: 0.

CodeHeap 'non-profiled nmethods': size=119168Kb used=1543Kb max_used=1543Kb free=117624Kb
 bounds [0x00000226caf80000, 0x00000226cb1f0000, 0x00000226d23e0000]
CodeHeap 'profiled nmethods': size=119104Kb used=6152Kb max_used=6152Kb free=112951Kb
 bounds [0x00000226c33e0000, 0x00000226c39f0000, 0x00000226ca830000]
CodeHeap 'non-nmethods': size=7488Kb used=2034Kb max_used=3213Kb free=5453Kb
 bounds [0x00000226ca830000, 0x00000226cabb0000, 0x00000226caf80000]
 total_blobs=3602 nmethods=3030 adapters=475
 compilation: enabled
              stopped_count=0, restarted_count=0
 full_count=0

Compilation events (20 events):
Event: 11.910 Thread 0x00000226de12f350 nmethod 3015 0x00000226c39dc690 code [0x00000226c39dc840, 0x00000226c39dca38]
Event: 11.910 Thread 0x00000226d8bd40e0 nmethod 3014 0x00000226c39dcb10 code [0x00000226c39dccc0, 0x00000226c39dce58]
Event: 11.921 Thread 0x00000226d8bd40e0 3016       3       sun.reflect.generics.repository.AbstractRepository::getReifier (8 bytes)
Event: 11.921 Thread 0x00000226d8bd40e0 nmethod 3016 0x00000226c39dcf10 code [0x00000226c39dd0c0, 0x00000226c39dd3a8]
Event: 11.972 Thread 0x00000226de988480 3017       3       java.util.concurrent.TimeUnit::toNanos (45 bytes)
Event: 11.972 Thread 0x00000226de988480 nmethod 3017 0x00000226c39dd510 code [0x00000226c39dd6c0, 0x00000226c39dd928]
Event: 12.035 Thread 0x00000226d8bd40e0 3018       3       jdk.internal.misc.Unsafe::putReferenceOpaque (9 bytes)
Event: 12.035 Thread 0x00000226d8bd40e0 nmethod 3018 0x00000226c39dd990 code [0x00000226c39ddb20, 0x00000226c39ddc80]
Event: 12.066 Thread 0x00000226d8bd40e0 3019       3       java.util.concurrent.locks.AbstractQueuedSynchronizer$ConditionObject::canReacquire (38 bytes)
Event: 12.067 Thread 0x00000226d8bd40e0 nmethod 3019 0x00000226c39ddd10 code [0x00000226c39ddee0, 0x00000226c39de250]
Event: 12.097 Thread 0x00000226d8bd40e0 3020       3       java.util.concurrent.locks.LockSupport::setBlocker (12 bytes)
Event: 12.098 Thread 0x00000226d8bd40e0 nmethod 3020 0x00000226c39de390 code [0x00000226c39de540, 0x00000226c39de740]
Event: 12.240 Thread 0x00000226d8bd40e0 3021       1       jdk.internal.event.ThreadSleepEvent::isEnabled (2 bytes)
Event: 12.241 Thread 0x00000226d8bd40e0 nmethod 3021 0x00000226cb0ec710 code [0x00000226cb0ec8a0, 0x00000226cb0ec968]
Event: 12.241 Thread 0x00000226de988480 3022       1       org.gradle.launcher.daemon.server.exec.DaemonConnectionBackedEventConsumer::access$000 (5 bytes)
Event: 12.241 Thread 0x00000226de988480 nmethod 3022 0x00000226cb0eca10 code [0x00000226cb0ecba0, 0x00000226cb0ecc50]
Event: 12.288 Thread 0x00000226d8d98760 3023       3       java.lang.Thread::isVirtual (5 bytes)
Event: 12.288 Thread 0x00000226d8d98760 nmethod 3023 0x00000226c39de810 code [0x00000226c39de9c0, 0x00000226c39debb8]
Event: 12.430 Thread 0x00000226d8d98760 3025       3       jdk.internal.misc.Unsafe::weakCompareAndSetInt (11 bytes)
Event: 12.431 Thread 0x00000226d8d98760 nmethod 3025 0x00000226c39dec90 code [0x00000226c39dee20, 0x00000226c39def48]

GC Heap History (6 events):
Event: 5.862 GC heap before
{Heap before GC invocations=0 (full 0):
 garbage-first heap   total 126976K, used 26624K [0x0000000080000000, 0x0000000100000000)
  region size 1024K, 23 young (23552K), 0 survivors (0K)
 Metaspace       used 10775K, committed 10944K, reserved 1114112K
  class space    used 1129K, committed 1216K, reserved 1048576K
}
Event: 5.871 GC heap after
{Heap after GC invocations=1 (full 0):
 garbage-first heap   total 126976K, used 10600K [0x0000000080000000, 0x0000000100000000)
  region size 1024K, 3 young (3072K), 3 survivors (3072K)
 Metaspace       used 10775K, committed 10944K, reserved 1114112K
  class space    used 1129K, committed 1216K, reserved 1048576K
}
Event: 8.299 GC heap before
{Heap before GC invocations=1 (full 0):
 garbage-first heap   total 126976K, used 39272K [0x0000000080000000, 0x0000000100000000)
  region size 1024K, 31 young (31744K), 3 survivors (3072K)
 Metaspace       used 11935K, committed 12032K, reserved 1114112K
  class space    used 1249K, committed 1280K, reserved 1048576K
}
Event: 8.303 GC heap after
{Heap after GC invocations=2 (full 0):
 garbage-first heap   total 126976K, used 11328K [0x0000000080000000, 0x0000000100000000)
  region size 1024K, 1 young (1024K), 1 survivors (1024K)
 Metaspace       used 11935K, committed 12032K, reserved 1114112K
  class space    used 1249K, committed 1280K, reserved 1048576K
}
Event: 9.114 GC heap before
{Heap before GC invocations=2 (full 0):
 garbage-first heap   total 126976K, used 54336K [0x0000000080000000, 0x0000000100000000)
  region size 1024K, 44 young (45056K), 1 survivors (1024K)
 Metaspace       used 21213K, committed 21504K, reserved 1114112K
  class space    used 2473K, committed 2624K, reserved 1048576K
}
Event: 9.119 GC heap after
{Heap after GC invocations=3 (full 0):
 garbage-first heap   total 126976K, used 19098K [0x0000000080000000, 0x0000000100000000)
  region size 1024K, 9 young (9216K), 9 survivors (9216K)
 Metaspace       used 21213K, committed 21504K, reserved 1114112K
  class space    used 2473K, committed 2624K, reserved 1048576K
}

Dll operation events (3 events):
Event: 0.015 Loaded shared library E:\LapTrinhMoblie\Setting\AndroidStudio\jbr\bin\java.dll
Event: 0.026 Loaded shared library E:\LapTrinhMoblie\Setting\AndroidStudio\jbr\bin\zip.dll
Event: 0.541 Loaded shared library E:\LapTrinhMoblie\Setting\AndroidStudio\jbr\bin\verify.dll

Deoptimization events (20 events):
Event: 9.688 Thread 0x00000226ddfe3a00 DEOPT PACKING pc=0x00000226cb056264 sp=0x0000006b9e9fa540
Event: 9.688 Thread 0x00000226ddfe3a00 DEOPT UNPACKING pc=0x00000226ca8846a2 sp=0x0000006b9e9fa4b0 mode 2
Event: 9.791 Thread 0x00000226ddfe3a00 DEOPT PACKING pc=0x00000226c39a8c69 sp=0x0000006b9e9fba50
Event: 9.791 Thread 0x00000226ddfe3a00 DEOPT UNPACKING pc=0x00000226ca884e42 sp=0x0000006b9e9faf60 mode 0
Event: 9.873 Thread 0x00000226ddfe3a00 Uncommon trap: trap_request=0xffffff45 fr.pc=0x00000226cb0918f8 relative=0x00000000000001b8
Event: 9.873 Thread 0x00000226ddfe3a00 Uncommon trap: reason=unstable_if action=reinterpret pc=0x00000226cb0918f8 method=java.util.HashMap.getNode(Ljava/lang/Object;)Ljava/util/HashMap$Node; @ 131 c2
Event: 9.873 Thread 0x00000226ddfe3a00 DEOPT PACKING pc=0x00000226cb0918f8 sp=0x0000006b9e9fb750
Event: 9.873 Thread 0x00000226ddfe3a00 DEOPT UNPACKING pc=0x00000226ca8846a2 sp=0x0000006b9e9fb660 mode 2
Event: 9.873 Thread 0x00000226ddfe3a00 Uncommon trap: trap_request=0xffffff45 fr.pc=0x00000226cb0a1874 relative=0x0000000000000774
Event: 9.873 Thread 0x00000226ddfe3a00 Uncommon trap: reason=unstable_if action=reinterpret pc=0x00000226cb0a1874 method=java.util.HashMap.putVal(ILjava/lang/Object;Ljava/lang/Object;ZZ)Ljava/lang/Object; @ 206 c2
Event: 9.873 Thread 0x00000226ddfe3a00 DEOPT PACKING pc=0x00000226cb0a1874 sp=0x0000006b9e9fb710
Event: 9.873 Thread 0x00000226ddfe3a00 DEOPT UNPACKING pc=0x00000226ca8846a2 sp=0x0000006b9e9fb640 mode 2
Event: 9.873 Thread 0x00000226ddfe3a00 Uncommon trap: trap_request=0xffffff45 fr.pc=0x00000226cb08a838 relative=0x0000000000000738
Event: 9.873 Thread 0x00000226ddfe3a00 Uncommon trap: reason=unstable_if action=reinterpret pc=0x00000226cb08a838 method=java.util.HashMap.putVal(ILjava/lang/Object;Ljava/lang/Object;ZZ)Ljava/lang/Object; @ 206 c2
Event: 9.873 Thread 0x00000226ddfe3a00 DEOPT PACKING pc=0x00000226cb08a838 sp=0x0000006b9e9fb680
Event: 9.873 Thread 0x00000226ddfe3a00 DEOPT UNPACKING pc=0x00000226ca8846a2 sp=0x0000006b9e9fb638 mode 2
Event: 9.879 Thread 0x00000226ddfe3a00 Uncommon trap: trap_request=0xffffffcc fr.pc=0x00000226cb0e6cfc relative=0x000000000000033c
Event: 9.879 Thread 0x00000226ddfe3a00 Uncommon trap: reason=intrinsic_or_type_checked_inlining action=make_not_entrant pc=0x00000226cb0e6cfc method=java.util.Arrays.copyOf([Ljava/lang/Object;ILjava/lang/Class;)[Ljava/lang/Object; @ 35 c2
Event: 9.879 Thread 0x00000226ddfe3a00 DEOPT PACKING pc=0x00000226cb0e6cfc sp=0x0000006b9e9fb8d0
Event: 9.879 Thread 0x00000226ddfe3a00 DEOPT UNPACKING pc=0x00000226ca8846a2 sp=0x0000006b9e9fb860 mode 2

Classes loaded (20 events):
Event: 9.690 Loading class java/util/concurrent/LinkedBlockingDeque$Node
Event: 9.690 Loading class java/util/concurrent/LinkedBlockingDeque$Node done
Event: 9.691 Loading class java/util/stream/ReduceOps$1
Event: 9.691 Loading class java/util/stream/ReduceOps$1 done
Event: 9.691 Loading class java/util/stream/ReduceOps$1ReducingSink
Event: 9.691 Loading class java/util/stream/ReduceOps$1ReducingSink done
Event: 9.708 Loading class java/util/regex/Pattern$Dollar
Event: 9.708 Loading class java/util/regex/Pattern$Dollar done
Event: 9.722 Loading class java/lang/ThreadLocal$SuppliedThreadLocal
Event: 9.722 Loading class java/lang/ThreadLocal$SuppliedThreadLocal done
Event: 9.830 Loading class javax/xml/parsers/ParserConfigurationException
Event: 9.831 Loading class javax/xml/parsers/ParserConfigurationException done
Event: 9.831 Loading class org/xml/sax/SAXException
Event: 9.831 Loading class org/xml/sax/SAXException done
Event: 9.831 Loading class javax/xml/xpath/XPathExpressionException
Event: 9.831 Loading class javax/xml/xpath/XPathException
Event: 9.831 Loading class javax/xml/xpath/XPathException done
Event: 9.831 Loading class javax/xml/xpath/XPathExpressionException done
Event: 9.831 Loading class org/xml/sax/ErrorHandler
Event: 9.832 Loading class org/xml/sax/ErrorHandler done

Classes unloaded (0 events):
No events

Classes redefined (0 events):
No events

Internal exceptions (20 events):
Event: 9.503 Thread 0x00000226ddfe3a00 Exception <a 'java/lang/NoSuchMethodError'{0x000000008283e560}: 'java.lang.Object java.lang.invoke.DirectMethodHandle$Holder.invokeStatic(java.lang.Object, java.lang.Object, java.lang.Object, java.lang.Object, java.lang.Object, java.lang.Object, java.lang.Object, java.lang.Object, java.lang.Object, java.lang.Object, java.lang.Object, java.lang.Object, java.lang.Object, java.lang.Object, java.lang.Object, java.lang.Object, java.lang.Object, java.lang.Object, java.lang.Object)'> (0x000000008283e560) 
thrown 
Event: 9.504 Thread 0x00000226ddfe3a00 Exception <a 'java/lang/NoSuchMethodError'{0x0000000082869c60}: 'java.lang.Object java.lang.invoke.DirectMethodHandle$Holder.invokeStatic(java.lang.Object, java.lang.Object, java.lang.Object, java.lang.Object, java.lang.Object, java.lang.Object, java.lang.Object, java.lang.Object, java.lang.Object, java.lang.Object, java.lang.Object, java.lang.Object, java.lang.Object, java.lang.Object, java.lang.Object, java.lang.Object, java.lang.Object, java.lang.Object, java.lang.Object, java.lang.Object)'> (0x00000000
Event: 9.506 Thread 0x00000226ddfe3a00 Exception <a 'java/lang/NoSuchMethodError'{0x0000000082895a80}: 'java.lang.Object java.lang.invoke.DirectMethodHandle$Holder.invokeStatic(java.lang.Object, java.lang.Object, java.lang.Object, java.lang.Object, java.lang.Object, java.lang.Object, java.lang.Object, java.lang.Object, java.lang.Object, java.lang.Object, java.lang.Object, java.lang.Object, java.lang.Object, java.lang.Object, java.lang.Object, java.lang.Object, java.lang.Object, java.lang.Object, java.lang.Object, java.lang.Object, java.lang.Obj
Event: 9.507 Thread 0x00000226ddfe3a00 Exception <a 'java/lang/NoSuchMethodError'{0x00000000828c2610}: 'java.lang.Object java.lang.invoke.DirectMethodHandle$Holder.invokeStatic(java.lang.Object, java.lang.Object, java.lang.Object, java.lang.Object, java.lang.Object, java.lang.Object, java.lang.Object, java.lang.Object, java.lang.Object, java.lang.Object, java.lang.Object, java.lang.Object, java.lang.Object, java.lang.Object, java.lang.Object, java.lang.Object, java.lang.Object, java.lang.Object, java.lang.Object, java.lang.Object, java.lang.Obj
Event: 9.508 Thread 0x00000226ddfe3a00 Exception <a 'java/lang/NoSuchMethodError'{0x00000000828f0310}: 'java.lang.Object java.lang.invoke.DirectMethodHandle$Holder.invokeStatic(java.lang.Object, java.lang.Object, java.lang.Object, java.lang.Object, java.lang.Object, java.lang.Object, java.lang.Object, java.lang.Object, java.lang.Object, java.lang.Object, java.lang.Object, java.lang.Object, java.lang.Object, java.lang.Object, java.lang.Object, java.lang.Object, java.lang.Object, java.lang.Object, java.lang.Object, java.lang.Object, java.lang.Obj
Event: 9.509 Thread 0x00000226ddfe3a00 Exception <a 'java/lang/NoSuchMethodError'{0x000000008271ea48}: 'java.lang.Object java.lang.invoke.DirectMethodHandle$Holder.invokeStatic(java.lang.Object, java.lang.Object, java.lang.Object, java.lang.Object, java.lang.Object, java.lang.Object, java.lang.Object, java.lang.Object, java.lang.Object, java.lang.Object, java.lang.Object, java.lang.Object, java.lang.Object, java.lang.Object, java.lang.Object, java.lang.Object, java.lang.Object, java.lang.Object, java.lang.Object, java.lang.Object, java.lang.Obj
Event: 9.510 Thread 0x00000226ddfe3a00 Exception <a 'java/lang/NoSuchMethodError'{0x000000008274ec60}: 'java.lang.Object java.lang.invoke.DirectMethodHandle$Holder.invokeStatic(java.lang.Object, java.lang.Object, java.lang.Object, java.lang.Object, java.lang.Object, java.lang.Object, java.lang.Object, java.lang.Object, java.lang.Object, java.lang.Object, java.lang.Object, java.lang.Object, java.lang.Object, java.lang.Object, java.lang.Object, java.lang.Object, java.lang.Object, java.lang.Object, java.lang.Object, java.lang.Object, java.lang.Obj
Event: 9.657 Thread 0x00000226ddfe3a00 Exception <a 'java/lang/IncompatibleClassChangeError'{0x0000000081e64268}: Found class java.lang.Object, but interface was expected> (0x0000000081e64268) 
thrown [s\src\hotspot\share\interpreter\linkResolver.cpp, line 851]
Event: 9.690 Thread 0x00000226ddfe3a00 Exception <a 'java/lang/NoSuchMethodError'{0x0000000081c5df78}: 'int java.lang.invoke.DirectMethodHandle$Holder.invokeSpecialIFC(java.lang.Object, java.lang.Object, java.lang.Object, java.lang.Object)'> (0x0000000081c5df78) 
thrown [s\src\hotspot\share\interpreter\linkResolver.cpp, line 784]
Event: 9.691 Thread 0x00000226ddfe3a00 Exception <a 'java/lang/NoSuchMethodError'{0x0000000081c95250}: 'java.lang.Object java.lang.invoke.DirectMethodHandle$Holder.invokeInterface(java.lang.Object, java.lang.Object, java.lang.Object)'> (0x0000000081c95250) 
thrown [s\src\hotspot\share\interpreter\linkResolver.cpp, line 784]
Event: 9.691 Thread 0x00000226ddfe3a00 Exception <a 'java/lang/IncompatibleClassChangeError'{0x0000000081c98b98}: Found class java.lang.Object, but interface was expected> (0x0000000081c98b98) 
thrown [s\src\hotspot\share\interpreter\linkResolver.cpp, line 851]
Event: 9.703 Thread 0x00000226ddfe3a00 Exception <a 'java/lang/NoSuchMethodError'{0x0000000081b8dce0}: 'java.lang.Object java.lang.invoke.DirectMethodHandle$Holder.newInvokeSpecial(java.lang.Object, java.lang.Object, java.lang.Object, java.lang.Object, java.lang.Object, java.lang.Object, java.lang.Object, java.lang.Object, java.lang.Object, java.lang.Object, java.lang.Object, java.lang.Object, java.lang.Object, java.lang.Object)'> (0x0000000081b8dce0) 
thrown [s\src\hotspot\share\interpreter\linkResolver.cpp, line 784]
Event: 9.703 Thread 0x00000226ddfe3a00 Exception <a 'java/lang/NoSuchMethodError'{0x0000000081b93390}: 'java.lang.Object java.lang.invoke.DirectMethodHandle$Holder.invokeSpecial(java.lang.Object, java.lang.Object, java.lang.Object, java.lang.Object, java.lang.Object, java.lang.Object, java.lang.Object, java.lang.Object, java.lang.Object, java.lang.Object, java.lang.Object, java.lang.Object, java.lang.Object, java.lang.Object, java.lang.Object)'> (0x0000000081b93390) 
thrown [s\src\hotspot\share\interpreter\linkResolver.cpp, line 784]
Event: 9.703 Thread 0x00000226ddfe3a00 Exception <a 'java/lang/NoSuchMethodError'{0x0000000081b97cd0}: 'java.lang.Object java.lang.invoke.DelegatingMethodHandle$Holder.reinvoke_L(java.lang.Object, java.lang.Object, java.lang.Object, java.lang.Object, java.lang.Object, java.lang.Object, java.lang.Object, java.lang.Object, java.lang.Object, java.lang.Object, java.lang.Object, java.lang.Object, java.lang.Object, java.lang.Object)'> (0x0000000081b97cd0) 
thrown [s\src\hotspot\share\interpreter\linkResolver.cpp, line 784]
Event: 9.727 Thread 0x00000226ddfe3a00 Exception <a 'java/lang/NoSuchMethodError'{0x0000000081935c08}: 'java.lang.Object java.lang.invoke.DirectMethodHandle$Holder.invokeVirtual(java.lang.Object, java.lang.Object, java.lang.Object, java.lang.Object, java.lang.Object, java.lang.Object, java.lang.Object, java.lang.Object, java.lang.Object, java.lang.Object, java.lang.Object, java.lang.Object, java.lang.Object, java.lang.Object, java.lang.Object, java.lang.Object, java.lang.Object, java.lang.Object, java.lang.Object, java.lang.Object, java.lang.Ob
Event: 9.727 Thread 0x00000226ddfe3a00 Exception <a 'java/lang/NoSuchMethodError'{0x000000008193beb0}: 'java.lang.Object java.lang.invoke.DirectMethodHandle$Holder.invokeSpecial(java.lang.Object, java.lang.Object, java.lang.Object, java.lang.Object, java.lang.Object, java.lang.Object, java.lang.Object, java.lang.Object, java.lang.Object, java.lang.Object, java.lang.Object, java.lang.Object, java.lang.Object, java.lang.Object, java.lang.Object, java.lang.Object, java.lang.Object, java.lang.Object, java.lang.Object, java.lang.Object, java.lang.Ob
Event: 9.727 Thread 0x00000226ddfe3a00 Exception <a 'java/lang/NoSuchMethodError'{0x0000000081941728}: 'java.lang.Object java.lang.invoke.DelegatingMethodHandle$Holder.reinvoke_L(java.lang.Object, java.lang.Object, java.lang.Object, java.lang.Object, java.lang.Object, java.lang.Object, java.lang.Object, java.lang.Object, java.lang.Object, java.lang.Object, java.lang.Object, java.lang.Object, java.lang.Object, java.lang.Object, java.lang.Object, java.lang.Object, java.lang.Object, java.lang.Object, java.lang.Object, java.lang.Object, java.lang.O
Event: 9.733 Thread 0x00000226ddfe3a00 Exception <a 'java/lang/NoSuchMethodError'{0x0000000081819668}: 'int java.lang.invoke.DirectMethodHandle$Holder.invokeStatic(java.lang.Object, java.lang.Object, java.lang.Object, java.lang.Object)'> (0x0000000081819668) 
thrown [s\src\hotspot\share\interpreter\linkResolver.cpp, line 784]
Event: 9.780 Thread 0x00000226ddfe3a00 Exception <a 'java/lang/NoSuchMethodError'{0x0000000081580148}: 'java.lang.Object java.lang.invoke.DirectMethodHandle$Holder.invokeSpecial(java.lang.Object, java.lang.Object, java.lang.Object, java.lang.Object, java.lang.Object, java.lang.Object, java.lang.Object, java.lang.Object, java.lang.Object, java.lang.Object, java.lang.Object, java.lang.Object, java.lang.Object, java.lang.Object, java.lang.Object, java.lang.Object, java.lang.Object, java.lang.Object, java.lang.Object, java.lang.Object, java.lang.Ob
Event: 9.881 Thread 0x00000226ddfe3a00 Exception <a 'java/lang/NoSuchMethodError'{0x0000000080f63860}: 'java.lang.Object java.lang.invoke.DirectMethodHandle$Holder.newInvokeSpecial(java.lang.Object, java.lang.Object, java.lang.Object, java.lang.Object, java.lang.Object, java.lang.Object, java.lang.Object)'> (0x0000000080f63860) 
thrown [s\src\hotspot\share\interpreter\linkResolver.cpp, line 784]

ZGC Phase Switch (0 events):
No events

VM Operations (20 events):
Event: 8.915 Executing VM operation: HandshakeAllThreads (Deoptimize) done
Event: 8.956 Executing VM operation: HandshakeAllThreads (Deoptimize)
Event: 8.956 Executing VM operation: HandshakeAllThreads (Deoptimize) done
Event: 9.114 Executing VM operation: CollectForMetadataAllocation (Metadata GC Threshold)
Event: 9.120 Executing VM operation: CollectForMetadataAllocation (Metadata GC Threshold) done
Event: 9.124 Executing VM operation: G1PauseRemark
Event: 9.125 Executing VM operation: G1PauseRemark done
Event: 9.126 Executing VM operation: G1PauseCleanup
Event: 9.130 Executing VM operation: G1PauseCleanup done
Event: 9.405 Executing VM operation: HandshakeAllThreads (Deoptimize)
Event: 9.405 Executing VM operation: HandshakeAllThreads (Deoptimize) done
Event: 9.517 Executing VM operation: HandshakeAllThreads (Deoptimize)
Event: 9.517 Executing VM operation: HandshakeAllThreads (Deoptimize) done
Event: 9.517 Executing VM operation: HandshakeAllThreads (Deoptimize)
Event: 9.517 Executing VM operation: HandshakeAllThreads (Deoptimize) done
Event: 9.714 Executing VM operation: ICBufferFull
Event: 9.714 Executing VM operation: ICBufferFull done
Event: 10.723 Executing VM operation: Cleanup
Event: 11.910 Executing VM operation: Cleanup done
Event: 12.914 Executing VM operation: Cleanup

Events (20 events):
Event: 7.084 Thread 0x00000226dde50330 Thread added: 0x00000226dde50330
Event: 8.220 Thread 0x00000226dde50330 Thread exited: 0x00000226dde50330
Event: 8.592 Thread 0x00000226de988480 Thread added: 0x00000226de988480
Event: 8.592 Thread 0x00000226de12f350 Thread added: 0x00000226de12f350
Event: 8.652 Loaded shared library E:\LapTrinhMoblie\Setting\AndroidStudio\jbr\bin\management.dll
Event: 8.655 Loaded shared library E:\LapTrinhMoblie\Setting\AndroidStudio\jbr\bin\management_ext.dll
Event: 8.689 Thread 0x00000226de04ffc0 Thread added: 0x00000226de04ffc0
Event: 8.856 Loaded shared library E:\LapTrinhMoblie\Setting\AndroidStudio\jbr\bin\extnet.dll
Event: 8.888 Thread 0x00000226ddf43fd0 Thread added: 0x00000226ddf43fd0
Event: 8.938 Thread 0x00000226dee09e00 Thread added: 0x00000226dee09e00
Event: 8.995 Thread 0x00000226de7c6fe0 Thread added: 0x00000226de7c6fe0
Event: 8.997 Thread 0x00000226de7c7650 Thread added: 0x00000226de7c7650
Event: 9.051 Thread 0x00000226de9b4e10 Thread added: 0x00000226de9b4e10
Event: 9.056 Thread 0x00000226ddfe3a00 Thread added: 0x00000226ddfe3a00
Event: 9.064 Thread 0x00000226de06d770 Thread added: 0x00000226de06d770
Event: 9.067 Thread 0x00000226de06de00 Thread added: 0x00000226de06de00
Event: 9.070 Thread 0x00000226de06e490 Thread added: 0x00000226de06e490
Event: 9.405 Thread 0x00000226de06b010 Thread added: 0x00000226de06b010
Event: 9.412 Thread 0x00000226de06b6a0 Thread added: 0x00000226de06b6a0
Event: 9.664 Thread 0x00000226de06ca50 Thread added: 0x00000226de06ca50


Dynamic libraries:
0x00007ff7a04c0000 - 0x00007ff7a04ca000 	E:\LapTrinhMoblie\Setting\AndroidStudio\jbr\bin\java.exe
0x00007ffe04a60000 - 0x00007ffe04cc3000 	C:\WINDOWS\SYSTEM32\ntdll.dll
0x00007ffe03410000 - 0x00007ffe034d7000 	C:\WINDOWS\System32\KERNEL32.DLL
0x00007ffe01f80000 - 0x00007ffe02349000 	C:\WINDOWS\System32\KERNELBASE.dll
0x00007ffe026a0000 - 0x00007ffe027ec000 	C:\WINDOWS\System32\ucrtbase.dll
0x00007ffd593c0000 - 0x00007ffd593d8000 	E:\LapTrinhMoblie\Setting\AndroidStudio\jbr\bin\jli.dll
0x00007ffdd9200000 - 0x00007ffdd921b000 	E:\LapTrinhMoblie\Setting\AndroidStudio\jbr\bin\VCRUNTIME140.dll
0x00007ffe02ee0000 - 0x00007ffe030aa000 	C:\WINDOWS\System32\USER32.dll
0x00007ffde7880000 - 0x00007ffde7b10000 	C:\WINDOWS\WinSxS\amd64_microsoft.windows.common-controls_6595b64144ccf1df_6.0.26100.3323_none_3e088096e3344490\COMCTL32.dll
0x00007ffe01f50000 - 0x00007ffe01f77000 	C:\WINDOWS\System32\win32u.dll
0x00007ffe04940000 - 0x00007ffe0496a000 	C:\WINDOWS\System32\GDI32.dll
0x00007ffe03ca0000 - 0x00007ffe03d49000 	C:\WINDOWS\System32\msvcrt.dll
0x00007ffe02410000 - 0x00007ffe02541000 	C:\WINDOWS\System32\gdi32full.dll
0x00007ffe02550000 - 0x00007ffe025f3000 	C:\WINDOWS\System32\msvcp_win.dll
0x00007ffe029e0000 - 0x00007ffe02a0f000 	C:\WINDOWS\System32\IMM32.DLL
0x00007ffdd9440000 - 0x00007ffdd944c000 	E:\LapTrinhMoblie\Setting\AndroidStudio\jbr\bin\vcruntime140_1.dll
0x00007ffd58580000 - 0x00007ffd5860d000 	E:\LapTrinhMoblie\Setting\AndroidStudio\jbr\bin\msvcp140.dll
0x00007ffd631f0000 - 0x00007ffd63e6d000 	E:\LapTrinhMoblie\Setting\AndroidStudio\jbr\bin\server\jvm.dll
0x00007ffe03350000 - 0x00007ffe03402000 	C:\WINDOWS\System32\ADVAPI32.dll
0x00007ffe04970000 - 0x00007ffe04a16000 	C:\WINDOWS\System32\sechost.dll
0x00007ffe02a20000 - 0x00007ffe02b36000 	C:\WINDOWS\System32\RPCRT4.dll
0x00007ffe02c50000 - 0x00007ffe02cc4000 	C:\WINDOWS\System32\WS2_32.dll
0x00007ffe00910000 - 0x00007ffe0095e000 	C:\WINDOWS\SYSTEM32\POWRPROF.dll
0x00007ffdf4560000 - 0x00007ffdf4596000 	C:\WINDOWS\SYSTEM32\WINMM.dll
0x00007ffdf8930000 - 0x00007ffdf893b000 	C:\WINDOWS\SYSTEM32\VERSION.dll
0x00007ffe008f0000 - 0x00007ffe00904000 	C:\WINDOWS\SYSTEM32\UMPDC.dll
0x00007ffe00af0000 - 0x00007ffe00b0a000 	C:\WINDOWS\SYSTEM32\kernel.appcore.dll
0x00007ffdd91f0000 - 0x00007ffdd91fa000 	E:\LapTrinhMoblie\Setting\AndroidStudio\jbr\bin\jimage.dll
0x00007ffdff450000 - 0x00007ffdff691000 	C:\WINDOWS\SYSTEM32\DBGHELP.DLL
0x00007ffe04590000 - 0x00007ffe04912000 	C:\WINDOWS\System32\combase.dll
0x00007ffe03d60000 - 0x00007ffe03e36000 	C:\WINDOWS\System32\OLEAUT32.dll
0x00007ffde2430000 - 0x00007ffde2469000 	C:\WINDOWS\SYSTEM32\dbgcore.DLL
0x00007ffe02600000 - 0x00007ffe02699000 	C:\WINDOWS\System32\bcryptPrimitives.dll
0x00007ffd593b0000 - 0x00007ffd593be000 	E:\LapTrinhMoblie\Setting\AndroidStudio\jbr\bin\instrument.dll
0x00007ffdd0b20000 - 0x00007ffdd0b3f000 	E:\LapTrinhMoblie\Setting\AndroidStudio\jbr\bin\java.dll
0x00007ffdd0b00000 - 0x00007ffdd0b18000 	E:\LapTrinhMoblie\Setting\AndroidStudio\jbr\bin\zip.dll
0x00007ffe03e70000 - 0x00007ffe04585000 	C:\WINDOWS\System32\SHELL32.dll
0x00007ffe01de0000 - 0x00007ffe01f48000 	C:\WINDOWS\System32\wintypes.dll
0x00007ffdff9a0000 - 0x00007ffe001e5000 	C:\WINDOWS\SYSTEM32\windows.storage.dll
0x00007ffe02ce0000 - 0x00007ffe02dcb000 	C:\WINDOWS\System32\SHCORE.dll
0x00007ffe032f0000 - 0x00007ffe0334d000 	C:\WINDOWS\System32\shlwapi.dll
0x00007ffe01b70000 - 0x00007ffe01b9f000 	C:\WINDOWS\SYSTEM32\profapi.dll
0x00007ffdc4170000 - 0x00007ffdc4180000 	E:\LapTrinhMoblie\Setting\AndroidStudio\jbr\bin\net.dll
0x00007ffdf7a00000 - 0x00007ffdf7b1e000 	C:\WINDOWS\SYSTEM32\WINHTTP.dll
0x00007ffe010b0000 - 0x00007ffe0111a000 	C:\WINDOWS\system32\mswsock.dll
0x00007ffd631d0000 - 0x00007ffd631e6000 	E:\LapTrinhMoblie\Setting\AndroidStudio\jbr\bin\nio.dll
0x00007ffdc0380000 - 0x00007ffdc0390000 	E:\LapTrinhMoblie\Setting\AndroidStudio\jbr\bin\verify.dll
0x00007ffd58b30000 - 0x00007ffd58b57000 	C:\Users\ACER\.gradle\native\c067742578af261105cb4f569cf0c3c89f3d7b1fecec35dd04571415982c5e48\windows-amd64\native-platform.dll
0x00007ffd56a60000 - 0x00007ffd56ba4000 	C:\Users\ACER\.gradle\native\38dada09dfb8b06ba9b0570ebf7e218e3eb74d4ef43ca46872605cf95ebc2f47\windows-amd64\native-platform-file-events.dll
0x00007ffd5ecc0000 - 0x00007ffd5ecc9000 	E:\LapTrinhMoblie\Setting\AndroidStudio\jbr\bin\management.dll
0x00007ffd5ecb0000 - 0x00007ffd5ecbb000 	E:\LapTrinhMoblie\Setting\AndroidStudio\jbr\bin\management_ext.dll
0x00007ffe02e50000 - 0x00007ffe02e58000 	C:\WINDOWS\System32\PSAPI.DLL
0x00007ffe01350000 - 0x00007ffe0136c000 	C:\WINDOWS\SYSTEM32\CRYPTSP.dll
0x00007ffe00b10000 - 0x00007ffe00b4a000 	C:\WINDOWS\system32\rsaenh.dll
0x00007ffe01150000 - 0x00007ffe0117b000 	C:\WINDOWS\SYSTEM32\USERENV.dll
0x00007ffe01590000 - 0x00007ffe015b6000 	C:\WINDOWS\SYSTEM32\bcrypt.dll
0x00007ffe01370000 - 0x00007ffe0137c000 	C:\WINDOWS\SYSTEM32\CRYPTBASE.dll
0x00007ffe00550000 - 0x00007ffe00583000 	C:\WINDOWS\SYSTEM32\IPHLPAPI.DLL
0x00007ffe030b0000 - 0x00007ffe030ba000 	C:\WINDOWS\System32\NSI.dll
0x00007ffdc4160000 - 0x00007ffdc4169000 	E:\LapTrinhMoblie\Setting\AndroidStudio\jbr\bin\extnet.dll
0x00007ffde2750000 - 0x00007ffde2758000 	C:\WINDOWS\system32\wshunix.dll

dbghelp: loaded successfully - version: 4.0.5 - missing functions: none
symbol engine: initialized successfully - sym options: 0x614 - pdb path: .;E:\LapTrinhMoblie\Setting\AndroidStudio\jbr\bin;C:\WINDOWS\SYSTEM32;C:\WINDOWS\WinSxS\amd64_microsoft.windows.common-controls_6595b64144ccf1df_6.0.26100.3323_none_3e088096e3344490;E:\LapTrinhMoblie\Setting\AndroidStudio\jbr\bin\server;C:\Users\ACER\.gradle\native\c067742578af261105cb4f569cf0c3c89f3d7b1fecec35dd04571415982c5e48\windows-amd64;C:\Users\ACER\.gradle\native\38dada09dfb8b06ba9b0570ebf7e218e3eb74d4ef43ca46872605cf95ebc2f47\windows-amd64

VM Arguments:
jvm_args: --add-opens=java.base/java.util=ALL-UNNAMED --add-opens=java.base/java.lang=ALL-UNNAMED --add-opens=java.base/java.lang.invoke=ALL-UNNAMED --add-opens=java.prefs/java.util.prefs=ALL-UNNAMED --add-opens=java.base/java.nio.charset=ALL-UNNAMED --add-opens=java.base/java.net=ALL-UNNAMED --add-opens=java.base/java.util.concurrent.atomic=ALL-UNNAMED -Xmx2048m -Dfile.encoding=UTF-8 -Duser.country=US -Duser.language=en -Duser.variant -javaagent:C:\Users\ACER\.gradle\wrapper\dists\gradle-8.5-bin\5t9huq95ubn472n8rpzujfbqh\gradle-8.5\lib\agents\gradle-instrumentation-agent-8.5.jar 
java_command: org.gradle.launcher.daemon.bootstrap.GradleDaemon 8.5
java_class_path (initial): C:\Users\ACER\.gradle\wrapper\dists\gradle-8.5-bin\5t9huq95ubn472n8rpzujfbqh\gradle-8.5\lib\gradle-launcher-8.5.jar
Launcher Type: SUN_STANDARD

[Global flags]
     intx CICompilerCount                          = 12                                        {product} {ergonomic}
     uint ConcGCThreads                            = 4                                         {product} {ergonomic}
     uint G1ConcRefinementThreads                  = 15                                        {product} {ergonomic}
   size_t G1HeapRegionSize                         = 1048576                                   {product} {ergonomic}
    uintx GCDrainStackTargetSize                   = 64                                        {product} {ergonomic}
   size_t InitialHeapSize                          = 130023424                                 {product} {ergonomic}
   size_t MarkStackSize                            = 4194304                                   {product} {ergonomic}
   size_t MaxHeapSize                              = 2147483648                                {product} {command line}
   size_t MaxNewSize                               = 1287651328                                {product} {ergonomic}
   size_t MinHeapDeltaBytes                        = 1048576                                   {product} {ergonomic}
   size_t MinHeapSize                              = 8388608                                   {product} {ergonomic}
    uintx NonNMethodCodeHeapSize                   = 7602480                                {pd product} {ergonomic}
    uintx NonProfiledCodeHeapSize                  = 122027880                              {pd product} {ergonomic}
    uintx ProfiledCodeHeapSize                     = 122027880                              {pd product} {ergonomic}
    uintx ReservedCodeCacheSize                    = 251658240                              {pd product} {ergonomic}
     bool SegmentedCodeCache                       = true                                      {product} {ergonomic}
   size_t SoftMaxHeapSize                          = 2147483648                             {manageable} {ergonomic}
     bool UseCompressedOops                        = true                           {product lp64_product} {ergonomic}
     bool UseG1GC                                  = true                                      {product} {ergonomic}
     bool UseLargePagesIndividualAllocation        = false                                  {pd product} {ergonomic}

Logging:
Log output configuration:
 #0: stdout all=warning uptime,level,tags foldmultilines=false
 #1: stderr all=off uptime,level,tags foldmultilines=false

Environment Variables:
PATH=D:\LT_Mang\transcriptvideo\ffmpeg-7.1-essentials_build\bin;C:\Program Files\Java\jdk-21\bin;C:\Program Files\Common Files\Oracle\Java\javapath;C:\Windows\system32;C:\Windows;C:\Windows\System32\Wbem;C:\Windows\System32\WindowsPowerShell\v1.0\;C:\Windows\System32\OpenSSH\;C:\Program Files (x86)\NVIDIA Corporation\PhysX\Common;C:\Program Files\NVIDIA Corporation\NVIDIA NvDLISR;C:\WINDOWS\system32;C:\Users\ACER\AppData\Local\Programs\Python\Python37;C:\WINDOWS;C:\WINDOWS\System32\Wbem;C:\WINDOWS\System32\WindowsPowerShell\v1.0\;C:\WINDOWS\System32\OpenSSH\;C:\Program Files\Cloudflare\Cloudflare WARP\;C:\msys64\mingw64\bin;E:\Git\cmd;C:\Program Files\Azure Data Studio\bin;C:\Program Files (x86)\Microsoft SQL Server\160\Tools\Binn\;C:\Program Files\Microsoft SQL Server\160\Tools\Binn\;C:\Program Files\Microsoft SQL Server\Client SDK\ODBC\170\Tools\Binn\;C:\Program Files\Microsoft SQL Server\160\DTS\Binn\;C:\Program Files\dotnet\;C:\Program Files\nodejs\;C:\Program Files\CMake\bin;C:\Users\ACER\Downloads\ninja-win;D:\PBL_5\ffmpeg-master-latest-win64-gpl-shared\bin;C:\Program Files (x86)\Windows Kits\10\Windows Performance Toolkit\;C:\Program Files\Microsoft Visual Studio\2022\Enterprise\MSBuild\Current\Bin;C:\Users\ACER\.cargo\bin;C:\Users\ACER\AppData\Local\Programs\Python\Python37-32\Scripts\;C:\Users\ACER\AppData\Local\Programs\Python\Python37-32\;D:\LT_Mang\transcriptvideo\ffmpeg-7.1-essentials_build\bin;C:\Users\ACER\AppData\Local\Programs\Python\Python312\Scripts\;C:\Users\ACER\AppData\Local\Programs\Python\Python312\;C:\Users\ACER\AppData\Local\Programs\Python\Python311\Scripts\;C:\Users\ACER\AppData\Local\Programs\Python\Python311\;C:\Users\ACER\AppData\Local\Microsoft\WindowsApps;C:\Users\ACER\AppData\Local\Programs\Microsoft VS Code\bin;C:\msys64\mingw64\bin;C:\Program Files\Azure Data Studio\bin;C:\Users\ACER\.dotnet\tools;C:\Users\ACER\AppData\Roaming\npm;C:\Users\ACER\OneDrive - The University of Technology\PyCharm 2024.2\bin;;C:\Program Files\JetBrains\PyCharm Community Edition 2024.2\bin;;C:\Program Files (x86)\Microsoft Visual Studio\2022\BuildTools\MSBuild\Current\Bin;D:\PBL_5\ffmpeg-master-latest-win64-gpl-shared\bin;
USERNAME=ACER
OS=Windows_NT
PROCESSOR_IDENTIFIER=Intel64 Family 6 Model 154 Stepping 3, GenuineIntel
TMP=C:\Users\ACER\AppData\Local\Temp
TEMP=C:\Users\ACER\AppData\Local\Temp




Periodic native trim disabled

JNI global refs:
JNI global refs: 32, weak refs: 0

JNI global refs memory usage: 835, weak refs: 201

Process memory usage:
Resident Set Size: 224392K (2% of 8085560K total physical memory with 547272K free physical memory)

OOME stack traces (most recent first):
Classloader memory used:
Loader bootstrap                                                                       : 16613K
Loader org.gradle.internal.classloader.VisitableURLClassLoader                         : 11218K
Loader org.gradle.initialization.MixInLegacyTypesClassLoader                           : 1594K
Loader jdk.internal.loader.ClassLoaders$AppClassLoader                                 : 227K
Loader jdk.internal.loader.ClassLoaders$PlatformClassLoader                            : 114K
Loader jdk.internal.reflect.DelegatingClassLoader                                      : 34232B

Classes loaded by more than one classloader:
Class org.gradle.internal.classloader.FilteringClassLoader                            : loaded 2 times (x 102B)
Class org.gradle.internal.classloader.ClassLoaderHierarchy                            : loaded 2 times (x 67B)
Class org.gradle.api.internal.classpath.ManifestUtil                                  : loaded 2 times (x 68B)
Class org.gradle.internal.classloader.DefaultClassLoaderFactory                       : loaded 2 times (x 79B)
Class org.gradle.internal.classloader.ClassLoaderVisitor                              : loaded 2 times (x 73B)
Class org.gradle.api.internal.classpath.EffectiveClassPath                            : loaded 2 times (x 87B)
Class org.gradle.api.internal.DefaultClassPathProvider                                : loaded 2 times (x 73B)
Class [Lorg.gradle.api.internal.ClassPathProvider;                                    : loaded 2 times (x 66B)
Class org.gradle.api.internal.ClassPathProvider                                       : loaded 2 times (x 67B)
Class org.gradle.internal.service.UnknownServiceException                             : loaded 2 times (x 80B)
Class org.gradle.internal.classpath.TransformedClassPath                              : loaded 2 times (x 93B)
Class org.gradle.internal.service.ServiceLocator                                      : loaded 2 times (x 67B)
Class org.gradle.internal.InternalTransformer                                         : loaded 2 times (x 67B)
Class org.gradle.internal.classloader.ClasspathUtil$1                                 : loaded 2 times (x 73B)
Class org.gradle.api.internal.classpath.DefaultModuleRegistry$DefaultModule           : loaded 2 times (x 83B)
Class org.gradle.api.internal.classpath.Module                                        : loaded 2 times (x 67B)
Class org.gradle.api.internal.classpath.UnknownModuleException                        : loaded 2 times (x 79B)
Class org.gradle.cache.GlobalCache                                                    : loaded 2 times (x 67B)
Class org.gradle.api.internal.DefaultClassPathRegistry                                : loaded 2 times (x 73B)
Class org.gradle.api.internal.ClassPathRegistry                                       : loaded 2 times (x 67B)
Class org.gradle.internal.classpath.DefaultClassPath$ImmutableUniqueList              : loaded 2 times (x 196B)
Class org.gradle.internal.classpath.ClassPath                                         : loaded 2 times (x 67B)
Class org.gradle.api.UncheckedIOException                                             : loaded 2 times (x 79B)
Class org.gradle.internal.installation.GradleInstallation$1                           : loaded 2 times (x 72B)
Class org.gradle.api.internal.classpath.ModuleRegistry                                : loaded 2 times (x 67B)
Class org.gradle.api.internal.classpath.DefaultModuleRegistry                         : loaded 2 times (x 83B)
Class org.gradle.internal.service.ServiceLookupException                              : loaded 2 times (x 79B)
Class org.gradle.internal.classloader.ClassLoaderFactory                              : loaded 2 times (x 67B)
Class org.gradle.internal.service.CachingServiceLocator                               : loaded 2 times (x 79B)
Class org.gradle.internal.classloader.ClasspathUtil                                   : loaded 2 times (x 68B)
Class org.gradle.api.specs.Spec                                                       : loaded 2 times (x 67B)
Class org.gradle.internal.classloader.VisitableURLClassLoader$InstrumentingVisitableURLClassLoader: loaded 2 times (x 120B)
Class org.gradle.internal.classloader.VisitableURLClassLoader$Spec                    : loaded 2 times (x 71B)
Class org.gradle.internal.classpath.DefaultClassPath                                  : loaded 2 times (x 87B)
Class org.gradle.internal.classloader.ClassLoaderSpec                                 : loaded 2 times (x 68B)
Class org.gradle.internal.classloader.VisitableURLClassLoader                         : loaded 2 times (x 114B)
Class org.gradle.internal.Cast                                                        : loaded 2 times (x 68B)
Class org.gradle.api.Action                                                           : loaded 2 times (x 67B)
Class org.gradle.internal.agents.InstrumentingClassLoader                             : loaded 2 times (x 67B)
Class org.gradle.internal.classpath.DefaultClassPath$ImmutableUniqueList$Builder      : loaded 2 times (x 72B)
Class org.gradle.api.GradleException                                                  : loaded 2 times (x 79B)
Class org.gradle.internal.IoActions                                                   : loaded 2 times (x 68B)
Class org.gradle.internal.classloader.SystemClassLoaderSpec                           : loaded 2 times (x 68B)
Class org.gradle.internal.installation.CurrentGradleInstallationLocator               : loaded 2 times (x 68B)
Class org.gradle.internal.service.DefaultServiceLocator                               : loaded 2 times (x 80B)
Class org.gradle.internal.installation.CurrentGradleInstallation                      : loaded 2 times (x 70B)
Class org.gradle.util.internal.GUtil                                                  : loaded 2 times (x 68B)
Class org.gradle.internal.installation.GradleInstallation                             : loaded 2 times (x 72B)

---------------  S Y S T E M  ---------------

OS:
 Windows 11 , 64 bit Build 26100 (10.0.26100.3323)
OS uptime: 0 days 0:18 hours

CPU: total 20 (initial active 20) (10 cores per cpu, 2 threads per core) family 6 model 154 stepping 3 microcode 0x420, cx8, cmov, fxsr, ht, mmx, 3dnowpref, sse, sse2, sse3, ssse3, sse4.1, sse4.2, popcnt, lzcnt, tsc, tscinvbit, avx, avx2, aes, erms, clmul, bmi1, bmi2, adx, sha, fma, vzeroupper, clflush, clflushopt, clwb, serialize, rdtscp, rdpid, fsrm, f16c, pku, cet_ibt, cet_ss
Processor Information for processor 0
  Max Mhz: 2700, Current Mhz: 2700, Mhz Limit: 2700
Processor Information for processor 1
  Max Mhz: 2700, Current Mhz: 1489, Mhz Limit: 2700
Processor Information for processor 2
  Max Mhz: 2700, Current Mhz: 2700, Mhz Limit: 2700
Processor Information for processor 3
  Max Mhz: 2700, Current Mhz: 2700, Mhz Limit: 2700
Processor Information for processor 4
  Max Mhz: 2700, Current Mhz: 2700, Mhz Limit: 2700
Processor Information for processor 5
  Max Mhz: 2700, Current Mhz: 2700, Mhz Limit: 2700
Processor Information for processor 6
  Max Mhz: 2700, Current Mhz: 2700, Mhz Limit: 2700
Processor Information for processor 7
  Max Mhz: 2700, Current Mhz: 2700, Mhz Limit: 2700
Processor Information for processor 8
  Max Mhz: 2700, Current Mhz: 2700, Mhz Limit: 2700
Processor Information for processor 9
  Max Mhz: 2700, Current Mhz: 1489, Mhz Limit: 2700
Processor Information for processor 10
  Max Mhz: 2700, Current Mhz: 2700, Mhz Limit: 2700
Processor Information for processor 11
  Max Mhz: 2700, Current Mhz: 2700, Mhz Limit: 2700
Processor Information for processor 12
  Max Mhz: 2700, Current Mhz: 1526, Mhz Limit: 1971
Processor Information for processor 13
  Max Mhz: 2700, Current Mhz: 1526, Mhz Limit: 1971
Processor Information for processor 14
  Max Mhz: 2700, Current Mhz: 1995, Mhz Limit: 1971
Processor Information for processor 15
  Max Mhz: 2700, Current Mhz: 1995, Mhz Limit: 1971
Processor Information for processor 16
  Max Mhz: 2700, Current Mhz: 1995, Mhz Limit: 1971
Processor Information for processor 17
  Max Mhz: 2700, Current Mhz: 1995, Mhz Limit: 1971
Processor Information for processor 18
  Max Mhz: 2700, Current Mhz: 1526, Mhz Limit: 1971
Processor Information for processor 19
  Max Mhz: 2700, Current Mhz: 1526, Mhz Limit: 1971

Memory: 4k page, system-wide physical 7896M (534M free)
TotalPageFile size 16088M (AvailPageFile size 9M)
current process WorkingSet (physical memory assigned to process): 219M, peak: 226M
current process commit charge ("private bytes"): 275M, peak: 286M

vm_info: OpenJDK 64-Bit Server VM (21.0.3+-12282718-b509.11) for windows-amd64 JRE (21.0.3+-12282718-b509.11), built on 2024-08-27T17:34:15Z by "builder" with MS VC++ 16.10 / 16.11 (VS2019)

END.
