#
# There is insufficient memory for the Java Runtime Environment to continue.
# Native memory allocation (malloc) failed to allocate 1361776 bytes. Error detail: Chunk::new
# Possible reasons:
#   The system is out of physical RAM or swap space
#   This process is running with CompressedOops enabled, and the Java Heap may be blocking the growth of the native heap
# Possible solutions:
#   Reduce memory load on the system
#   Increase physical memory or swap space
#   Check if swap backing store is full
#   Decrease Java heap size (-Xmx/-Xms)
#   Decrease number of Java threads
#   Decrease Java thread stack sizes (-Xss)
#   Set larger code cache with -XX:ReservedCodeCacheSize=
#   JVM is running with Unscaled Compressed Oops mode in which the Java heap is
#     placed in the first 4GB address space. The Java Heap base address is the
#     maximum limit for the native heap growth. Please use -XX:HeapBaseMinAddress
#     to set the Java Heap base and to place the Java Heap above 4GB virtual address.
# This output file may be truncated or incomplete.
#
#  Out of Memory Error (arena.cpp:168), pid=11544, tid=2956
#
# JRE version: OpenJDK Runtime Environment (21.0.3) (build 21.0.3+-12282718-b509.11)
# Java VM: OpenJDK 64-Bit Server VM (21.0.3+-12282718-b509.11, mixed mode, tiered, compressed oops, compressed class ptrs, g1 gc, windows-amd64)
# No core dump will be written. Minidumps are not enabled by default on client versions of Windows
#

---------------  S U M M A R Y ------------

Command Line: --add-opens=java.base/java.util=ALL-UNNAMED --add-opens=java.base/java.lang=ALL-UNNAMED --add-opens=java.base/java.lang.invoke=ALL-UNNAMED --add-opens=java.prefs/java.util.prefs=ALL-UNNAMED --add-opens=java.base/java.nio.charset=ALL-UNNAMED --add-opens=java.base/java.net=ALL-UNNAMED --add-opens=java.base/java.util.concurrent.atomic=ALL-UNNAMED -Xmx2048m -Dfile.encoding=UTF-8 -Duser.country=US -Duser.language=en -Duser.variant -javaagent:C:\Users\ACER\.gradle\wrapper\dists\gradle-8.4-bin\1w5dpkrfk8irigvoxmyhowfim\gradle-8.4\lib\agents\gradle-instrumentation-agent-8.4.jar org.gradle.launcher.daemon.bootstrap.GradleDaemon 8.4

Host: 12th Gen Intel(R) Core(TM) i7-12700H, 20 cores, 7G,  Windows 11 , 64 bit Build 26100 (10.0.26100.3323)
Time: Thu Apr 10 10:34:05 2025 SE Asia Standard Time elapsed time: 8.072583 seconds (0d 0h 0m 8s)

---------------  T H R E A D  ---------------

Current thread (0x000002047e2dc8d0):  JavaThread "C2 CompilerThread0" daemon [_thread_in_native, id=2956, stack(0x000000fd7c900000,0x000000fd7ca00000) (1024K)]


Current CompileTask:
C2:   8072 2918       4       java.net.URLClassLoader$1::run (5 bytes)

Stack: [0x000000fd7c900000,0x000000fd7ca00000]
Native frames: (J=compiled Java code, j=interpreted, Vv=VM code, C=native code)
V  [jvm.dll+0x6cafb9]
V  [jvm.dll+0x858523]
V  [jvm.dll+0x85aa7e]
V  [jvm.dll+0x85b163]
V  [jvm.dll+0x27d356]
V  [jvm.dll+0xbf93d]
V  [jvm.dll+0xbfe73]
V  [jvm.dll+0x3b1cb1]
V  [jvm.dll+0x1dde94]
V  [jvm.dll+0x246c54]
V  [jvm.dll+0x2460d1]
V  [jvm.dll+0x1c5804]
V  [jvm.dll+0x25575c]
V  [jvm.dll+0x253c36]
V  [jvm.dll+0x3ec996]
V  [jvm.dll+0x800d78]
V  [jvm.dll+0x6c98cd]
C  [ucrtbase.dll+0x37b0]
C  [KERNEL32.DLL+0x2e8d7]
C  [ntdll.dll+0xbbf6c]


---------------  P R O C E S S  ---------------

Threads class SMR info:
_java_thread_list=0x0000020413f44fc0, length=28, elements={
0x0000020472518d90, 0x000002047e2f0d00, 0x000002047e2f1760, 0x000002047e2d7600,
0x000002047e2d8060, 0x000002047e2d8ac0, 0x000002047e2d9520, 0x000002047e2dc8d0,
0x000002047e2dd780, 0x000002047e495190, 0x000002047e4d7320, 0x000002047e778b70,
0x000002047e80fc20, 0x000002047f247950, 0x000002047f248000, 0x000002047eb984e0,
0x000002047f9e97f0, 0x000002047fa34fd0, 0x000002047f5907a0, 0x000002047f590e10,
0x000002047e5273d0, 0x000002047e527a40, 0x0000020413372cc0, 0x000002047f4b77b0,
0x000002047f4b7e40, 0x000002047f4b84d0, 0x000002047f4b8b60, 0x000002047f4b5d70
}

Java Threads: ( => current thread )
  0x0000020472518d90 JavaThread "main"                              [_thread_blocked, id=17488, stack(0x000000fd7bb00000,0x000000fd7bc00000) (1024K)]
  0x000002047e2f0d00 JavaThread "Reference Handler"          daemon [_thread_blocked, id=2656, stack(0x000000fd7c300000,0x000000fd7c400000) (1024K)]
  0x000002047e2f1760 JavaThread "Finalizer"                  daemon [_thread_blocked, id=17076, stack(0x000000fd7c400000,0x000000fd7c500000) (1024K)]
  0x000002047e2d7600 JavaThread "Signal Dispatcher"          daemon [_thread_blocked, id=16908, stack(0x000000fd7c500000,0x000000fd7c600000) (1024K)]
  0x000002047e2d8060 JavaThread "Attach Listener"            daemon [_thread_blocked, id=20116, stack(0x000000fd7c600000,0x000000fd7c700000) (1024K)]
  0x000002047e2d8ac0 JavaThread "Service Thread"             daemon [_thread_blocked, id=3484, stack(0x000000fd7c700000,0x000000fd7c800000) (1024K)]
  0x000002047e2d9520 JavaThread "Monitor Deflation Thread"   daemon [_thread_blocked, id=18928, stack(0x000000fd7c800000,0x000000fd7c900000) (1024K)]
=>0x000002047e2dc8d0 JavaThread "C2 CompilerThread0"         daemon [_thread_in_native, id=2956, stack(0x000000fd7c900000,0x000000fd7ca00000) (1024K)]
  0x000002047e2dd780 JavaThread "C1 CompilerThread0"         daemon [_thread_blocked, id=11516, stack(0x000000fd7ca00000,0x000000fd7cb00000) (1024K)]
  0x000002047e495190 JavaThread "Common-Cleaner"             daemon [_thread_blocked, id=12696, stack(0x000000fd7cb00000,0x000000fd7cc00000) (1024K)]
  0x000002047e4d7320 JavaThread "C1 CompilerThread1"         daemon [_thread_blocked, id=17604, stack(0x000000fd7cc00000,0x000000fd7cd00000) (1024K)]
  0x000002047e778b70 JavaThread "Notification Thread"        daemon [_thread_blocked, id=3636, stack(0x000000fd7cf00000,0x000000fd7d000000) (1024K)]
  0x000002047e80fc20 JavaThread "C2 CompilerThread1"         daemon [_thread_in_native, id=2860, stack(0x000000fd7d000000,0x000000fd7d100000) (1024K)]
  0x000002047f247950 JavaThread "C1 CompilerThread2"         daemon [_thread_blocked, id=9692, stack(0x000000fd7cd00000,0x000000fd7ce00000) (1024K)]
  0x000002047f248000 JavaThread "C1 CompilerThread3"         daemon [_thread_blocked, id=2352, stack(0x000000fd7ce00000,0x000000fd7cf00000) (1024K)]
  0x000002047eb984e0 JavaThread "Daemon health stats"               [_thread_blocked, id=20180, stack(0x000000fd7d500000,0x000000fd7d600000) (1024K)]
  0x000002047f9e97f0 JavaThread "Incoming local TCP Connector on port 64158"        [_thread_in_native, id=8204, stack(0x000000fd7d600000,0x000000fd7d700000) (1024K)]
  0x000002047fa34fd0 JavaThread "Daemon periodic checks"            [_thread_blocked, id=19616, stack(0x000000fd7d700000,0x000000fd7d800000) (1024K)]
  0x000002047f5907a0 JavaThread "Daemon"                            [_thread_blocked, id=20348, stack(0x000000fd7d800000,0x000000fd7d900000) (1024K)]
  0x000002047f590e10 JavaThread "Handler for socket connection from /127.0.0.1:64158 to /127.0.0.1:64159"        [_thread_in_native, id=17112, stack(0x000000fd7d900000,0x000000fd7da00000) (1024K)]
  0x000002047e5273d0 JavaThread "Cancel handler"                    [_thread_blocked, id=7304, stack(0x000000fd7da00000,0x000000fd7db00000) (1024K)]
  0x000002047e527a40 JavaThread "Daemon worker"                     [_thread_in_native, id=10804, stack(0x000000fd7db00000,0x000000fd7dc00000) (1024K)]
  0x0000020413372cc0 JavaThread "Asynchronous log dispatcher for DefaultDaemonConnection: socket connection from /127.0.0.1:64158 to /127.0.0.1:64159"        [_thread_blocked, id=16268, stack(0x000000fd7dc00000,0x000000fd7dd00000) (1024K)]
  0x000002047f4b77b0 JavaThread "Stdin handler"                     [_thread_blocked, id=18228, stack(0x000000fd7dd00000,0x000000fd7de00000) (1024K)]
  0x000002047f4b7e40 JavaThread "Daemon client event forwarder"        [_thread_blocked, id=12480, stack(0x000000fd7de00000,0x000000fd7df00000) (1024K)]
  0x000002047f4b84d0 JavaThread "Cache worker for journal cache (C:\Users\ACER\.gradle\caches\journal-1)"        [_thread_blocked, id=20036, stack(0x000000fd7ec00000,0x000000fd7ed00000) (1024K)]
  0x000002047f4b8b60 JavaThread "File lock request listener"        [_thread_in_native, id=2912, stack(0x000000fd7ed00000,0x000000fd7ee00000) (1024K)]
  0x000002047f4b5d70 JavaThread "Cache worker for file hash cache (C:\Users\ACER\.gradle\caches\8.4\fileHashes)"        [_thread_blocked, id=4416, stack(0x000000fd7ee00000,0x000000fd7ef00000) (1024K)]
Total: 28

Other Threads:
  0x000002047e27c5d0 VMThread "VM Thread"                           [id=18616, stack(0x000000fd7c200000,0x000000fd7c300000) (1024K)]
  0x000002047dfa3630 WatcherThread "VM Periodic Task Thread"        [id=20144, stack(0x000000fd7c100000,0x000000fd7c200000) (1024K)]
  0x0000020474a35000 WorkerThread "GC Thread#0"                     [id=8504, stack(0x000000fd7bc00000,0x000000fd7bd00000) (1024K)]
  0x000002047f5a6c50 WorkerThread "GC Thread#1"                     [id=9848, stack(0x000000fd7d100000,0x000000fd7d200000) (1024K)]
  0x000002047f3ed800 WorkerThread "GC Thread#2"                     [id=19980, stack(0x000000fd7d200000,0x000000fd7d300000) (1024K)]
  0x000002047f3d82e0 WorkerThread "GC Thread#3"                     [id=16960, stack(0x000000fd7d300000,0x000000fd7d400000) (1024K)]
  0x000002047f3d8680 WorkerThread "GC Thread#4"                     [id=19500, stack(0x000000fd7d400000,0x000000fd7d500000) (1024K)]
  0x0000020413373730 WorkerThread "GC Thread#5"                     [id=2056, stack(0x000000fd7df00000,0x000000fd7e000000) (1024K)]
  0x000002041346ac00 WorkerThread "GC Thread#6"                     [id=16000, stack(0x000000fd7e000000,0x000000fd7e100000) (1024K)]
  0x000002047f89d3c0 WorkerThread "GC Thread#7"                     [id=8368, stack(0x000000fd7e100000,0x000000fd7e200000) (1024K)]
  0x000002041326e0b0 WorkerThread "GC Thread#8"                     [id=6396, stack(0x000000fd7e200000,0x000000fd7e300000) (1024K)]
  0x000002041326e450 WorkerThread "GC Thread#9"                     [id=8768, stack(0x000000fd7e300000,0x000000fd7e400000) (1024K)]
  0x000002047f643870 WorkerThread "GC Thread#10"                    [id=19720, stack(0x000000fd7e400000,0x000000fd7e500000) (1024K)]
  0x000002047f6434d0 WorkerThread "GC Thread#11"                    [id=2828, stack(0x000000fd7e500000,0x000000fd7e600000) (1024K)]
  0x000002047f641f10 WorkerThread "GC Thread#12"                    [id=15372, stack(0x000000fd7e600000,0x000000fd7e700000) (1024K)]
  0x000002047f6422b0 WorkerThread "GC Thread#13"                    [id=2136, stack(0x000000fd7e700000,0x000000fd7e800000) (1024K)]
  0x000002047f642d90 WorkerThread "GC Thread#14"                    [id=7616, stack(0x000000fd7e800000,0x000000fd7e900000) (1024K)]
  0x0000020474a45ef0 ConcurrentGCThread "G1 Main Marker"            [id=3360, stack(0x000000fd7bd00000,0x000000fd7be00000) (1024K)]
  0x0000020474a485f0 WorkerThread "G1 Conc#0"                       [id=11224, stack(0x000000fd7be00000,0x000000fd7bf00000) (1024K)]
  0x000002047f642650 WorkerThread "G1 Conc#1"                       [id=4520, stack(0x000000fd7e900000,0x000000fd7ea00000) (1024K)]
  0x000002047f6429f0 WorkerThread "G1 Conc#2"                       [id=14400, stack(0x000000fd7ea00000,0x000000fd7eb00000) (1024K)]
  0x000002047f643130 WorkerThread "G1 Conc#3"                       [id=7380, stack(0x000000fd7eb00000,0x000000fd7ec00000) (1024K)]
  0x000002047de74bb0 ConcurrentGCThread "G1 Refine#0"               [id=9900, stack(0x000000fd7bf00000,0x000000fd7c000000) (1024K)]
  0x000002047de753d0 ConcurrentGCThread "G1 Service"                [id=14260, stack(0x000000fd7c000000,0x000000fd7c100000) (1024K)]
Total: 24

Threads with active compile tasks:
C2 CompilerThread0     8120 2918       4       java.net.URLClassLoader$1::run (5 bytes)
C2 CompilerThread1     8120 2917   !   4       java.net.URLClassLoader::findClass (47 bytes)
Total: 2

VM state: not at safepoint (normal execution)

VM Mutex/Monitor currently owned by a thread: None

Heap address: 0x0000000080000000, size: 2048 MB, Compressed Oops mode: 32-bit

CDS archive(s) not mapped
Compressed class space mapped at: 0x0000000100000000-0x0000000140000000, reserved size: 1073741824
Narrow klass base: 0x0000000000000000, Narrow klass shift: 3, Narrow klass range: 0x140000000

GC Precious Log:
 CardTable entry size: 512
 Card Set container configuration: InlinePtr #cards 5 size 8 Array Of Cards #cards 12 size 40 Howl #buckets 4 coarsen threshold 1843 Howl Bitmap #cards 512 size 80 coarsen threshold 460 Card regions per heap region 1 cards per card region 2048
 CPUs: 20 total, 20 available
 Memory: 7896M
 Large Page Support: Disabled
 NUMA Support: Disabled
 Compressed Oops: Enabled (32-bit)
 Heap Region Size: 1M
 Heap Min Capacity: 8M
 Heap Initial Capacity: 124M
 Heap Max Capacity: 2G
 Pre-touch: Disabled
 Parallel Workers: 15
 Concurrent Workers: 4
 Concurrent Refinement Workers: 15
 Periodic GC: Disabled

Heap:
 garbage-first heap   total 82944K, used 30910K [0x0000000080000000, 0x0000000100000000)
  region size 1024K, 13 young (13312K), 4 survivors (4096K)
 Metaspace       used 30576K, committed 31232K, reserved 1114112K
  class space    used 3999K, committed 4288K, reserved 1048576K

Heap Regions: E=young(eden), S=young(survivor), O=old, HS=humongous(starts), HC=humongous(continues), CS=collection set, F=free, TAMS=top-at-mark-start, PB=parsable bottom
|   0|0x0000000080000000, 0x0000000080100000, 0x0000000080100000|100%|HS|  |TAMS 0x0000000080000000| PB 0x0000000080000000| Complete 
|   1|0x0000000080100000, 0x0000000080200000, 0x0000000080200000|100%|HC|  |TAMS 0x0000000080100000| PB 0x0000000080100000| Complete 
|   2|0x0000000080200000, 0x0000000080300000, 0x0000000080300000|100%|HC|  |TAMS 0x0000000080200000| PB 0x0000000080200000| Complete 
|   3|0x0000000080300000, 0x0000000080400000, 0x0000000080400000|100%|HC|  |TAMS 0x0000000080300000| PB 0x0000000080300000| Complete 
|   4|0x0000000080400000, 0x0000000080500000, 0x0000000080500000|100%| O|  |TAMS 0x0000000080400000| PB 0x0000000080400000| Untracked 
|   5|0x0000000080500000, 0x0000000080600000, 0x0000000080600000|100%| O|  |TAMS 0x0000000080500000| PB 0x0000000080500000| Untracked 
|   6|0x0000000080600000, 0x0000000080700000, 0x0000000080700000|100%| O|  |TAMS 0x0000000080600000| PB 0x0000000080600000| Untracked 
|   7|0x0000000080700000, 0x0000000080800000, 0x0000000080800000|100%| O|  |TAMS 0x0000000080700000| PB 0x0000000080700000| Untracked 
|   8|0x0000000080800000, 0x0000000080900000, 0x0000000080900000|100%| O|  |TAMS 0x0000000080800000| PB 0x0000000080800000| Untracked 
|   9|0x0000000080900000, 0x0000000080a00000, 0x0000000080a00000|100%| O|Cm|TAMS 0x0000000080900000| PB 0x0000000080900000| Complete 
|  10|0x0000000080a00000, 0x0000000080b00000, 0x0000000080b00000|100%| O|  |TAMS 0x0000000080a00000| PB 0x0000000080a00000| Untracked 
|  11|0x0000000080b00000, 0x0000000080bf9700, 0x0000000080c00000| 97%| O|  |TAMS 0x0000000080b00000| PB 0x0000000080b00000| Untracked 
|  12|0x0000000080c00000, 0x0000000080c00000, 0x0000000080d00000|  0%| F|  |TAMS 0x0000000080c00000| PB 0x0000000080c00000| Untracked 
|  13|0x0000000080d00000, 0x0000000080d00000, 0x0000000080e00000|  0%| F|  |TAMS 0x0000000080d00000| PB 0x0000000080d00000| Untracked 
|  14|0x0000000080e00000, 0x0000000080e00000, 0x0000000080f00000|  0%| F|  |TAMS 0x0000000080e00000| PB 0x0000000080e00000| Untracked 
|  15|0x0000000080f00000, 0x0000000080f00000, 0x0000000081000000|  0%| F|  |TAMS 0x0000000080f00000| PB 0x0000000080f00000| Untracked 
|  16|0x0000000081000000, 0x0000000081000000, 0x0000000081100000|  0%| F|  |TAMS 0x0000000081000000| PB 0x0000000081000000| Untracked 
|  17|0x0000000081100000, 0x0000000081100000, 0x0000000081200000|  0%| F|  |TAMS 0x0000000081100000| PB 0x0000000081100000| Untracked 
|  18|0x0000000081200000, 0x0000000081200000, 0x0000000081300000|  0%| F|  |TAMS 0x0000000081200000| PB 0x0000000081200000| Untracked 
|  19|0x0000000081300000, 0x0000000081300000, 0x0000000081400000|  0%| F|  |TAMS 0x0000000081300000| PB 0x0000000081300000| Untracked 
|  20|0x0000000081400000, 0x0000000081400000, 0x0000000081500000|  0%| F|  |TAMS 0x0000000081400000| PB 0x0000000081400000| Untracked 
|  21|0x0000000081500000, 0x0000000081500000, 0x0000000081600000|  0%| F|  |TAMS 0x0000000081500000| PB 0x0000000081500000| Untracked 
|  22|0x0000000081600000, 0x0000000081600000, 0x0000000081700000|  0%| F|  |TAMS 0x0000000081600000| PB 0x0000000081600000| Untracked 
|  23|0x0000000081700000, 0x0000000081700000, 0x0000000081800000|  0%| F|  |TAMS 0x0000000081700000| PB 0x0000000081700000| Untracked 
|  24|0x0000000081800000, 0x0000000081800000, 0x0000000081900000|  0%| F|  |TAMS 0x0000000081800000| PB 0x0000000081800000| Untracked 
|  25|0x0000000081900000, 0x0000000081900000, 0x0000000081a00000|  0%| F|  |TAMS 0x0000000081900000| PB 0x0000000081900000| Untracked 
|  26|0x0000000081a00000, 0x0000000081a00000, 0x0000000081b00000|  0%| F|  |TAMS 0x0000000081a00000| PB 0x0000000081a00000| Untracked 
|  27|0x0000000081b00000, 0x0000000081b00000, 0x0000000081c00000|  0%| F|  |TAMS 0x0000000081b00000| PB 0x0000000081b00000| Untracked 
|  28|0x0000000081c00000, 0x0000000081c00000, 0x0000000081d00000|  0%| F|  |TAMS 0x0000000081c00000| PB 0x0000000081c00000| Untracked 
|  29|0x0000000081d00000, 0x0000000081d00000, 0x0000000081e00000|  0%| F|  |TAMS 0x0000000081d00000| PB 0x0000000081d00000| Untracked 
|  30|0x0000000081e00000, 0x0000000081e00000, 0x0000000081f00000|  0%| F|  |TAMS 0x0000000081e00000| PB 0x0000000081e00000| Untracked 
|  31|0x0000000081f00000, 0x0000000081f00000, 0x0000000082000000|  0%| F|  |TAMS 0x0000000081f00000| PB 0x0000000081f00000| Untracked 
|  32|0x0000000082000000, 0x0000000082000000, 0x0000000082100000|  0%| F|  |TAMS 0x0000000082000000| PB 0x0000000082000000| Untracked 
|  33|0x0000000082100000, 0x0000000082100000, 0x0000000082200000|  0%| F|  |TAMS 0x0000000082100000| PB 0x0000000082100000| Untracked 
|  34|0x0000000082200000, 0x0000000082200000, 0x0000000082300000|  0%| F|  |TAMS 0x0000000082200000| PB 0x0000000082200000| Untracked 
|  35|0x0000000082300000, 0x0000000082300000, 0x0000000082400000|  0%| F|  |TAMS 0x0000000082300000| PB 0x0000000082300000| Untracked 
|  36|0x0000000082400000, 0x0000000082400000, 0x0000000082500000|  0%| F|  |TAMS 0x0000000082400000| PB 0x0000000082400000| Untracked 
|  37|0x0000000082500000, 0x0000000082500000, 0x0000000082600000|  0%| F|  |TAMS 0x0000000082500000| PB 0x0000000082500000| Untracked 
|  38|0x0000000082600000, 0x0000000082600000, 0x0000000082700000|  0%| F|  |TAMS 0x0000000082600000| PB 0x0000000082600000| Untracked 
|  39|0x0000000082700000, 0x0000000082700000, 0x0000000082800000|  0%| F|  |TAMS 0x0000000082700000| PB 0x0000000082700000| Untracked 
|  40|0x0000000082800000, 0x0000000082800000, 0x0000000082900000|  0%| F|  |TAMS 0x0000000082800000| PB 0x0000000082800000| Untracked 
|  41|0x0000000082900000, 0x0000000082900000, 0x0000000082a00000|  0%| F|  |TAMS 0x0000000082900000| PB 0x0000000082900000| Untracked 
|  42|0x0000000082a00000, 0x0000000082a00000, 0x0000000082b00000|  0%| F|  |TAMS 0x0000000082a00000| PB 0x0000000082a00000| Untracked 
|  43|0x0000000082b00000, 0x0000000082b00000, 0x0000000082c00000|  0%| F|  |TAMS 0x0000000082b00000| PB 0x0000000082b00000| Untracked 
|  44|0x0000000082c00000, 0x0000000082c00000, 0x0000000082d00000|  0%| F|  |TAMS 0x0000000082c00000| PB 0x0000000082c00000| Untracked 
|  45|0x0000000082d00000, 0x0000000082d00000, 0x0000000082e00000|  0%| F|  |TAMS 0x0000000082d00000| PB 0x0000000082d00000| Untracked 
|  46|0x0000000082e00000, 0x0000000082e00000, 0x0000000082f00000|  0%| F|  |TAMS 0x0000000082e00000| PB 0x0000000082e00000| Untracked 
|  47|0x0000000082f00000, 0x0000000082f00000, 0x0000000083000000|  0%| F|  |TAMS 0x0000000082f00000| PB 0x0000000082f00000| Untracked 
|  48|0x0000000083000000, 0x0000000083000000, 0x0000000083100000|  0%| F|  |TAMS 0x0000000083000000| PB 0x0000000083000000| Untracked 
|  49|0x0000000083100000, 0x0000000083100000, 0x0000000083200000|  0%| F|  |TAMS 0x0000000083100000| PB 0x0000000083100000| Untracked 
|  50|0x0000000083200000, 0x0000000083200000, 0x0000000083300000|  0%| F|  |TAMS 0x0000000083200000| PB 0x0000000083200000| Untracked 
|  51|0x0000000083300000, 0x0000000083300000, 0x0000000083400000|  0%| F|  |TAMS 0x0000000083300000| PB 0x0000000083300000| Untracked 
|  52|0x0000000083400000, 0x0000000083400000, 0x0000000083500000|  0%| F|  |TAMS 0x0000000083400000| PB 0x0000000083400000| Untracked 
|  53|0x0000000083500000, 0x0000000083500000, 0x0000000083600000|  0%| F|  |TAMS 0x0000000083500000| PB 0x0000000083500000| Untracked 
|  54|0x0000000083600000, 0x0000000083600000, 0x0000000083700000|  0%| F|  |TAMS 0x0000000083600000| PB 0x0000000083600000| Untracked 
|  55|0x0000000083700000, 0x0000000083700000, 0x0000000083800000|  0%| F|  |TAMS 0x0000000083700000| PB 0x0000000083700000| Untracked 
|  56|0x0000000083800000, 0x0000000083800000, 0x0000000083900000|  0%| F|  |TAMS 0x0000000083800000| PB 0x0000000083800000| Untracked 
|  57|0x0000000083900000, 0x0000000083900000, 0x0000000083a00000|  0%| F|  |TAMS 0x0000000083900000| PB 0x0000000083900000| Untracked 
|  58|0x0000000083a00000, 0x0000000083a00000, 0x0000000083b00000|  0%| F|  |TAMS 0x0000000083a00000| PB 0x0000000083a00000| Untracked 
|  59|0x0000000083b00000, 0x0000000083b00000, 0x0000000083c00000|  0%| F|  |TAMS 0x0000000083b00000| PB 0x0000000083b00000| Untracked 
|  60|0x0000000083c00000, 0x0000000083d00000, 0x0000000083d00000|100%| S|CS|TAMS 0x0000000083c00000| PB 0x0000000083c00000| Complete 
|  61|0x0000000083d00000, 0x0000000083e00000, 0x0000000083e00000|100%| S|CS|TAMS 0x0000000083d00000| PB 0x0000000083d00000| Complete 
|  62|0x0000000083e00000, 0x0000000083f00000, 0x0000000083f00000|100%| S|CS|TAMS 0x0000000083e00000| PB 0x0000000083e00000| Complete 
|  63|0x0000000083f00000, 0x0000000083f363e0, 0x0000000084000000| 21%| S|CS|TAMS 0x0000000083f00000| PB 0x0000000083f00000| Complete 
|  75|0x0000000084b00000, 0x0000000084b00000, 0x0000000084c00000|  0%| F|  |TAMS 0x0000000084b00000| PB 0x0000000084b00000| Untracked 
|  76|0x0000000084c00000, 0x0000000084c75c08, 0x0000000084d00000| 45%| E|  |TAMS 0x0000000084c00000| PB 0x0000000084c00000| Complete 
|  77|0x0000000084d00000, 0x0000000084e00000, 0x0000000084e00000|100%| E|CS|TAMS 0x0000000084d00000| PB 0x0000000084d00000| Complete 
|  78|0x0000000084e00000, 0x0000000084f00000, 0x0000000084f00000|100%| E|CS|TAMS 0x0000000084e00000| PB 0x0000000084e00000| Complete 
|  79|0x0000000084f00000, 0x0000000085000000, 0x0000000085000000|100%| E|CS|TAMS 0x0000000084f00000| PB 0x0000000084f00000| Complete 
|  80|0x0000000085000000, 0x0000000085100000, 0x0000000085100000|100%| E|CS|TAMS 0x0000000085000000| PB 0x0000000085000000| Complete 
|  81|0x0000000085100000, 0x0000000085200000, 0x0000000085200000|100%| E|CS|TAMS 0x0000000085100000| PB 0x0000000085100000| Complete 
|  82|0x0000000085200000, 0x0000000085300000, 0x0000000085300000|100%| E|CS|TAMS 0x0000000085200000| PB 0x0000000085200000| Complete 
|  83|0x0000000085300000, 0x0000000085400000, 0x0000000085400000|100%| E|CS|TAMS 0x0000000085300000| PB 0x0000000085300000| Complete 
| 123|0x0000000087b00000, 0x0000000087c00000, 0x0000000087c00000|100%| E|CS|TAMS 0x0000000087b00000| PB 0x0000000087b00000| Complete 
|2041|0x00000000ff900000, 0x00000000ffa00000, 0x00000000ffa00000|100%| O|  |TAMS 0x00000000ff900000| PB 0x00000000ff900000| Untracked 
|2042|0x00000000ffa00000, 0x00000000ffb00000, 0x00000000ffb00000|100%| O|  |TAMS 0x00000000ffa00000| PB 0x00000000ffa00000| Untracked 
|2043|0x00000000ffb00000, 0x00000000ffc00000, 0x00000000ffc00000|100%| O|  |TAMS 0x00000000ffb00000| PB 0x00000000ffb00000| Untracked 
|2044|0x00000000ffc00000, 0x00000000ffd00000, 0x00000000ffd00000|100%| O|  |TAMS 0x00000000ffc00000| PB 0x00000000ffc00000| Untracked 
|2045|0x00000000ffd00000, 0x00000000ffe00000, 0x00000000ffe00000|100%| O|  |TAMS 0x00000000ffd00000| PB 0x00000000ffd00000| Untracked 
|2046|0x00000000ffe00000, 0x00000000fff00000, 0x00000000fff00000|100%| O|  |TAMS 0x00000000ffe00000| PB 0x00000000ffe00000| Untracked 
|2047|0x00000000fff00000, 0x0000000100000000, 0x0000000100000000|100%| O|  |TAMS 0x00000000fff00000| PB 0x00000000fff00000| Untracked 

Card table byte_map: [0x00000204789d0000,0x0000020478dd0000] _byte_map_base: 0x00000204785d0000

Marking Bits: (CMBitMap*) 0x0000020474a35610
 Bits: [0x0000020478dd0000, 0x000002047add0000)

Polling page: 0x00000204740c0000

Metaspace:

Usage:
  Non-class:     25.95 MB used.
      Class:      3.91 MB used.
       Both:     29.86 MB used.

Virtual space:
  Non-class space:       64.00 MB reserved,      26.31 MB ( 41%) committed,  1 nodes.
      Class space:        1.00 GB reserved,       4.19 MB ( <1%) committed,  1 nodes.
             Both:        1.06 GB reserved,      30.50 MB (  3%) committed. 

Chunk freelists:
   Non-Class:  5.48 MB
       Class:  11.75 MB
        Both:  17.23 MB

MaxMetaspaceSize: unlimited
CompressedClassSpaceSize: 1.00 GB
Initial GC threshold: 21.00 MB
Current GC threshold: 35.12 MB
CDS: off
 - commit_granule_bytes: 65536.
 - commit_granule_words: 8192.
 - virtual_space_node_default_size: 8388608.
 - enlarge_chunks_in_place: 1.
 - use_allocation_guard: 0.


Internal statistics:

num_allocs_failed_limit: 3.
num_arena_births: 916.
num_arena_deaths: 0.
num_vsnodes_births: 2.
num_vsnodes_deaths: 0.
num_space_committed: 488.
num_space_uncommitted: 0.
num_chunks_returned_to_freelist: 3.
num_chunks_taken_from_freelist: 1764.
num_chunk_merges: 3.
num_chunk_splits: 1135.
num_chunks_enlarged: 740.
num_inconsistent_stats: 0.

CodeHeap 'non-profiled nmethods': size=119168Kb used=1437Kb max_used=1437Kb free=117730Kb
 bounds [0x0000020407ba0000, 0x0000020407e10000, 0x000002040f000000]
CodeHeap 'profiled nmethods': size=119104Kb used=6344Kb max_used=6344Kb free=112759Kb
 bounds [0x0000020400000000, 0x0000020400640000, 0x0000020407450000]
CodeHeap 'non-nmethods': size=7488Kb used=3163Kb max_used=3216Kb free=4324Kb
 bounds [0x0000020407450000, 0x0000020407780000, 0x0000020407ba0000]
 total_blobs=3636 nmethods=3061 adapters=476
 compilation: enabled
              stopped_count=0, restarted_count=0
 full_count=0

Compilation events (20 events):
Event: 7.062 Thread 0x000002047f247950 nmethod 3045 0x000002040061dc10 code [0x000002040061ddc0, 0x000002040061df88]
Event: 7.062 Thread 0x000002047f247950 3047       3       org.objectweb.asm.Type::getReturnTypeOffset (64 bytes)
Event: 7.062 Thread 0x000002047e4d7320 3048       3       org.objectweb.asm.Frame::getConcreteOutputType (111 bytes)
Event: 7.063 Thread 0x000002047e2dd780 3049       3       org.objectweb.asm.Frame::accept (264 bytes)
Event: 7.063 Thread 0x000002047e4d7320 nmethod 3048 0x000002040061e090 code [0x000002040061e260, 0x000002040061e620]
Event: 7.063 Thread 0x000002047e4d7320 3050       3       org.objectweb.asm.MethodWriter::visitFrameStart (55 bytes)
Event: 7.063 Thread 0x000002047f248000 nmethod 3046 0x000002040061e790 code [0x000002040061ea20, 0x000002040061f750]
Event: 7.063 Thread 0x000002047e4d7320 nmethod 3050 0x000002040061fa10 code [0x000002040061fbc0, 0x000002040061feb8]
Event: 7.063 Thread 0x000002047f248000 3051       3       org.objectweb.asm.MethodWriter::visitFrameEnd (53 bytes)
Event: 7.063 Thread 0x000002047f247950 nmethod 3047 0x0000020400620010 code [0x0000020400620300, 0x00000204006214d0]
Event: 7.063 Thread 0x000002047f247950 3052       3       org.objectweb.asm.Type::getTypeInternal (218 bytes)
Event: 7.063 Thread 0x000002047e4d7320 3053       3       java.util.HashMap::prepareArray (38 bytes)
Event: 7.063 Thread 0x000002047e2dd780 nmethod 3049 0x0000020400621c10 code [0x0000020400621e40, 0x0000020400622730]
Event: 7.063 Thread 0x000002047f248000 nmethod 3051 0x0000020400622b10 code [0x0000020400622ce0, 0x00000204006231a8]
Event: 7.063 Thread 0x000002047e4d7320 nmethod 3053 0x0000020400623310 code [0x0000020400623500, 0x0000020400623ad0]
Event: 7.064 Thread 0x000002047f247950 nmethod 3052 0x0000020400623c90 code [0x0000020400623fe0, 0x0000020400625238]
Event: 7.647 Thread 0x000002047f248000 3056       3       java.util.stream.ReferencePipeline$2$1::accept (27 bytes)
Event: 7.661 Thread 0x000002047e2dd780 3057       3       java.lang.Thread::isVirtual (5 bytes)
Event: 7.677 Thread 0x000002047f247950 3058       3       java.util.concurrent.TimeUnit::toNanos (45 bytes)
Event: 7.677 Thread 0x000002047e4d7320 3059       3       jdk.internal.misc.Unsafe::putReferenceOpaque (9 bytes)

GC Heap History (8 events):
Event: 3.902 GC heap before
{Heap before GC invocations=0 (full 0):
 garbage-first heap   total 126976K, used 26624K [0x0000000080000000, 0x0000000100000000)
  region size 1024K, 23 young (23552K), 0 survivors (0K)
 Metaspace       used 10822K, committed 11008K, reserved 1114112K
  class space    used 1130K, committed 1216K, reserved 1048576K
}
Event: 3.913 GC heap after
{Heap after GC invocations=1 (full 0):
 garbage-first heap   total 126976K, used 10480K [0x0000000080000000, 0x0000000100000000)
  region size 1024K, 3 young (3072K), 3 survivors (3072K)
 Metaspace       used 10822K, committed 11008K, reserved 1114112K
  class space    used 1130K, committed 1216K, reserved 1048576K
}
Event: 4.266 GC heap before
{Heap before GC invocations=1 (full 0):
 garbage-first heap   total 126976K, used 39152K [0x0000000080000000, 0x0000000100000000)
  region size 1024K, 31 young (31744K), 3 survivors (3072K)
 Metaspace       used 11914K, committed 12032K, reserved 1114112K
  class space    used 1246K, committed 1280K, reserved 1048576K
}
Event: 4.270 GC heap after
{Heap after GC invocations=2 (full 0):
 garbage-first heap   total 126976K, used 12540K [0x0000000080000000, 0x0000000100000000)
  region size 1024K, 2 young (2048K), 2 survivors (2048K)
 Metaspace       used 11914K, committed 12032K, reserved 1114112K
  class space    used 1246K, committed 1280K, reserved 1048576K
}
Event: 6.070 GC heap before
{Heap before GC invocations=2 (full 0):
 garbage-first heap   total 126976K, used 50428K [0x0000000080000000, 0x0000000100000000)
  region size 1024K, 40 young (40960K), 2 survivors (2048K)
 Metaspace       used 21203K, committed 21504K, reserved 1114112K
  class space    used 2474K, committed 2624K, reserved 1048576K
}
Event: 6.076 GC heap after
{Heap after GC invocations=3 (full 0):
 garbage-first heap   total 126976K, used 19767K [0x0000000080000000, 0x0000000100000000)
  region size 1024K, 9 young (9216K), 9 survivors (9216K)
 Metaspace       used 21203K, committed 21504K, reserved 1114112K
  class space    used 2474K, committed 2624K, reserved 1048576K
}
Event: 6.925 GC heap before
{Heap before GC invocations=4 (full 0):
 garbage-first heap   total 71680K, used 68919K [0x0000000080000000, 0x0000000100000000)
  region size 1024K, 58 young (59392K), 9 survivors (9216K)
 Metaspace       used 29461K, committed 30080K, reserved 1114112K
  class space    used 3811K, committed 4096K, reserved 1048576K
}
Event: 6.931 GC heap after
{Heap after GC invocations=5 (full 0):
 garbage-first heap   total 82944K, used 22718K [0x0000000080000000, 0x0000000100000000)
  region size 1024K, 4 young (4096K), 4 survivors (4096K)
 Metaspace       used 29461K, committed 30080K, reserved 1114112K
  class space    used 3811K, committed 4096K, reserved 1048576K
}

Dll operation events (3 events):
Event: 0.022 Loaded shared library E:\LapTrinhMoblie\Setting\AndroidStudio\jbr\bin\java.dll
Event: 0.031 Loaded shared library E:\LapTrinhMoblie\Setting\AndroidStudio\jbr\bin\zip.dll
Event: 0.525 Loaded shared library E:\LapTrinhMoblie\Setting\AndroidStudio\jbr\bin\verify.dll

Deoptimization events (20 events):
Event: 6.551 Thread 0x000002047e527a40 DEOPT PACKING pc=0x0000020407c14b98 sp=0x000000fd7dbfce20
Event: 6.551 Thread 0x000002047e527a40 DEOPT UNPACKING pc=0x00000204074a46a2 sp=0x000000fd7dbfcdf0 mode 2
Event: 6.585 Thread 0x000002047e527a40 Uncommon trap: trap_request=0xffffffcc fr.pc=0x0000020407ccf6fc relative=0x000000000000033c
Event: 6.585 Thread 0x000002047e527a40 Uncommon trap: reason=intrinsic_or_type_checked_inlining action=make_not_entrant pc=0x0000020407ccf6fc method=java.util.Arrays.copyOf([Ljava/lang/Object;ILjava/lang/Class;)[Ljava/lang/Object; @ 35 c2
Event: 6.585 Thread 0x000002047e527a40 DEOPT PACKING pc=0x0000020407ccf6fc sp=0x000000fd7dbfca40
Event: 6.585 Thread 0x000002047e527a40 DEOPT UNPACKING pc=0x00000204074a46a2 sp=0x000000fd7dbfc9d0 mode 2
Event: 6.757 Thread 0x000002047e527a40 Uncommon trap: trap_request=0xffffff45 fr.pc=0x0000020407c6c8e0 relative=0x0000000000001620
Event: 6.757 Thread 0x000002047e527a40 Uncommon trap: reason=unstable_if action=reinterpret pc=0x0000020407c6c8e0 method=java.util.concurrent.ConcurrentHashMap.transfer([Ljava/util/concurrent/ConcurrentHashMap$Node;[Ljava/util/concurrent/ConcurrentHashMap$Node;)V @ 26 c2
Event: 6.757 Thread 0x000002047e527a40 DEOPT PACKING pc=0x0000020407c6c8e0 sp=0x000000fd7dbfae60
Event: 6.757 Thread 0x000002047e527a40 DEOPT UNPACKING pc=0x00000204074a46a2 sp=0x000000fd7dbfadd0 mode 2
Event: 6.853 Thread 0x000002047e527a40 DEOPT PACKING pc=0x00000204005c800a sp=0x000000fd7dbfb860
Event: 6.853 Thread 0x000002047e527a40 DEOPT UNPACKING pc=0x00000204074a4e42 sp=0x000000fd7dbfad70 mode 0
Event: 6.915 Thread 0x000002047e527a40 Uncommon trap: trap_request=0xffffff45 fr.pc=0x0000020407cd393c relative=0x000000000000011c
Event: 6.915 Thread 0x000002047e527a40 Uncommon trap: reason=unstable_if action=reinterpret pc=0x0000020407cd393c method=java.util.Arrays.equals([Ljava/lang/Object;[Ljava/lang/Object;)Z @ 44 c2
Event: 6.915 Thread 0x000002047e527a40 DEOPT PACKING pc=0x0000020407cd393c sp=0x000000fd7dbfb4b0
Event: 6.915 Thread 0x000002047e527a40 DEOPT UNPACKING pc=0x00000204074a46a2 sp=0x000000fd7dbfb450 mode 2
Event: 6.915 Thread 0x000002047e527a40 Uncommon trap: trap_request=0xffffff45 fr.pc=0x0000020407cb298c relative=0x00000000000001cc
Event: 6.915 Thread 0x000002047e527a40 Uncommon trap: reason=unstable_if action=reinterpret pc=0x0000020407cb298c method=java.util.HashMap.getNode(Ljava/lang/Object;)Ljava/util/HashMap$Node; @ 131 c2
Event: 6.915 Thread 0x000002047e527a40 DEOPT PACKING pc=0x0000020407cb298c sp=0x000000fd7dbfb570
Event: 6.915 Thread 0x000002047e527a40 DEOPT UNPACKING pc=0x00000204074a46a2 sp=0x000000fd7dbfb480 mode 2

Classes loaded (20 events):
Event: 6.749 Loading class java/util/concurrent/Semaphore
Event: 6.749 Loading class java/util/concurrent/Semaphore done
Event: 6.750 Loading class java/nio/file/FileVisitOption
Event: 6.750 Loading class java/nio/file/FileVisitOption done
Event: 6.753 Loading class java/util/stream/ReduceOps$1
Event: 6.753 Loading class java/util/stream/ReduceOps$1 done
Event: 6.753 Loading class java/util/stream/ReduceOps$1ReducingSink
Event: 6.753 Loading class java/util/stream/ReduceOps$1ReducingSink done
Event: 6.773 Loading class java/util/regex/Pattern$Dollar
Event: 6.774 Loading class java/util/regex/Pattern$Dollar done
Event: 6.878 Loading class javax/xml/parsers/ParserConfigurationException
Event: 6.878 Loading class javax/xml/parsers/ParserConfigurationException done
Event: 6.878 Loading class org/xml/sax/SAXException
Event: 6.879 Loading class org/xml/sax/SAXException done
Event: 6.879 Loading class javax/xml/xpath/XPathExpressionException
Event: 6.879 Loading class javax/xml/xpath/XPathException
Event: 6.879 Loading class javax/xml/xpath/XPathException done
Event: 6.879 Loading class javax/xml/xpath/XPathExpressionException done
Event: 6.879 Loading class org/xml/sax/ErrorHandler
Event: 6.880 Loading class org/xml/sax/ErrorHandler done

Classes unloaded (0 events):
No events

Classes redefined (0 events):
No events

Internal exceptions (20 events):
Event: 6.589 Thread 0x000002047e527a40 Exception <a 'java/lang/NoSuchMethodError'{0x0000000082442a98}: 'java.lang.Object java.lang.invoke.DirectMethodHandle$Holder.invokeStatic(java.lang.Object, java.lang.Object, java.lang.Object, java.lang.Object, java.lang.Object, java.lang.Object, java.lang.Object, java.lang.Object, java.lang.Object, java.lang.Object, java.lang.Object, java.lang.Object, java.lang.Object, java.lang.Object, java.lang.Object, java.lang.Object, java.lang.Object, java.lang.Object, java.lang.Object, java.lang.Object, java.lang.Obj
Event: 6.590 Thread 0x000002047e527a40 Exception <a 'java/lang/NoSuchMethodError'{0x000000008246f630}: 'java.lang.Object java.lang.invoke.DirectMethodHandle$Holder.invokeStatic(java.lang.Object, java.lang.Object, java.lang.Object, java.lang.Object, java.lang.Object, java.lang.Object, java.lang.Object, java.lang.Object, java.lang.Object, java.lang.Object, java.lang.Object, java.lang.Object, java.lang.Object, java.lang.Object, java.lang.Object, java.lang.Object, java.lang.Object, java.lang.Object, java.lang.Object, java.lang.Object, java.lang.Obj
Event: 6.591 Thread 0x000002047e527a40 Exception <a 'java/lang/NoSuchMethodError'{0x000000008249d088}: 'java.lang.Object java.lang.invoke.DirectMethodHandle$Holder.invokeStatic(java.lang.Object, java.lang.Object, java.lang.Object, java.lang.Object, java.lang.Object, java.lang.Object, java.lang.Object, java.lang.Object, java.lang.Object, java.lang.Object, java.lang.Object, java.lang.Object, java.lang.Object, java.lang.Object, java.lang.Object, java.lang.Object, java.lang.Object, java.lang.Object, java.lang.Object, java.lang.Object, java.lang.Obj
Event: 6.592 Thread 0x000002047e527a40 Exception <a 'java/lang/NoSuchMethodError'{0x00000000824cba20}: 'java.lang.Object java.lang.invoke.DirectMethodHandle$Holder.invokeStatic(java.lang.Object, java.lang.Object, java.lang.Object, java.lang.Object, java.lang.Object, java.lang.Object, java.lang.Object, java.lang.Object, java.lang.Object, java.lang.Object, java.lang.Object, java.lang.Object, java.lang.Object, java.lang.Object, java.lang.Object, java.lang.Object, java.lang.Object, java.lang.Object, java.lang.Object, java.lang.Object, java.lang.Obj
Event: 6.593 Thread 0x000002047e527a40 Exception <a 'java/lang/NoSuchMethodError'{0x00000000824fbbc0}: 'java.lang.Object java.lang.invoke.DirectMethodHandle$Holder.invokeStatic(java.lang.Object, java.lang.Object, java.lang.Object, java.lang.Object, java.lang.Object, java.lang.Object, java.lang.Object, java.lang.Object, java.lang.Object, java.lang.Object, java.lang.Object, java.lang.Object, java.lang.Object, java.lang.Object, java.lang.Object, java.lang.Object, java.lang.Object, java.lang.Object, java.lang.Object, java.lang.Object, java.lang.Obj
Event: 6.721 Thread 0x000002047e527a40 Exception <a 'java/lang/IncompatibleClassChangeError'{0x0000000081a06a28}: Found class java.lang.Object, but interface was expected> (0x0000000081a06a28) 
thrown [s\src\hotspot\share\interpreter\linkResolver.cpp, line 851]
Event: 6.745 Thread 0x000002047e527a40 Exception <a 'java/lang/NoSuchMethodError'{0x000000008197a5e8}: 'java.lang.Object java.lang.invoke.DirectMethodHandle$Holder.invokeVirtual(java.lang.Object, java.lang.Object, java.lang.Object, java.lang.Object, java.lang.Object, java.lang.Object, java.lang.Object, java.lang.Object, java.lang.Object)'> (0x000000008197a5e8) 
thrown [s\src\hotspot\share\interpreter\linkResolver.cpp, line 784]
Event: 6.752 Thread 0x000002047e527a40 Exception <a 'java/lang/NoSuchMethodError'{0x00000000819f3900}: 'int java.lang.invoke.DirectMethodHandle$Holder.invokeSpecialIFC(java.lang.Object, java.lang.Object, java.lang.Object, java.lang.Object)'> (0x00000000819f3900) 
thrown [s\src\hotspot\share\interpreter\linkResolver.cpp, line 784]
Event: 6.752 Thread 0x000002047e527a40 Exception <a 'java/lang/NoSuchMethodError'{0x00000000818014b0}: 'java.lang.Object java.lang.invoke.DirectMethodHandle$Holder.invokeInterface(java.lang.Object, java.lang.Object, java.lang.Object)'> (0x00000000818014b0) 
thrown [s\src\hotspot\share\interpreter\linkResolver.cpp, line 784]
Event: 6.753 Thread 0x000002047e527a40 Exception <a 'java/lang/IncompatibleClassChangeError'{0x0000000081804df8}: Found class java.lang.Object, but interface was expected> (0x0000000081804df8) 
thrown [s\src\hotspot\share\interpreter\linkResolver.cpp, line 851]
Event: 6.768 Thread 0x000002047e527a40 Exception <a 'java/lang/NoSuchMethodError'{0x000000008170ecf8}: 'java.lang.Object java.lang.invoke.DirectMethodHandle$Holder.newInvokeSpecial(java.lang.Object, java.lang.Object, java.lang.Object, java.lang.Object, java.lang.Object, java.lang.Object, java.lang.Object, java.lang.Object, java.lang.Object, java.lang.Object, java.lang.Object, java.lang.Object, java.lang.Object)'> (0x000000008170ecf8) 
thrown [s\src\hotspot\share\interpreter\linkResolver.cpp, line 784]
Event: 6.769 Thread 0x000002047e527a40 Exception <a 'java/lang/NoSuchMethodError'{0x00000000817141a8}: 'java.lang.Object java.lang.invoke.DirectMethodHandle$Holder.invokeSpecial(java.lang.Object, java.lang.Object, java.lang.Object, java.lang.Object, java.lang.Object, java.lang.Object, java.lang.Object, java.lang.Object, java.lang.Object, java.lang.Object, java.lang.Object, java.lang.Object, java.lang.Object, java.lang.Object)'> (0x00000000817141a8) 
thrown [s\src\hotspot\share\interpreter\linkResolver.cpp, line 784]
Event: 6.769 Thread 0x000002047e527a40 Exception <a 'java/lang/NoSuchMethodError'{0x0000000081718988}: 'java.lang.Object java.lang.invoke.DelegatingMethodHandle$Holder.reinvoke_L(java.lang.Object, java.lang.Object, java.lang.Object, java.lang.Object, java.lang.Object, java.lang.Object, java.lang.Object, java.lang.Object, java.lang.Object, java.lang.Object, java.lang.Object, java.lang.Object, java.lang.Object)'> (0x0000000081718988) 
thrown [s\src\hotspot\share\interpreter\linkResolver.cpp, line 784]
Event: 6.790 Thread 0x000002047e527a40 Exception <a 'java/lang/NoSuchMethodError'{0x000000008166fb80}: 'java.lang.Object java.lang.invoke.DirectMethodHandle$Holder.invokeVirtual(java.lang.Object, java.lang.Object, java.lang.Object, java.lang.Object, java.lang.Object, java.lang.Object, java.lang.Object, java.lang.Object, java.lang.Object, java.lang.Object, java.lang.Object, java.lang.Object, java.lang.Object, java.lang.Object, java.lang.Object, java.lang.Object, java.lang.Object, java.lang.Object, java.lang.Object, java.lang.Object, java.lang.Ob
Event: 6.790 Thread 0x000002047e527a40 Exception <a 'java/lang/NoSuchMethodError'{0x0000000081675e28}: 'java.lang.Object java.lang.invoke.DirectMethodHandle$Holder.invokeSpecial(java.lang.Object, java.lang.Object, java.lang.Object, java.lang.Object, java.lang.Object, java.lang.Object, java.lang.Object, java.lang.Object, java.lang.Object, java.lang.Object, java.lang.Object, java.lang.Object, java.lang.Object, java.lang.Object, java.lang.Object, java.lang.Object, java.lang.Object, java.lang.Object, java.lang.Object, java.lang.Object, java.lang.Ob
Event: 6.790 Thread 0x000002047e527a40 Exception <a 'java/lang/NoSuchMethodError'{0x000000008167b6a0}: 'java.lang.Object java.lang.invoke.DelegatingMethodHandle$Holder.reinvoke_L(java.lang.Object, java.lang.Object, java.lang.Object, java.lang.Object, java.lang.Object, java.lang.Object, java.lang.Object, java.lang.Object, java.lang.Object, java.lang.Object, java.lang.Object, java.lang.Object, java.lang.Object, java.lang.Object, java.lang.Object, java.lang.Object, java.lang.Object, java.lang.Object, java.lang.Object, java.lang.Object, java.lang.O
Event: 6.795 Thread 0x000002047e527a40 Exception <a 'java/lang/NoSuchMethodError'{0x0000000081553d80}: 'int java.lang.invoke.DirectMethodHandle$Holder.invokeStatic(java.lang.Object, java.lang.Object, java.lang.Object, java.lang.Object)'> (0x0000000081553d80) 
thrown [s\src\hotspot\share\interpreter\linkResolver.cpp, line 784]
Event: 6.839 Thread 0x000002047e527a40 Exception <a 'java/lang/NoSuchMethodError'{0x00000000812e4df0}: 'java.lang.Object java.lang.invoke.DirectMethodHandle$Holder.invokeSpecial(java.lang.Object, java.lang.Object, java.lang.Object, java.lang.Object, java.lang.Object, java.lang.Object, java.lang.Object, java.lang.Object, java.lang.Object, java.lang.Object, java.lang.Object, java.lang.Object, java.lang.Object, java.lang.Object, java.lang.Object, java.lang.Object, java.lang.Object, java.lang.Object, java.lang.Object, java.lang.Object, java.lang.Ob
Event: 6.923 Thread 0x000002047e527a40 Exception <a 'java/lang/NoSuchMethodError'{0x0000000080cee4d8}: 'java.lang.Object java.lang.invoke.DirectMethodHandle$Holder.newInvokeSpecial(java.lang.Object, java.lang.Object, java.lang.Object, java.lang.Object, java.lang.Object, java.lang.Object, java.lang.Object)'> (0x0000000080cee4d8) 
thrown [s\src\hotspot\share\interpreter\linkResolver.cpp, line 784]
Event: 6.953 Thread 0x000002047e527a40 Exception <a 'java/lang/NoSuchMethodError'{0x00000000853e93c8}: 'java.lang.Object java.lang.invoke.DirectMethodHandle$Holder.invokeVirtual(java.lang.Object, java.lang.Object, java.lang.Object, java.lang.Object, java.lang.Object, java.lang.Object, java.lang.Object, java.lang.Object, java.lang.Object, java.lang.Object, java.lang.Object, java.lang.Object, java.lang.Object, java.lang.Object, java.lang.Object, java.lang.Object, java.lang.Object, java.lang.Object, java.lang.Object, java.lang.Object, java.lang.Ob

ZGC Phase Switch (0 events):
No events

VM Operations (20 events):
Event: 5.908 Executing VM operation: ICBufferFull done
Event: 5.923 Executing VM operation: HandshakeAllThreads (Deoptimize)
Event: 5.923 Executing VM operation: HandshakeAllThreads (Deoptimize) done
Event: 6.070 Executing VM operation: CollectForMetadataAllocation (Metadata GC Threshold)
Event: 6.076 Executing VM operation: CollectForMetadataAllocation (Metadata GC Threshold) done
Event: 6.080 Executing VM operation: G1PauseRemark
Event: 6.081 Executing VM operation: G1PauseRemark done
Event: 6.082 Executing VM operation: G1PauseCleanup
Event: 6.087 Executing VM operation: G1PauseCleanup done
Event: 6.340 Executing VM operation: HandshakeAllThreads (Deoptimize)
Event: 6.340 Executing VM operation: HandshakeAllThreads (Deoptimize) done
Event: 6.600 Executing VM operation: HandshakeAllThreads (Deoptimize)
Event: 6.600 Executing VM operation: HandshakeAllThreads (Deoptimize) done
Event: 6.601 Executing VM operation: HandshakeAllThreads (Deoptimize)
Event: 6.601 Executing VM operation: HandshakeAllThreads (Deoptimize) done
Event: 6.889 Executing VM operation: ICBufferFull
Event: 6.889 Executing VM operation: ICBufferFull done
Event: 6.925 Executing VM operation: G1CollectForAllocation (G1 Evacuation Pause)
Event: 6.931 Executing VM operation: G1CollectForAllocation (G1 Evacuation Pause) done
Event: 7.943 Executing VM operation: Cleanup

Events (20 events):
Event: 5.413 Thread 0x000002047ec3d030 Thread exited: 0x000002047ec3d030
Event: 5.414 Thread 0x000002047ec3c980 Thread exited: 0x000002047ec3c980
Event: 5.545 Thread 0x000002047f247950 Thread added: 0x000002047f247950
Event: 5.546 Thread 0x000002047f248000 Thread added: 0x000002047f248000
Event: 5.607 Loaded shared library E:\LapTrinhMoblie\Setting\AndroidStudio\jbr\bin\management.dll
Event: 5.610 Loaded shared library E:\LapTrinhMoblie\Setting\AndroidStudio\jbr\bin\management_ext.dll
Event: 5.645 Thread 0x000002047eb984e0 Thread added: 0x000002047eb984e0
Event: 5.807 Loaded shared library E:\LapTrinhMoblie\Setting\AndroidStudio\jbr\bin\extnet.dll
Event: 5.836 Thread 0x000002047f9e97f0 Thread added: 0x000002047f9e97f0
Event: 5.887 Thread 0x000002047fa34fd0 Thread added: 0x000002047fa34fd0
Event: 5.953 Thread 0x000002047f5907a0 Thread added: 0x000002047f5907a0
Event: 5.956 Thread 0x000002047f590e10 Thread added: 0x000002047f590e10
Event: 6.011 Thread 0x000002047e5273d0 Thread added: 0x000002047e5273d0
Event: 6.015 Thread 0x000002047e527a40 Thread added: 0x000002047e527a40
Event: 6.023 Thread 0x0000020413372cc0 Thread added: 0x0000020413372cc0
Event: 6.026 Thread 0x000002047f4b77b0 Thread added: 0x000002047f4b77b0
Event: 6.029 Thread 0x000002047f4b7e40 Thread added: 0x000002047f4b7e40
Event: 6.340 Thread 0x000002047f4b84d0 Thread added: 0x000002047f4b84d0
Event: 6.347 Thread 0x000002047f4b8b60 Thread added: 0x000002047f4b8b60
Event: 6.726 Thread 0x000002047f4b5d70 Thread added: 0x000002047f4b5d70


Dynamic libraries:
0x00007ff7a04c0000 - 0x00007ff7a04ca000 	E:\LapTrinhMoblie\Setting\AndroidStudio\jbr\bin\java.exe
0x00007ffe04a60000 - 0x00007ffe04cc3000 	C:\WINDOWS\SYSTEM32\ntdll.dll
0x00007ffe03410000 - 0x00007ffe034d7000 	C:\WINDOWS\System32\KERNEL32.DLL
0x00007ffe01f80000 - 0x00007ffe02349000 	C:\WINDOWS\System32\KERNELBASE.dll
0x00007ffe026a0000 - 0x00007ffe027ec000 	C:\WINDOWS\System32\ucrtbase.dll
0x00007ffd593c0000 - 0x00007ffd593d8000 	E:\LapTrinhMoblie\Setting\AndroidStudio\jbr\bin\jli.dll
0x00007ffdd9200000 - 0x00007ffdd921b000 	E:\LapTrinhMoblie\Setting\AndroidStudio\jbr\bin\VCRUNTIME140.dll
0x00007ffe02ee0000 - 0x00007ffe030aa000 	C:\WINDOWS\System32\USER32.dll
0x00007ffe01f50000 - 0x00007ffe01f77000 	C:\WINDOWS\System32\win32u.dll
0x00007ffe04940000 - 0x00007ffe0496a000 	C:\WINDOWS\System32\GDI32.dll
0x00007ffde7880000 - 0x00007ffde7b10000 	C:\WINDOWS\WinSxS\amd64_microsoft.windows.common-controls_6595b64144ccf1df_6.0.26100.3323_none_3e088096e3344490\COMCTL32.dll
0x00007ffe02410000 - 0x00007ffe02541000 	C:\WINDOWS\System32\gdi32full.dll
0x00007ffe03ca0000 - 0x00007ffe03d49000 	C:\WINDOWS\System32\msvcrt.dll
0x00007ffe02550000 - 0x00007ffe025f3000 	C:\WINDOWS\System32\msvcp_win.dll
0x00007ffe029e0000 - 0x00007ffe02a0f000 	C:\WINDOWS\System32\IMM32.DLL
0x00007ffdd9440000 - 0x00007ffdd944c000 	E:\LapTrinhMoblie\Setting\AndroidStudio\jbr\bin\vcruntime140_1.dll
0x00007ffd58580000 - 0x00007ffd5860d000 	E:\LapTrinhMoblie\Setting\AndroidStudio\jbr\bin\msvcp140.dll
0x00007ffd631f0000 - 0x00007ffd63e6d000 	E:\LapTrinhMoblie\Setting\AndroidStudio\jbr\bin\server\jvm.dll
0x00007ffe03350000 - 0x00007ffe03402000 	C:\WINDOWS\System32\ADVAPI32.dll
0x00007ffe04970000 - 0x00007ffe04a16000 	C:\WINDOWS\System32\sechost.dll
0x00007ffe02a20000 - 0x00007ffe02b36000 	C:\WINDOWS\System32\RPCRT4.dll
0x00007ffe02c50000 - 0x00007ffe02cc4000 	C:\WINDOWS\System32\WS2_32.dll
0x00007ffe00910000 - 0x00007ffe0095e000 	C:\WINDOWS\SYSTEM32\POWRPROF.dll
0x00007ffdf4560000 - 0x00007ffdf4596000 	C:\WINDOWS\SYSTEM32\WINMM.dll
0x00007ffdf8930000 - 0x00007ffdf893b000 	C:\WINDOWS\SYSTEM32\VERSION.dll
0x00007ffe008f0000 - 0x00007ffe00904000 	C:\WINDOWS\SYSTEM32\UMPDC.dll
0x00007ffe00af0000 - 0x00007ffe00b0a000 	C:\WINDOWS\SYSTEM32\kernel.appcore.dll
0x00007ffdd91f0000 - 0x00007ffdd91fa000 	E:\LapTrinhMoblie\Setting\AndroidStudio\jbr\bin\jimage.dll
0x00007ffdff450000 - 0x00007ffdff691000 	C:\WINDOWS\SYSTEM32\DBGHELP.DLL
0x00007ffe04590000 - 0x00007ffe04912000 	C:\WINDOWS\System32\combase.dll
0x00007ffe03d60000 - 0x00007ffe03e36000 	C:\WINDOWS\System32\OLEAUT32.dll
0x00007ffde2430000 - 0x00007ffde2469000 	C:\WINDOWS\SYSTEM32\dbgcore.DLL
0x00007ffe02600000 - 0x00007ffe02699000 	C:\WINDOWS\System32\bcryptPrimitives.dll
0x00007ffd593b0000 - 0x00007ffd593be000 	E:\LapTrinhMoblie\Setting\AndroidStudio\jbr\bin\instrument.dll
0x00007ffdd0b20000 - 0x00007ffdd0b3f000 	E:\LapTrinhMoblie\Setting\AndroidStudio\jbr\bin\java.dll
0x00007ffdd0b00000 - 0x00007ffdd0b18000 	E:\LapTrinhMoblie\Setting\AndroidStudio\jbr\bin\zip.dll
0x00007ffe03e70000 - 0x00007ffe04585000 	C:\WINDOWS\System32\SHELL32.dll
0x00007ffe01de0000 - 0x00007ffe01f48000 	C:\WINDOWS\System32\wintypes.dll
0x00007ffdff9a0000 - 0x00007ffe001e5000 	C:\WINDOWS\SYSTEM32\windows.storage.dll
0x00007ffe02ce0000 - 0x00007ffe02dcb000 	C:\WINDOWS\System32\SHCORE.dll
0x00007ffe032f0000 - 0x00007ffe0334d000 	C:\WINDOWS\System32\shlwapi.dll
0x00007ffe01b70000 - 0x00007ffe01b9f000 	C:\WINDOWS\SYSTEM32\profapi.dll
0x00007ffdc4170000 - 0x00007ffdc4180000 	E:\LapTrinhMoblie\Setting\AndroidStudio\jbr\bin\net.dll
0x00007ffdf7a00000 - 0x00007ffdf7b1e000 	C:\WINDOWS\SYSTEM32\WINHTTP.dll
0x00007ffe010b0000 - 0x00007ffe0111a000 	C:\WINDOWS\system32\mswsock.dll
0x00007ffd631d0000 - 0x00007ffd631e6000 	E:\LapTrinhMoblie\Setting\AndroidStudio\jbr\bin\nio.dll
0x00007ffdc0380000 - 0x00007ffdc0390000 	E:\LapTrinhMoblie\Setting\AndroidStudio\jbr\bin\verify.dll
0x00007ffd58b30000 - 0x00007ffd58b57000 	C:\Users\ACER\.gradle\native\c067742578af261105cb4f569cf0c3c89f3d7b1fecec35dd04571415982c5e48\windows-amd64\native-platform.dll
0x00007ffd56a60000 - 0x00007ffd56ba4000 	C:\Users\ACER\.gradle\native\38dada09dfb8b06ba9b0570ebf7e218e3eb74d4ef43ca46872605cf95ebc2f47\windows-amd64\native-platform-file-events.dll
0x00007ffd5ecc0000 - 0x00007ffd5ecc9000 	E:\LapTrinhMoblie\Setting\AndroidStudio\jbr\bin\management.dll
0x00007ffd5ecb0000 - 0x00007ffd5ecbb000 	E:\LapTrinhMoblie\Setting\AndroidStudio\jbr\bin\management_ext.dll
0x00007ffe02e50000 - 0x00007ffe02e58000 	C:\WINDOWS\System32\PSAPI.DLL
0x00007ffe01350000 - 0x00007ffe0136c000 	C:\WINDOWS\SYSTEM32\CRYPTSP.dll
0x00007ffe00b10000 - 0x00007ffe00b4a000 	C:\WINDOWS\system32\rsaenh.dll
0x00007ffe01150000 - 0x00007ffe0117b000 	C:\WINDOWS\SYSTEM32\USERENV.dll
0x00007ffe01590000 - 0x00007ffe015b6000 	C:\WINDOWS\SYSTEM32\bcrypt.dll
0x00007ffe01370000 - 0x00007ffe0137c000 	C:\WINDOWS\SYSTEM32\CRYPTBASE.dll
0x00007ffe00550000 - 0x00007ffe00583000 	C:\WINDOWS\SYSTEM32\IPHLPAPI.DLL
0x00007ffe030b0000 - 0x00007ffe030ba000 	C:\WINDOWS\System32\NSI.dll
0x00007ffdc4160000 - 0x00007ffdc4169000 	E:\LapTrinhMoblie\Setting\AndroidStudio\jbr\bin\extnet.dll
0x00007ffde2750000 - 0x00007ffde2758000 	C:\WINDOWS\system32\wshunix.dll

dbghelp: loaded successfully - version: 4.0.5 - missing functions: none
symbol engine: initialized successfully - sym options: 0x614 - pdb path: .;E:\LapTrinhMoblie\Setting\AndroidStudio\jbr\bin;C:\WINDOWS\SYSTEM32;C:\WINDOWS\WinSxS\amd64_microsoft.windows.common-controls_6595b64144ccf1df_6.0.26100.3323_none_3e088096e3344490;E:\LapTrinhMoblie\Setting\AndroidStudio\jbr\bin\server;C:\Users\ACER\.gradle\native\c067742578af261105cb4f569cf0c3c89f3d7b1fecec35dd04571415982c5e48\windows-amd64;C:\Users\ACER\.gradle\native\38dada09dfb8b06ba9b0570ebf7e218e3eb74d4ef43ca46872605cf95ebc2f47\windows-amd64

VM Arguments:
jvm_args: --add-opens=java.base/java.util=ALL-UNNAMED --add-opens=java.base/java.lang=ALL-UNNAMED --add-opens=java.base/java.lang.invoke=ALL-UNNAMED --add-opens=java.prefs/java.util.prefs=ALL-UNNAMED --add-opens=java.base/java.nio.charset=ALL-UNNAMED --add-opens=java.base/java.net=ALL-UNNAMED --add-opens=java.base/java.util.concurrent.atomic=ALL-UNNAMED -Xmx2048m -Dfile.encoding=UTF-8 -Duser.country=US -Duser.language=en -Duser.variant -javaagent:C:\Users\ACER\.gradle\wrapper\dists\gradle-8.4-bin\1w5dpkrfk8irigvoxmyhowfim\gradle-8.4\lib\agents\gradle-instrumentation-agent-8.4.jar 
java_command: org.gradle.launcher.daemon.bootstrap.GradleDaemon 8.4
java_class_path (initial): C:\Users\ACER\.gradle\wrapper\dists\gradle-8.4-bin\1w5dpkrfk8irigvoxmyhowfim\gradle-8.4\lib\gradle-launcher-8.4.jar
Launcher Type: SUN_STANDARD

[Global flags]
     intx CICompilerCount                          = 12                                        {product} {ergonomic}
     uint ConcGCThreads                            = 4                                         {product} {ergonomic}
     uint G1ConcRefinementThreads                  = 15                                        {product} {ergonomic}
   size_t G1HeapRegionSize                         = 1048576                                   {product} {ergonomic}
    uintx GCDrainStackTargetSize                   = 64                                        {product} {ergonomic}
   size_t InitialHeapSize                          = 130023424                                 {product} {ergonomic}
   size_t MarkStackSize                            = 4194304                                   {product} {ergonomic}
   size_t MaxHeapSize                              = 2147483648                                {product} {command line}
   size_t MaxNewSize                               = 1287651328                                {product} {ergonomic}
   size_t MinHeapDeltaBytes                        = 1048576                                   {product} {ergonomic}
   size_t MinHeapSize                              = 8388608                                   {product} {ergonomic}
    uintx NonNMethodCodeHeapSize                   = 7602480                                {pd product} {ergonomic}
    uintx NonProfiledCodeHeapSize                  = 122027880                              {pd product} {ergonomic}
    uintx ProfiledCodeHeapSize                     = 122027880                              {pd product} {ergonomic}
    uintx ReservedCodeCacheSize                    = 251658240                              {pd product} {ergonomic}
     bool SegmentedCodeCache                       = true                                      {product} {ergonomic}
   size_t SoftMaxHeapSize                          = 2147483648                             {manageable} {ergonomic}
     bool UseCompressedOops                        = true                           {product lp64_product} {ergonomic}
     bool UseG1GC                                  = true                                      {product} {ergonomic}
     bool UseLargePagesIndividualAllocation        = false                                  {pd product} {ergonomic}

Logging:
Log output configuration:
 #0: stdout all=warning uptime,level,tags foldmultilines=false
 #1: stderr all=off uptime,level,tags foldmultilines=false

Environment Variables:
PATH=D:\LT_Mang\transcriptvideo\ffmpeg-7.1-essentials_build\bin;C:\Program Files\Java\jdk-21\bin;C:\Program Files\Common Files\Oracle\Java\javapath;C:\Windows\system32;C:\Windows;C:\Windows\System32\Wbem;C:\Windows\System32\WindowsPowerShell\v1.0\;C:\Windows\System32\OpenSSH\;C:\Program Files (x86)\NVIDIA Corporation\PhysX\Common;C:\Program Files\NVIDIA Corporation\NVIDIA NvDLISR;C:\WINDOWS\system32;C:\Users\ACER\AppData\Local\Programs\Python\Python37;C:\WINDOWS;C:\WINDOWS\System32\Wbem;C:\WINDOWS\System32\WindowsPowerShell\v1.0\;C:\WINDOWS\System32\OpenSSH\;C:\Program Files\Cloudflare\Cloudflare WARP\;C:\msys64\mingw64\bin;E:\Git\cmd;C:\Program Files\Azure Data Studio\bin;C:\Program Files (x86)\Microsoft SQL Server\160\Tools\Binn\;C:\Program Files\Microsoft SQL Server\160\Tools\Binn\;C:\Program Files\Microsoft SQL Server\Client SDK\ODBC\170\Tools\Binn\;C:\Program Files\Microsoft SQL Server\160\DTS\Binn\;C:\Program Files\dotnet\;C:\Program Files\nodejs\;C:\Program Files\CMake\bin;C:\Users\ACER\Downloads\ninja-win;D:\PBL_5\ffmpeg-master-latest-win64-gpl-shared\bin;C:\Program Files (x86)\Windows Kits\10\Windows Performance Toolkit\;C:\Program Files\Microsoft Visual Studio\2022\Enterprise\MSBuild\Current\Bin;C:\Users\ACER\.cargo\bin;C:\Users\ACER\AppData\Local\Programs\Python\Python37-32\Scripts\;C:\Users\ACER\AppData\Local\Programs\Python\Python37-32\;D:\LT_Mang\transcriptvideo\ffmpeg-7.1-essentials_build\bin;C:\Users\ACER\AppData\Local\Programs\Python\Python312\Scripts\;C:\Users\ACER\AppData\Local\Programs\Python\Python312\;C:\Users\ACER\AppData\Local\Programs\Python\Python311\Scripts\;C:\Users\ACER\AppData\Local\Programs\Python\Python311\;C:\Users\ACER\AppData\Local\Microsoft\WindowsApps;C:\Users\ACER\AppData\Local\Programs\Microsoft VS Code\bin;C:\msys64\mingw64\bin;C:\Program Files\Azure Data Studio\bin;C:\Users\ACER\.dotnet\tools;C:\Users\ACER\AppData\Roaming\npm;C:\Users\ACER\OneDrive - The University of Technology\PyCharm 2024.2\bin;;C:\Program Files\JetBrains\PyCharm Community Edition 2024.2\bin;;C:\Program Files (x86)\Microsoft Visual Studio\2022\BuildTools\MSBuild\Current\Bin;D:\PBL_5\ffmpeg-master-latest-win64-gpl-shared\bin;
USERNAME=ACER
OS=Windows_NT
PROCESSOR_IDENTIFIER=Intel64 Family 6 Model 154 Stepping 3, GenuineIntel
TMP=C:\Users\ACER\AppData\Local\Temp
TEMP=C:\Users\ACER\AppData\Local\Temp




Periodic native trim disabled

JNI global refs:
JNI global refs: 32, weak refs: 0

JNI global refs memory usage: 835, weak refs: 201

Process memory usage:
Resident Set Size: 223268K (2% of 8085560K total physical memory with 474496K free physical memory)

OOME stack traces (most recent first):
Classloader memory used:
Loader bootstrap                                                                       : 16760K
Loader org.gradle.internal.classloader.VisitableURLClassLoader                         : 11791K
Loader org.gradle.initialization.MixInLegacyTypesClassLoader                           : 1690K
Loader jdk.internal.loader.ClassLoaders$AppClassLoader                                 : 227K
Loader jdk.internal.loader.ClassLoaders$PlatformClassLoader                            : 114K
Loader jdk.internal.reflect.DelegatingClassLoader                                      : 34232B

Classes loaded by more than one classloader:
Class org.gradle.internal.classloader.FilteringClassLoader                            : loaded 2 times (x 102B)
Class org.gradle.internal.classloader.ClassLoaderHierarchy                            : loaded 2 times (x 67B)
Class org.gradle.api.internal.classpath.ManifestUtil                                  : loaded 2 times (x 68B)
Class org.gradle.internal.classloader.DefaultClassLoaderFactory                       : loaded 2 times (x 79B)
Class org.gradle.internal.classloader.ClassLoaderVisitor                              : loaded 2 times (x 73B)
Class org.gradle.api.internal.classpath.EffectiveClassPath                            : loaded 2 times (x 87B)
Class org.gradle.api.internal.DefaultClassPathProvider                                : loaded 2 times (x 73B)
Class [Lorg.gradle.api.internal.ClassPathProvider;                                    : loaded 2 times (x 66B)
Class org.gradle.api.internal.ClassPathProvider                                       : loaded 2 times (x 67B)
Class org.gradle.internal.service.UnknownServiceException                             : loaded 2 times (x 80B)
Class org.gradle.internal.classpath.TransformedClassPath                              : loaded 2 times (x 93B)
Class org.gradle.internal.service.ServiceLocator                                      : loaded 2 times (x 67B)
Class org.gradle.internal.InternalTransformer                                         : loaded 2 times (x 67B)
Class org.gradle.internal.classloader.ClasspathUtil$1                                 : loaded 2 times (x 73B)
Class org.gradle.api.internal.classpath.DefaultModuleRegistry$DefaultModule           : loaded 2 times (x 83B)
Class org.gradle.api.internal.classpath.Module                                        : loaded 2 times (x 67B)
Class org.gradle.api.internal.classpath.UnknownModuleException                        : loaded 2 times (x 79B)
Class org.gradle.cache.GlobalCache                                                    : loaded 2 times (x 67B)
Class org.gradle.api.internal.DefaultClassPathRegistry                                : loaded 2 times (x 73B)
Class org.gradle.api.internal.ClassPathRegistry                                       : loaded 2 times (x 67B)
Class org.gradle.internal.classpath.DefaultClassPath$ImmutableUniqueList              : loaded 2 times (x 196B)
Class org.gradle.internal.classpath.ClassPath                                         : loaded 2 times (x 67B)
Class org.gradle.api.UncheckedIOException                                             : loaded 2 times (x 79B)
Class org.gradle.internal.installation.GradleInstallation$1                           : loaded 2 times (x 72B)
Class org.gradle.api.internal.classpath.ModuleRegistry                                : loaded 2 times (x 67B)
Class org.gradle.api.internal.classpath.DefaultModuleRegistry                         : loaded 2 times (x 83B)
Class org.gradle.internal.service.ServiceLookupException                              : loaded 2 times (x 79B)
Class org.gradle.internal.classloader.ClassLoaderFactory                              : loaded 2 times (x 67B)
Class org.gradle.internal.service.CachingServiceLocator                               : loaded 2 times (x 79B)
Class org.gradle.internal.classloader.ClasspathUtil                                   : loaded 2 times (x 68B)
Class org.gradle.api.specs.Spec                                                       : loaded 2 times (x 67B)
Class org.gradle.internal.classloader.VisitableURLClassLoader$InstrumentingVisitableURLClassLoader: loaded 2 times (x 120B)
Class org.gradle.internal.classloader.VisitableURLClassLoader$Spec                    : loaded 2 times (x 71B)
Class org.gradle.internal.classpath.DefaultClassPath                                  : loaded 2 times (x 87B)
Class org.gradle.internal.classloader.ClassLoaderSpec                                 : loaded 2 times (x 68B)
Class org.gradle.internal.classloader.VisitableURLClassLoader                         : loaded 2 times (x 114B)
Class org.gradle.internal.Cast                                                        : loaded 2 times (x 68B)
Class org.gradle.api.Action                                                           : loaded 2 times (x 67B)
Class org.gradle.internal.agents.InstrumentingClassLoader                             : loaded 2 times (x 67B)
Class org.gradle.internal.classpath.DefaultClassPath$ImmutableUniqueList$Builder      : loaded 2 times (x 72B)
Class org.gradle.api.GradleException                                                  : loaded 2 times (x 79B)
Class org.gradle.internal.IoActions                                                   : loaded 2 times (x 68B)
Class org.gradle.internal.classloader.SystemClassLoaderSpec                           : loaded 2 times (x 68B)
Class org.gradle.internal.installation.CurrentGradleInstallationLocator               : loaded 2 times (x 68B)
Class org.gradle.internal.service.DefaultServiceLocator                               : loaded 2 times (x 80B)
Class org.gradle.internal.installation.CurrentGradleInstallation                      : loaded 2 times (x 70B)
Class org.gradle.util.internal.GUtil                                                  : loaded 2 times (x 68B)
Class org.gradle.internal.installation.GradleInstallation                             : loaded 2 times (x 72B)

---------------  S Y S T E M  ---------------

OS:
 Windows 11 , 64 bit Build 26100 (10.0.26100.3323)
OS uptime: 0 days 0:17 hours

CPU: total 20 (initial active 20) (10 cores per cpu, 2 threads per core) family 6 model 154 stepping 3 microcode 0x420, cx8, cmov, fxsr, ht, mmx, 3dnowpref, sse, sse2, sse3, ssse3, sse4.1, sse4.2, popcnt, lzcnt, tsc, tscinvbit, avx, avx2, aes, erms, clmul, bmi1, bmi2, adx, sha, fma, vzeroupper, clflush, clflushopt, clwb, serialize, rdtscp, rdpid, fsrm, f16c, pku, cet_ibt, cet_ss
Processor Information for processor 0
  Max Mhz: 2700, Current Mhz: 1489, Mhz Limit: 2700
Processor Information for processor 1
  Max Mhz: 2700, Current Mhz: 1489, Mhz Limit: 2700
Processor Information for processor 2
  Max Mhz: 2700, Current Mhz: 1489, Mhz Limit: 2700
Processor Information for processor 3
  Max Mhz: 2700, Current Mhz: 2700, Mhz Limit: 2700
Processor Information for processor 4
  Max Mhz: 2700, Current Mhz: 2700, Mhz Limit: 2700
Processor Information for processor 5
  Max Mhz: 2700, Current Mhz: 1489, Mhz Limit: 2700
Processor Information for processor 6
  Max Mhz: 2700, Current Mhz: 1489, Mhz Limit: 2700
Processor Information for processor 7
  Max Mhz: 2700, Current Mhz: 2700, Mhz Limit: 2700
Processor Information for processor 8
  Max Mhz: 2700, Current Mhz: 2700, Mhz Limit: 2700
Processor Information for processor 9
  Max Mhz: 2700, Current Mhz: 1489, Mhz Limit: 2700
Processor Information for processor 10
  Max Mhz: 2700, Current Mhz: 1489, Mhz Limit: 2700
Processor Information for processor 11
  Max Mhz: 2700, Current Mhz: 1489, Mhz Limit: 2700
Processor Information for processor 12
  Max Mhz: 2700, Current Mhz: 1526, Mhz Limit: 1971
Processor Information for processor 13
  Max Mhz: 2700, Current Mhz: 1526, Mhz Limit: 1971
Processor Information for processor 14
  Max Mhz: 2700, Current Mhz: 1526, Mhz Limit: 1971
Processor Information for processor 15
  Max Mhz: 2700, Current Mhz: 1526, Mhz Limit: 1971
Processor Information for processor 16
  Max Mhz: 2700, Current Mhz: 1526, Mhz Limit: 1971
Processor Information for processor 17
  Max Mhz: 2700, Current Mhz: 1526, Mhz Limit: 1971
Processor Information for processor 18
  Max Mhz: 2700, Current Mhz: 1526, Mhz Limit: 1971
Processor Information for processor 19
  Max Mhz: 2700, Current Mhz: 1526, Mhz Limit: 1971

Memory: 4k page, system-wide physical 7896M (463M free)
TotalPageFile size 16088M (AvailPageFile size 6M)
current process WorkingSet (physical memory assigned to process): 218M, peak: 218M
current process commit charge ("private bytes"): 274M, peak: 277M

vm_info: OpenJDK 64-Bit Server VM (21.0.3+-12282718-b509.11) for windows-amd64 JRE (21.0.3+-12282718-b509.11), built on 2024-08-27T17:34:15Z by "builder" with MS VC++ 16.10 / 16.11 (VS2019)

END.
