#
# There is insufficient memory for the Java Runtime Environment to continue.
# Native memory allocation (mmap) failed to map 14680064 bytes. Error detail: G1 virtual space
# Possible reasons:
#   The system is out of physical RAM or swap space
#   This process is running with CompressedOops enabled, and the Java Heap may be blocking the growth of the native heap
# Possible solutions:
#   Reduce memory load on the system
#   Increase physical memory or swap space
#   Check if swap backing store is full
#   Decrease Java heap size (-Xmx/-Xms)
#   Decrease number of Java threads
#   Decrease Java thread stack sizes (-Xss)
#   Set larger code cache with -XX:ReservedCodeCacheSize=
#   JVM is running with Unscaled Compressed Oops mode in which the Java heap is
#     placed in the first 4GB address space. The Java Heap base address is the
#     maximum limit for the native heap growth. Please use -XX:HeapBaseMinAddress
#     to set the Java Heap base and to place the Java Heap above 4GB virtual address.
# This output file may be truncated or incomplete.
#
#  Out of Memory Error (os_windows.cpp:3815), pid=9408, tid=21772
#
# JRE version: OpenJDK Runtime Environment (21.0.3) (build 21.0.3+-12282718-b509.11)
# Java VM: OpenJDK 64-Bit Server VM (21.0.3+-12282718-b509.11, mixed mode, tiered, compressed oops, compressed class ptrs, g1 gc, windows-amd64)
# No core dump will be written. Minidumps are not enabled by default on client versions of Windows
#

---------------  S U M M A R Y ------------

Command Line: --add-opens=java.base/java.util=ALL-UNNAMED --add-opens=java.base/java.lang=ALL-UNNAMED --add-opens=java.base/java.lang.invoke=ALL-UNNAMED --add-opens=java.prefs/java.util.prefs=ALL-UNNAMED --add-opens=java.base/java.nio.charset=ALL-UNNAMED --add-opens=java.base/java.net=ALL-UNNAMED --add-opens=java.base/java.util.concurrent.atomic=ALL-UNNAMED -Xmx2048m -Dfile.encoding=UTF-8 -Duser.country=US -Duser.language=en -Duser.variant -javaagent:C:\Users\ACER\.gradle\wrapper\dists\gradle-8.7-bin\bhs2wmbdwecv87pi65oeuq5iu\gradle-8.7\lib\agents\gradle-instrumentation-agent-8.7.jar org.gradle.launcher.daemon.bootstrap.GradleDaemon 8.7

Host: 12th Gen Intel(R) Core(TM) i7-12700H, 20 cores, 7G,  Windows 11 , 64 bit Build 26100 (10.0.26100.3323)
Time: Thu Apr 10 10:15:01 2025 SE Asia Standard Time elapsed time: 5.089679 seconds (0d 0h 0m 5s)

---------------  T H R E A D  ---------------

Current thread (0x000002291389b5c0):  VMThread "VM Thread"          [id=21772, stack(0x0000007ff6200000,0x0000007ff6300000) (1024K)]

Stack: [0x0000007ff6200000,0x0000007ff6300000]
Native frames: (J=compiled Java code, j=interpreted, Vv=VM code, C=native code)
V  [jvm.dll+0x6cafb9]
V  [jvm.dll+0x858523]
V  [jvm.dll+0x85aa7e]
V  [jvm.dll+0x85b163]
V  [jvm.dll+0x27d356]
V  [jvm.dll+0x6c7865]
V  [jvm.dll+0x6bbd3a]
V  [jvm.dll+0x35199b]
V  [jvm.dll+0x3595d6]
V  [jvm.dll+0x3aa826]
V  [jvm.dll+0x3aaaf8]
V  [jvm.dll+0x3240bc]
V  [jvm.dll+0x324147]
V  [jvm.dll+0x36a00c]
V  [jvm.dll+0x36879e]
V  [jvm.dll+0x3237c1]
V  [jvm.dll+0x367eb0]
V  [jvm.dll+0x860ac8]
V  [jvm.dll+0x861bc4]
V  [jvm.dll+0x862100]
V  [jvm.dll+0x862393]
V  [jvm.dll+0x800d78]
V  [jvm.dll+0x6c98cd]
C  [ucrtbase.dll+0x37b0]
C  [KERNEL32.DLL+0x2e8d7]
C  [ntdll.dll+0xbbf6c]

VM_Operation (0x0000007ff7bf6000): G1CollectForAllocation, mode: safepoint, requested by thread 0x0000022919b68360


---------------  P R O C E S S  ---------------

Threads class SMR info:
_java_thread_list=0x000002291cda7b50, length=55, elements={
0x0000022978be83b0, 0x000002291393af80, 0x0000022913948fd0, 0x0000022913970260,
0x000002291394b6e0, 0x000002291394f830, 0x0000022913950e00, 0x0000022913979000,
0x00000229139543e0, 0x0000022913aacd20, 0x0000022913b14d40, 0x0000022918087ee0,
0x0000022918021bd0, 0x0000022918020090, 0x0000022918020760, 0x0000022919e921e0,
0x0000022919b71a60, 0x000002291989a870, 0x0000022919b9f460, 0x0000022919e67d30,
0x0000022919e683a0, 0x0000022919b68360, 0x0000022919b69da0, 0x0000022919b689f0,
0x0000022919b69080, 0x0000022919b66920, 0x0000022919b69710, 0x0000022919b66fb0,
0x0000022919b67640, 0x000002291c5ef9a0, 0x000002291c5f1a70, 0x000002291c5f2100,
0x000002291c5f2790, 0x000002291c5f34b0, 0x000002291c5f2e20, 0x000002291c5f13e0,
0x000002291c5f0030, 0x000002291c5f06c0, 0x000002291c5f3b40, 0x000002291c5f41d0,
0x000002291c5f0d50, 0x000002291c5f6fc0, 0x000002291c5f5580, 0x000002291c5f4860,
0x000002291c5f4ef0, 0x000002291c5f5c10, 0x000002291c5f62a0, 0x000002291c5f6930,
0x000002291c505030, 0x000002291c506a70, 0x000002291c5056c0, 0x000002291c5063e0,
0x000002291c5035f0, 0x000002291c5049a0, 0x000002291c503c80
}

Java Threads: ( => current thread )
  0x0000022978be83b0 JavaThread "main"                              [_thread_blocked, id=620, stack(0x0000007ff5b00000,0x0000007ff5c00000) (1024K)]
  0x000002291393af80 JavaThread "Reference Handler"          daemon [_thread_blocked, id=8936, stack(0x0000007ff6300000,0x0000007ff6400000) (1024K)]
  0x0000022913948fd0 JavaThread "Finalizer"                  daemon [_thread_blocked, id=22580, stack(0x0000007ff6400000,0x0000007ff6500000) (1024K)]
  0x0000022913970260 JavaThread "Signal Dispatcher"          daemon [_thread_blocked, id=10788, stack(0x0000007ff6500000,0x0000007ff6600000) (1024K)]
  0x000002291394b6e0 JavaThread "Attach Listener"            daemon [_thread_blocked, id=14748, stack(0x0000007ff6600000,0x0000007ff6700000) (1024K)]
  0x000002291394f830 JavaThread "Service Thread"             daemon [_thread_blocked, id=15796, stack(0x0000007ff6700000,0x0000007ff6800000) (1024K)]
  0x0000022913950e00 JavaThread "Monitor Deflation Thread"   daemon [_thread_blocked, id=3568, stack(0x0000007ff6800000,0x0000007ff6900000) (1024K)]
  0x0000022913979000 JavaThread "C2 CompilerThread0"         daemon [_thread_blocked, id=22376, stack(0x0000007ff6900000,0x0000007ff6a00000) (1024K)]
  0x00000229139543e0 JavaThread "C1 CompilerThread0"         daemon [_thread_blocked, id=15776, stack(0x0000007ff6a00000,0x0000007ff6b00000) (1024K)]
  0x0000022913aacd20 JavaThread "C1 CompilerThread1"         daemon [_thread_blocked, id=7428, stack(0x0000007ff6b00000,0x0000007ff6c00000) (1024K)]
  0x0000022913b14d40 JavaThread "Common-Cleaner"             daemon [_thread_blocked, id=7932, stack(0x0000007ff6c00000,0x0000007ff6d00000) (1024K)]
  0x0000022918087ee0 JavaThread "Notification Thread"        daemon [_thread_blocked, id=6716, stack(0x0000007ff6d00000,0x0000007ff6e00000) (1024K)]
  0x0000022918021bd0 JavaThread "C2 CompilerThread1"         daemon [_thread_blocked, id=8556, stack(0x0000007ff6e00000,0x0000007ff6f00000) (1024K)]
  0x0000022918020090 JavaThread "C1 CompilerThread2"         daemon [_thread_blocked, id=12724, stack(0x0000007ff7000000,0x0000007ff7100000) (1024K)]
  0x0000022918020760 JavaThread "C1 CompilerThread3"         daemon [_thread_blocked, id=2160, stack(0x0000007ff7100000,0x0000007ff7200000) (1024K)]
  0x0000022919e921e0 JavaThread "Daemon health stats"               [_thread_blocked, id=8080, stack(0x0000007ff6f00000,0x0000007ff7000000) (1024K)]
  0x0000022919b71a60 JavaThread "Incoming local TCP Connector on port 52457"        [_thread_in_native, id=10248, stack(0x0000007ff7600000,0x0000007ff7700000) (1024K)]
  0x000002291989a870 JavaThread "Daemon periodic checks"            [_thread_blocked, id=19144, stack(0x0000007ff7700000,0x0000007ff7800000) (1024K)]
  0x0000022919b9f460 JavaThread "Daemon"                            [_thread_blocked, id=21088, stack(0x0000007ff7800000,0x0000007ff7900000) (1024K)]
  0x0000022919e67d30 JavaThread "Handler for socket connection from /127.0.0.1:52457 to /127.0.0.1:52458"        [_thread_in_native, id=19780, stack(0x0000007ff7900000,0x0000007ff7a00000) (1024K)]
  0x0000022919e683a0 JavaThread "Cancel handler"                    [_thread_blocked, id=22040, stack(0x0000007ff7a00000,0x0000007ff7b00000) (1024K)]
  0x0000022919b68360 JavaThread "Daemon worker"                     [_thread_blocked, id=16904, stack(0x0000007ff7b00000,0x0000007ff7c00000) (1024K)]
  0x0000022919b69da0 JavaThread "Asynchronous log dispatcher for DefaultDaemonConnection: socket connection from /127.0.0.1:52457 to /127.0.0.1:52458"        [_thread_blocked, id=16348, stack(0x0000007ff7c00000,0x0000007ff7d00000) (1024K)]
  0x0000022919b689f0 JavaThread "Stdin handler"                     [_thread_blocked, id=1936, stack(0x0000007ff7d00000,0x0000007ff7e00000) (1024K)]
  0x0000022919b69080 JavaThread "Daemon client event forwarder"        [_thread_blocked, id=17764, stack(0x0000007ff7e00000,0x0000007ff7f00000) (1024K)]
  0x0000022919b66920 JavaThread "Cache worker for journal cache (C:\Users\ACER\.gradle\caches\journal-1)"        [_thread_blocked, id=6024, stack(0x0000007ff8c00000,0x0000007ff8d00000) (1024K)]
  0x0000022919b69710 JavaThread "File lock request listener"        [_thread_in_native, id=15308, stack(0x0000007ff8d00000,0x0000007ff8e00000) (1024K)]
  0x0000022919b66fb0 JavaThread "Cache worker for file hash cache (C:\Users\ACER\.gradle\caches\8.7\fileHashes)"        [_thread_blocked, id=18192, stack(0x0000007ff8e00000,0x0000007ff8f00000) (1024K)]
  0x0000022919b67640 JavaThread "Cache worker for file hash cache (E:\LapTrinhMoblie\BlogApp\.gradle\8.7\fileHashes)"        [_thread_blocked, id=20760, stack(0x0000007ff8f00000,0x0000007ff9000000) (1024K)]
  0x000002291c5ef9a0 JavaThread "File watcher server"        daemon [_thread_in_native, id=12956, stack(0x0000007ff9000000,0x0000007ff9100000) (1024K)]
  0x000002291c5f1a70 JavaThread "File watcher consumer"      daemon [_thread_blocked, id=22696, stack(0x0000007ff9100000,0x0000007ff9200000) (1024K)]
  0x000002291c5f2100 JavaThread "jar transforms"                    [_thread_blocked, id=13160, stack(0x0000007ff9200000,0x0000007ff9300000) (1024K)]
  0x000002291c5f2790 JavaThread "jar transforms Thread 2"           [_thread_blocked, id=8812, stack(0x0000007ff9300000,0x0000007ff9400000) (1024K)]
  0x000002291c5f34b0 JavaThread "jar transforms Thread 3"           [_thread_blocked, id=24316, stack(0x0000007ff9400000,0x0000007ff9500000) (1024K)]
  0x000002291c5f2e20 JavaThread "jar transforms Thread 4"           [_thread_blocked, id=15904, stack(0x0000007ff9500000,0x0000007ff9600000) (1024K)]
  0x000002291c5f13e0 JavaThread "jar transforms Thread 5"           [_thread_blocked, id=7704, stack(0x0000007ff9600000,0x0000007ff9700000) (1024K)]
  0x000002291c5f0030 JavaThread "jar transforms Thread 6"           [_thread_blocked, id=17944, stack(0x0000007ff9700000,0x0000007ff9800000) (1024K)]
  0x000002291c5f06c0 JavaThread "jar transforms Thread 7"           [_thread_blocked, id=12672, stack(0x0000007ff9800000,0x0000007ff9900000) (1024K)]
  0x000002291c5f3b40 JavaThread "jar transforms Thread 8"           [_thread_blocked, id=23528, stack(0x0000007ff9900000,0x0000007ff9a00000) (1024K)]
  0x000002291c5f41d0 JavaThread "jar transforms Thread 9"           [_thread_blocked, id=2732, stack(0x0000007ff9a00000,0x0000007ff9b00000) (1024K)]
  0x000002291c5f0d50 JavaThread "jar transforms Thread 10"          [_thread_blocked, id=20080, stack(0x0000007ff9b00000,0x0000007ff9c00000) (1024K)]
  0x000002291c5f6fc0 JavaThread "jar transforms Thread 11"          [_thread_blocked, id=17868, stack(0x0000007ff9c00000,0x0000007ff9d00000) (1024K)]
  0x000002291c5f5580 JavaThread "jar transforms Thread 12"          [_thread_blocked, id=9852, stack(0x0000007ff9d00000,0x0000007ff9e00000) (1024K)]
  0x000002291c5f4860 JavaThread "jar transforms Thread 13"          [_thread_blocked, id=8420, stack(0x0000007ff9e00000,0x0000007ff9f00000) (1024K)]
  0x000002291c5f4ef0 JavaThread "jar transforms Thread 14"          [_thread_blocked, id=20804, stack(0x0000007ff9f00000,0x0000007ffa000000) (1024K)]
  0x000002291c5f5c10 JavaThread "jar transforms Thread 15"          [_thread_blocked, id=6884, stack(0x0000007ffa000000,0x0000007ffa100000) (1024K)]
  0x000002291c5f62a0 JavaThread "jar transforms Thread 16"          [_thread_blocked, id=5464, stack(0x0000007ffa100000,0x0000007ffa200000) (1024K)]
  0x000002291c5f6930 JavaThread "jar transforms Thread 17"          [_thread_blocked, id=21392, stack(0x0000007ffa200000,0x0000007ffa300000) (1024K)]
  0x000002291c505030 JavaThread "jar transforms Thread 18"          [_thread_blocked, id=20676, stack(0x0000007ffa300000,0x0000007ffa400000) (1024K)]
  0x000002291c506a70 JavaThread "jar transforms Thread 19"          [_thread_blocked, id=20280, stack(0x0000007ffa400000,0x0000007ffa500000) (1024K)]
  0x000002291c5056c0 JavaThread "jar transforms Thread 20"          [_thread_blocked, id=15764, stack(0x0000007ffa500000,0x0000007ffa600000) (1024K)]
  0x000002291c5063e0 JavaThread "Cache worker for checksums cache (E:\LapTrinhMoblie\BlogApp\.gradle\8.7\checksums)"        [_thread_blocked, id=8492, stack(0x0000007ffa600000,0x0000007ffa700000) (1024K)]
  0x000002291c5035f0 JavaThread "Cache worker for cache directory md-supplier (C:\Users\ACER\.gradle\caches\8.7\md-supplier)"        [_thread_blocked, id=5860, stack(0x0000007ffa700000,0x0000007ffa800000) (1024K)]
  0x000002291c5049a0 JavaThread "Cache worker for cache directory md-rule (C:\Users\ACER\.gradle\caches\8.7\md-rule)"        [_thread_blocked, id=11804, stack(0x0000007ffa800000,0x0000007ffa900000) (1024K)]
  0x000002291c503c80 JavaThread "Cache worker for file content cache (C:\Users\ACER\.gradle\caches\8.7\fileContent)"        [_thread_blocked, id=23936, stack(0x0000007ffa900000,0x0000007ffaa00000) (1024K)]
Total: 55

Other Threads:
=>0x000002291389b5c0 VMThread "VM Thread"                           [id=21772, stack(0x0000007ff6200000,0x0000007ff6300000) (1024K)]
  0x0000022913606410 WatcherThread "VM Periodic Task Thread"        [id=4960, stack(0x0000007ff6100000,0x0000007ff6200000) (1024K)]
  0x0000022978cadfe0 WorkerThread "GC Thread#0"                     [id=19528, stack(0x0000007ff5c00000,0x0000007ff5d00000) (1024K)]
  0x00000229184225c0 WorkerThread "GC Thread#1"                     [id=17048, stack(0x0000007ff7200000,0x0000007ff7300000) (1024K)]
  0x0000022918d57fe0 WorkerThread "GC Thread#2"                     [id=20924, stack(0x0000007ff7300000,0x0000007ff7400000) (1024K)]
  0x0000022918d58380 WorkerThread "GC Thread#3"                     [id=20252, stack(0x0000007ff7400000,0x0000007ff7500000) (1024K)]
  0x0000022918d58b30 WorkerThread "GC Thread#4"                     [id=22704, stack(0x0000007ff7500000,0x0000007ff7600000) (1024K)]
  0x0000022919bff520 WorkerThread "GC Thread#5"                     [id=20368, stack(0x0000007ff7f00000,0x0000007ff8000000) (1024K)]
  0x0000022919bff8c0 WorkerThread "GC Thread#6"                     [id=10380, stack(0x0000007ff8000000,0x0000007ff8100000) (1024K)]
  0x0000022919c05c90 WorkerThread "GC Thread#7"                     [id=1840, stack(0x0000007ff8100000,0x0000007ff8200000) (1024K)]
  0x0000022919c06030 WorkerThread "GC Thread#8"                     [id=5868, stack(0x0000007ff8200000,0x0000007ff8300000) (1024K)]
  0x0000022919c0fcd0 WorkerThread "GC Thread#9"                     [id=20860, stack(0x0000007ff8300000,0x0000007ff8400000) (1024K)]
  0x0000022919c11290 WorkerThread "GC Thread#10"                    [id=13960, stack(0x0000007ff8400000,0x0000007ff8500000) (1024K)]
  0x0000022919c10b50 WorkerThread "GC Thread#11"                    [id=14548, stack(0x0000007ff8500000,0x0000007ff8600000) (1024K)]
  0x0000022919c107b0 WorkerThread "GC Thread#12"                    [id=18576, stack(0x0000007ff8600000,0x0000007ff8700000) (1024K)]
  0x0000022919c10070 WorkerThread "GC Thread#13"                    [id=20960, stack(0x0000007ff8700000,0x0000007ff8800000) (1024K)]
  0x0000022919c0f930 WorkerThread "GC Thread#14"                    [id=10152, stack(0x0000007ff8800000,0x0000007ff8900000) (1024K)]
  0x000002297afe67d0 ConcurrentGCThread "G1 Main Marker"            [id=18588, stack(0x0000007ff5d00000,0x0000007ff5e00000) (1024K)]
  0x000002297afe70e0 WorkerThread "G1 Conc#0"                       [id=21856, stack(0x0000007ff5e00000,0x0000007ff5f00000) (1024K)]
  0x0000022919c10410 WorkerThread "G1 Conc#1"                       [id=22392, stack(0x0000007ff8900000,0x0000007ff8a00000) (1024K)]
  0x0000022919c10ef0 WorkerThread "G1 Conc#2"                       [id=13584, stack(0x0000007ff8a00000,0x0000007ff8b00000) (1024K)]
  0x0000022919c318c0 WorkerThread "G1 Conc#3"                       [id=7292, stack(0x0000007ff8b00000,0x0000007ff8c00000) (1024K)]
  0x00000229134d8bb0 ConcurrentGCThread "G1 Refine#0"               [id=20592, stack(0x0000007ff5f00000,0x0000007ff6000000) (1024K)]
  0x00000229134d93d0 ConcurrentGCThread "G1 Service"                [id=21356, stack(0x0000007ff6000000,0x0000007ff6100000) (1024K)]
Total: 24

Threads with active compile tasks:
C2 CompilerThread0     5120 3843       4       jdk.internal.org.objectweb.asm.Frame::setInputFrameFromDescriptor (175 bytes)
C2 CompilerThread1     5121 3884       4       org.objectweb.asm.SymbolTable::put (150 bytes)
Total: 2

VM state: at safepoint (normal execution)

VM Mutex/Monitor currently owned by a thread:  ([mutex/lock_event])
[0x00007ffb6ddd20c8] Threads_lock - owner thread: 0x000002291389b5c0
[0x00007ffb6ddd21c8] Heap_lock - owner thread: 0x0000022919b68360

Heap address: 0x0000000080000000, size: 2048 MB, Compressed Oops mode: 32-bit

CDS archive(s) not mapped
Compressed class space mapped at: 0x0000000100000000-0x0000000140000000, reserved size: 1073741824
Narrow klass base: 0x0000000000000000, Narrow klass shift: 3, Narrow klass range: 0x140000000

GC Precious Log:
 CardTable entry size: 512
 Card Set container configuration: InlinePtr #cards 5 size 8 Array Of Cards #cards 12 size 40 Howl #buckets 4 coarsen threshold 1843 Howl Bitmap #cards 512 size 80 coarsen threshold 460 Card regions per heap region 1 cards per card region 2048
 CPUs: 20 total, 20 available
 Memory: 7896M
 Large Page Support: Disabled
 NUMA Support: Disabled
 Compressed Oops: Enabled (32-bit)
 Heap Region Size: 1M
 Heap Min Capacity: 8M
 Heap Initial Capacity: 124M
 Heap Max Capacity: 2G
 Pre-touch: Disabled
 Parallel Workers: 15
 Concurrent Workers: 4
 Concurrent Refinement Workers: 15
 Periodic GC: Disabled

Heap:
 garbage-first heap   total 93184K, used 42395K [0x0000000080000000, 0x0000000100000000)
  region size 1024K, 2 young (2048K), 2 survivors (2048K)
 Metaspace       used 38961K, committed 40000K, reserved 1114112K
  class space    used 5394K, committed 5888K, reserved 1048576K

Heap Regions: E=young(eden), S=young(survivor), O=old, HS=humongous(starts), HC=humongous(continues), CS=collection set, F=free, TAMS=top-at-mark-start, PB=parsable bottom
|   0|0x0000000080000000, 0x0000000080100000, 0x0000000080100000|100%|HS|  |TAMS 0x0000000080000000| PB 0x0000000080000000| Complete 
|   1|0x0000000080100000, 0x0000000080200000, 0x0000000080200000|100%|HC|  |TAMS 0x0000000080100000| PB 0x0000000080100000| Complete 
|   2|0x0000000080200000, 0x0000000080300000, 0x0000000080300000|100%|HC|  |TAMS 0x0000000080200000| PB 0x0000000080200000| Complete 
|   3|0x0000000080300000, 0x0000000080400000, 0x0000000080400000|100%|HC|  |TAMS 0x0000000080300000| PB 0x0000000080300000| Complete 
|   4|0x0000000080400000, 0x0000000080500000, 0x0000000080500000|100%| O|  |TAMS 0x0000000080400000| PB 0x0000000080400000| Untracked 
|   5|0x0000000080500000, 0x0000000080600000, 0x0000000080600000|100%| O|  |TAMS 0x0000000080500000| PB 0x0000000080500000| Untracked 
|   6|0x0000000080600000, 0x0000000080700000, 0x0000000080700000|100%| O|  |TAMS 0x0000000080600000| PB 0x0000000080600000| Untracked 
|   7|0x0000000080700000, 0x0000000080800000, 0x0000000080800000|100%| O|  |TAMS 0x0000000080700000| PB 0x0000000080700000| Untracked 
|   8|0x0000000080800000, 0x0000000080900000, 0x0000000080900000|100%| O|  |TAMS 0x0000000080800000| PB 0x0000000080800000| Untracked 
|   9|0x0000000080900000, 0x0000000080a00000, 0x0000000080a00000|100%| O|  |TAMS 0x0000000080900000| PB 0x0000000080900000| Untracked 
|  10|0x0000000080a00000, 0x0000000080b00000, 0x0000000080b00000|100%| O|  |TAMS 0x0000000080a00000| PB 0x0000000080a00000| Untracked 
|  11|0x0000000080b00000, 0x0000000080c00000, 0x0000000080c00000|100%|HS|  |TAMS 0x0000000080b00000| PB 0x0000000080b00000| Complete 
|  12|0x0000000080c00000, 0x0000000080d00000, 0x0000000080d00000|100%|HC|  |TAMS 0x0000000080c00000| PB 0x0000000080c00000| Complete 
|  13|0x0000000080d00000, 0x0000000080e00000, 0x0000000080e00000|100%|HC|  |TAMS 0x0000000080d00000| PB 0x0000000080d00000| Complete 
|  14|0x0000000080e00000, 0x0000000080f00000, 0x0000000080f00000|100%|HC|  |TAMS 0x0000000080e00000| PB 0x0000000080e00000| Complete 
|  15|0x0000000080f00000, 0x0000000081000000, 0x0000000081000000|100%|HC|  |TAMS 0x0000000080f00000| PB 0x0000000080f00000| Complete 
|  16|0x0000000081000000, 0x0000000081100000, 0x0000000081100000|100%|HC|  |TAMS 0x0000000081000000| PB 0x0000000081000000| Complete 
|  17|0x0000000081100000, 0x0000000081200000, 0x0000000081200000|100%|HS|  |TAMS 0x0000000081100000| PB 0x0000000081100000| Complete 
|  18|0x0000000081200000, 0x0000000081300000, 0x0000000081300000|100%|HC|  |TAMS 0x0000000081200000| PB 0x0000000081200000| Complete 
|  19|0x0000000081300000, 0x0000000081400000, 0x0000000081400000|100%|HC|  |TAMS 0x0000000081300000| PB 0x0000000081300000| Complete 
|  20|0x0000000081400000, 0x0000000081500000, 0x0000000081500000|100%|HS|  |TAMS 0x0000000081400000| PB 0x0000000081400000| Complete 
|  21|0x0000000081500000, 0x0000000081600000, 0x0000000081600000|100%|HC|  |TAMS 0x0000000081500000| PB 0x0000000081500000| Complete 
|  22|0x0000000081600000, 0x0000000081700000, 0x0000000081700000|100%|HS|  |TAMS 0x0000000081600000| PB 0x0000000081600000| Complete 
|  23|0x0000000081700000, 0x0000000081800000, 0x0000000081800000|100%| O|  |TAMS 0x0000000081700000| PB 0x0000000081700000| Untracked 
|  24|0x0000000081800000, 0x0000000081900000, 0x0000000081900000|100%| O|Cm|TAMS 0x0000000081800000| PB 0x0000000081800000| Complete 
|  25|0x0000000081900000, 0x0000000081a00000, 0x0000000081a00000|100%| O|  |TAMS 0x0000000081900000| PB 0x0000000081900000| Untracked 
|  26|0x0000000081a00000, 0x0000000081b00000, 0x0000000081b00000|100%| O|  |TAMS 0x0000000081a00000| PB 0x0000000081a00000| Untracked 
|  27|0x0000000081b00000, 0x0000000081b00000, 0x0000000081c00000|  0%| F|  |TAMS 0x0000000081b00000| PB 0x0000000081b00000| Untracked 
|  28|0x0000000081c00000, 0x0000000081c00000, 0x0000000081d00000|  0%| F|  |TAMS 0x0000000081c00000| PB 0x0000000081c00000| Untracked 
|  29|0x0000000081d00000, 0x0000000081d00000, 0x0000000081e00000|  0%| F|  |TAMS 0x0000000081d00000| PB 0x0000000081d00000| Untracked 
|  30|0x0000000081e00000, 0x0000000081e00000, 0x0000000081f00000|  0%| F|  |TAMS 0x0000000081e00000| PB 0x0000000081e00000| Untracked 
|  31|0x0000000081f00000, 0x0000000081f00000, 0x0000000082000000|  0%| F|  |TAMS 0x0000000081f00000| PB 0x0000000081f00000| Untracked 
|  32|0x0000000082000000, 0x0000000082000000, 0x0000000082100000|  0%| F|  |TAMS 0x0000000082000000| PB 0x0000000082000000| Untracked 
|  33|0x0000000082100000, 0x0000000082200000, 0x0000000082200000|100%| O|  |TAMS 0x0000000082100000| PB 0x0000000082100000| Untracked 
|  34|0x0000000082200000, 0x0000000082300000, 0x0000000082300000|100%| O|  |TAMS 0x0000000082200000| PB 0x0000000082200000| Untracked 
|  35|0x0000000082300000, 0x0000000082400000, 0x0000000082400000|100%| O|  |TAMS 0x0000000082300000| PB 0x0000000082300000| Untracked 
|  36|0x0000000082400000, 0x0000000082494590, 0x0000000082500000| 57%| O|  |TAMS 0x0000000082400000| PB 0x0000000082400000| Untracked 
|  37|0x0000000082500000, 0x0000000082500000, 0x0000000082600000|  0%| F|  |TAMS 0x0000000082500000| PB 0x0000000082500000| Untracked 
|  38|0x0000000082600000, 0x0000000082600000, 0x0000000082700000|  0%| F|  |TAMS 0x0000000082600000| PB 0x0000000082600000| Untracked 
|  39|0x0000000082700000, 0x0000000082700000, 0x0000000082800000|  0%| F|  |TAMS 0x0000000082700000| PB 0x0000000082700000| Untracked 
|  40|0x0000000082800000, 0x0000000082800000, 0x0000000082900000|  0%| F|  |TAMS 0x0000000082800000| PB 0x0000000082800000| Untracked 
|  41|0x0000000082900000, 0x00000000829d2690, 0x0000000082a00000| 82%| S|CS|TAMS 0x0000000082900000| PB 0x0000000082900000| Complete 
|  42|0x0000000082a00000, 0x0000000082b00000, 0x0000000082b00000|100%| S|CS|TAMS 0x0000000082a00000| PB 0x0000000082a00000| Complete 
|  43|0x0000000082b00000, 0x0000000082b00000, 0x0000000082c00000|  0%| F|  |TAMS 0x0000000082b00000| PB 0x0000000082b00000| Untracked 
|  44|0x0000000082c00000, 0x0000000082c00000, 0x0000000082d00000|  0%| F|  |TAMS 0x0000000082c00000| PB 0x0000000082c00000| Untracked 
|  45|0x0000000082d00000, 0x0000000082d00000, 0x0000000082e00000|  0%| F|  |TAMS 0x0000000082d00000| PB 0x0000000082d00000| Untracked 
|  46|0x0000000082e00000, 0x0000000082e00000, 0x0000000082f00000|  0%| F|  |TAMS 0x0000000082e00000| PB 0x0000000082e00000| Untracked 
|  47|0x0000000082f00000, 0x0000000082f00000, 0x0000000083000000|  0%| F|  |TAMS 0x0000000082f00000| PB 0x0000000082f00000| Untracked 
|  48|0x0000000083000000, 0x0000000083000000, 0x0000000083100000|  0%| F|  |TAMS 0x0000000083000000| PB 0x0000000083000000| Untracked 
|  49|0x0000000083100000, 0x0000000083100000, 0x0000000083200000|  0%| F|  |TAMS 0x0000000083100000| PB 0x0000000083100000| Untracked 
|  50|0x0000000083200000, 0x0000000083200000, 0x0000000083300000|  0%| F|  |TAMS 0x0000000083200000| PB 0x0000000083200000| Untracked 
|  51|0x0000000083300000, 0x0000000083300000, 0x0000000083400000|  0%| F|  |TAMS 0x0000000083300000| PB 0x0000000083300000| Untracked 
|  52|0x0000000083400000, 0x0000000083400000, 0x0000000083500000|  0%| F|  |TAMS 0x0000000083400000| PB 0x0000000083400000| Untracked 
|  53|0x0000000083500000, 0x0000000083500000, 0x0000000083600000|  0%| F|  |TAMS 0x0000000083500000| PB 0x0000000083500000| Untracked 
|  54|0x0000000083600000, 0x0000000083600000, 0x0000000083700000|  0%| F|  |TAMS 0x0000000083600000| PB 0x0000000083600000| Untracked 
|  55|0x0000000083700000, 0x0000000083700000, 0x0000000083800000|  0%| F|  |TAMS 0x0000000083700000| PB 0x0000000083700000| Untracked 
|  56|0x0000000083800000, 0x0000000083800000, 0x0000000083900000|  0%| F|  |TAMS 0x0000000083800000| PB 0x0000000083800000| Untracked 
|  57|0x0000000083900000, 0x0000000083900000, 0x0000000083a00000|  0%| F|  |TAMS 0x0000000083900000| PB 0x0000000083900000| Untracked 
|  58|0x0000000083a00000, 0x0000000083a00000, 0x0000000083b00000|  0%| F|  |TAMS 0x0000000083a00000| PB 0x0000000083a00000| Untracked 
|  59|0x0000000083b00000, 0x0000000083b00000, 0x0000000083c00000|  0%| F|  |TAMS 0x0000000083b00000| PB 0x0000000083b00000| Untracked 
|  60|0x0000000083c00000, 0x0000000083c00000, 0x0000000083d00000|  0%| F|  |TAMS 0x0000000083c00000| PB 0x0000000083c00000| Untracked 
|  61|0x0000000083d00000, 0x0000000083d00000, 0x0000000083e00000|  0%| F|  |TAMS 0x0000000083d00000| PB 0x0000000083d00000| Untracked 
|  62|0x0000000083e00000, 0x0000000083e00000, 0x0000000083f00000|  0%| F|  |TAMS 0x0000000083e00000| PB 0x0000000083e00000| Untracked 
|  63|0x0000000083f00000, 0x0000000083f00000, 0x0000000084000000|  0%| F|  |TAMS 0x0000000083f00000| PB 0x0000000083f00000| Untracked 
|  64|0x0000000084000000, 0x0000000084000000, 0x0000000084100000|  0%| F|  |TAMS 0x0000000084000000| PB 0x0000000084000000| Untracked 
|  65|0x0000000084100000, 0x0000000084100000, 0x0000000084200000|  0%| F|  |TAMS 0x0000000084100000| PB 0x0000000084100000| Untracked 
|  66|0x0000000084200000, 0x0000000084200000, 0x0000000084300000|  0%| F|  |TAMS 0x0000000084200000| PB 0x0000000084200000| Untracked 
|  67|0x0000000084300000, 0x0000000084300000, 0x0000000084400000|  0%| F|  |TAMS 0x0000000084300000| PB 0x0000000084300000| Untracked 
|  68|0x0000000084400000, 0x0000000084400000, 0x0000000084500000|  0%| F|  |TAMS 0x0000000084400000| PB 0x0000000084400000| Untracked 
|  69|0x0000000084500000, 0x0000000084500000, 0x0000000084600000|  0%| F|  |TAMS 0x0000000084500000| PB 0x0000000084500000| Untracked 
|  70|0x0000000084600000, 0x0000000084600000, 0x0000000084700000|  0%| F|  |TAMS 0x0000000084600000| PB 0x0000000084600000| Untracked 
|  71|0x0000000084700000, 0x0000000084700000, 0x0000000084800000|  0%| F|  |TAMS 0x0000000084700000| PB 0x0000000084700000| Untracked 
|  72|0x0000000084800000, 0x0000000084800000, 0x0000000084900000|  0%| F|  |TAMS 0x0000000084800000| PB 0x0000000084800000| Untracked 
|  73|0x0000000084900000, 0x0000000084900000, 0x0000000084a00000|  0%| F|  |TAMS 0x0000000084900000| PB 0x0000000084900000| Untracked 
|  74|0x0000000084a00000, 0x0000000084a00000, 0x0000000084b00000|  0%| F|  |TAMS 0x0000000084a00000| PB 0x0000000084a00000| Untracked 
|  75|0x0000000084b00000, 0x0000000084b00000, 0x0000000084c00000|  0%| F|  |TAMS 0x0000000084b00000| PB 0x0000000084b00000| Untracked 
|  76|0x0000000084c00000, 0x0000000084c00000, 0x0000000084d00000|  0%| F|  |TAMS 0x0000000084c00000| PB 0x0000000084c00000| Untracked 
|  77|0x0000000084d00000, 0x0000000084d00000, 0x0000000084e00000|  0%| F|  |TAMS 0x0000000084d00000| PB 0x0000000084d00000| Untracked 
|  78|0x0000000084e00000, 0x0000000084e00000, 0x0000000084f00000|  0%| F|  |TAMS 0x0000000084e00000| PB 0x0000000084e00000| Untracked 
|  79|0x0000000084f00000, 0x0000000084f00000, 0x0000000085000000|  0%| F|  |TAMS 0x0000000084f00000| PB 0x0000000084f00000| Untracked 
|  80|0x0000000085000000, 0x0000000085000000, 0x0000000085100000|  0%| F|  |TAMS 0x0000000085000000| PB 0x0000000085000000| Untracked 
| 123|0x0000000087b00000, 0x0000000087b00000, 0x0000000087c00000|  0%| F|  |TAMS 0x0000000087b00000| PB 0x0000000087b00000| Untracked 
|2039|0x00000000ff700000, 0x00000000ff800000, 0x00000000ff800000|100%| O|  |TAMS 0x00000000ff700000| PB 0x00000000ff700000| Untracked 
|2040|0x00000000ff800000, 0x00000000ff900000, 0x00000000ff900000|100%| O|  |TAMS 0x00000000ff800000| PB 0x00000000ff800000| Untracked 
|2041|0x00000000ff900000, 0x00000000ffa00000, 0x00000000ffa00000|100%| O|  |TAMS 0x00000000ff900000| PB 0x00000000ff900000| Untracked 
|2042|0x00000000ffa00000, 0x00000000ffb00000, 0x00000000ffb00000|100%| O|  |TAMS 0x00000000ffa00000| PB 0x00000000ffa00000| Untracked 
|2043|0x00000000ffb00000, 0x00000000ffc00000, 0x00000000ffc00000|100%| O|  |TAMS 0x00000000ffb00000| PB 0x00000000ffb00000| Untracked 
|2044|0x00000000ffc00000, 0x00000000ffd00000, 0x00000000ffd00000|100%| O|  |TAMS 0x00000000ffc00000| PB 0x00000000ffc00000| Untracked 
|2045|0x00000000ffd00000, 0x00000000ffe00000, 0x00000000ffe00000|100%| O|  |TAMS 0x00000000ffd00000| PB 0x00000000ffd00000| Untracked 
|2046|0x00000000ffe00000, 0x00000000fff00000, 0x00000000fff00000|100%| O|  |TAMS 0x00000000ffe00000| PB 0x00000000ffe00000| Untracked 
|2047|0x00000000fff00000, 0x0000000100000000, 0x0000000100000000|100%| O|  |TAMS 0x00000000fff00000| PB 0x00000000fff00000| Untracked 

Card table byte_map: [0x000002297ef70000,0x000002297f370000] _byte_map_base: 0x000002297eb70000

Marking Bits: (CMBitMap*) 0x0000022978cae5f0
 Bits: [0x000002290f000000, 0x0000022911000000)

Polling page: 0x000002297a680000

Metaspace:

Usage:
  Non-class:     32.78 MB used.
      Class:      5.27 MB used.
       Both:     38.05 MB used.

Virtual space:
  Non-class space:       64.00 MB reserved,      33.31 MB ( 52%) committed,  1 nodes.
      Class space:        1.00 GB reserved,       5.75 MB ( <1%) committed,  1 nodes.
             Both:        1.06 GB reserved,      39.06 MB (  4%) committed. 

Chunk freelists:
   Non-Class:  14.20 MB
       Class:  10.19 MB
        Both:  24.39 MB

MaxMetaspaceSize: unlimited
CompressedClassSpaceSize: 1.00 GB
Initial GC threshold: 21.00 MB
Current GC threshold: 58.88 MB
CDS: off
 - commit_granule_bytes: 65536.
 - commit_granule_words: 8192.
 - virtual_space_node_default_size: 8388608.
 - enlarge_chunks_in_place: 1.
 - use_allocation_guard: 0.


Internal statistics:

num_allocs_failed_limit: 6.
num_arena_births: 1846.
num_arena_deaths: 0.
num_vsnodes_births: 2.
num_vsnodes_deaths: 0.
num_space_committed: 625.
num_space_uncommitted: 0.
num_chunks_returned_to_freelist: 6.
num_chunks_taken_from_freelist: 3296.
num_chunk_merges: 6.
num_chunk_splits: 2064.
num_chunks_enlarged: 1205.
num_inconsistent_stats: 0.

CodeHeap 'non-profiled nmethods': size=119168Kb used=1928Kb max_used=1928Kb free=117239Kb
 bounds [0x0000022907ba0000, 0x0000022907e10000, 0x000002290f000000]
CodeHeap 'profiled nmethods': size=119104Kb used=7097Kb max_used=7436Kb free=112006Kb
 bounds [0x0000022900000000, 0x0000022900750000, 0x0000022907450000]
CodeHeap 'non-nmethods': size=7488Kb used=3178Kb max_used=3227Kb free=4309Kb
 bounds [0x0000022907450000, 0x0000022907780000, 0x0000022907ba0000]
 total_blobs=4109 nmethods=3522 adapters=488
 compilation: enabled
              stopped_count=0, restarted_count=0
 full_count=0

Compilation events (20 events):
Event: 4.047 Thread 0x00000229139543e0 nmethod 3877 0x000002290030ef10 code [0x000002290030f0c0, 0x000002290030f2f8]
Event: 4.047 Thread 0x0000022918020760 nmethod 3878 0x000002290007f210 code [0x000002290007f3a0, 0x000002290007f4f8]
Event: 4.047 Thread 0x0000022918020760 3882       3       org.gradle.model.internal.asm.MethodVisitorScope::_LDC (6 bytes)
Event: 4.047 Thread 0x00000229139543e0 3883       3       org.objectweb.asm.MethodVisitor::visitLdcInsn (87 bytes)
Event: 4.047 Thread 0x0000022913aacd20 nmethod 3880 0x000002290030e710 code [0x000002290030e900, 0x000002290030ecd0]
Event: 4.047 Thread 0x0000022918020760 nmethod 3882 0x000002290008cd10 code [0x000002290008cec0, 0x000002290008d000]
Event: 4.047 Thread 0x0000022913aacd20 3887       3       java.lang.Integer::highestOneBit (10 bytes)
Event: 4.047 Thread 0x0000022918020760 3885       1       com.google.common.collect.LinkedHashMultimap$ValueSet::size (5 bytes)
Event: 4.047 Thread 0x00000229139543e0 nmethod 3883 0x000002290008bf90 code [0x000002290008c1c0, 0x000002290008cb40]
Event: 4.047 Thread 0x0000022918020760 nmethod 3885 0x0000022907c07110 code [0x0000022907c072a0, 0x0000022907c07368]
Event: 4.047 Thread 0x00000229139543e0 3886       1       com.google.common.collect.LinkedHashMultimap$ValueSet::access$100 (5 bytes)
Event: 4.047 Thread 0x0000022913aacd20 nmethod 3887 0x000002290008bc10 code [0x000002290008bdc0, 0x000002290008bee8]
Event: 4.047 Thread 0x0000022918020760 3889       3       org.objectweb.asm.FieldWriter::computeFieldInfoSize (86 bytes)
Event: 4.048 Thread 0x0000022918020090 nmethod 3879 0x0000022900033e10 code [0x00000229000342c0, 0x0000022900035d10]
Event: 4.048 Thread 0x0000022913aacd20 3890       3       org.objectweb.asm.FieldWriter::putFieldInfo (269 bytes)
Event: 4.048 Thread 0x00000229139543e0 nmethod 3886 0x0000022907c06e10 code [0x0000022907c06fa0, 0x0000022907c07050]
Event: 4.048 Thread 0x0000022918020760 nmethod 3889 0x000002290008b590 code [0x000002290008b780, 0x000002290008ba70]
Event: 4.048 Thread 0x0000022913aacd20 nmethod 3890 0x00000229000b6290 code [0x00000229000b6540, 0x00000229000b6ed8]
Event: 4.050 Thread 0x0000022918021bd0 nmethod 3865 0x0000022907c8d910 code [0x0000022907c8db40, 0x0000022907c8e058]
Event: 4.050 Thread 0x0000022918021bd0 3884       4       org.objectweb.asm.SymbolTable::put (150 bytes)

GC Heap History (13 events):
Event: 0.916 GC heap before
{Heap before GC invocations=0 (full 0):
 garbage-first heap   total 126976K, used 26624K [0x0000000080000000, 0x0000000100000000)
  region size 1024K, 23 young (23552K), 0 survivors (0K)
 Metaspace       used 10835K, committed 11008K, reserved 1114112K
  class space    used 1135K, committed 1216K, reserved 1048576K
}
Event: 0.925 GC heap after
{Heap after GC invocations=1 (full 0):
 garbage-first heap   total 126976K, used 10600K [0x0000000080000000, 0x0000000100000000)
  region size 1024K, 3 young (3072K), 3 survivors (3072K)
 Metaspace       used 10835K, committed 11008K, reserved 1114112K
  class space    used 1135K, committed 1216K, reserved 1048576K
}
Event: 1.423 GC heap before
{Heap before GC invocations=1 (full 0):
 garbage-first heap   total 126976K, used 39272K [0x0000000080000000, 0x0000000100000000)
  region size 1024K, 31 young (31744K), 3 survivors (3072K)
 Metaspace       used 11929K, committed 12032K, reserved 1114112K
  class space    used 1248K, committed 1280K, reserved 1048576K
}
Event: 1.428 GC heap after
{Heap after GC invocations=2 (full 0):
 garbage-first heap   total 126976K, used 11289K [0x0000000080000000, 0x0000000100000000)
  region size 1024K, 1 young (1024K), 1 survivors (1024K)
 Metaspace       used 11929K, committed 12032K, reserved 1114112K
  class space    used 1248K, committed 1280K, reserved 1048576K
}
Event: 2.221 GC heap before
{Heap before GC invocations=2 (full 0):
 garbage-first heap   total 126976K, used 53273K [0x0000000080000000, 0x0000000100000000)
  region size 1024K, 43 young (44032K), 1 survivors (1024K)
 Metaspace       used 21216K, committed 21504K, reserved 1114112K
  class space    used 2456K, committed 2624K, reserved 1048576K
}
Event: 2.229 GC heap after
{Heap after GC invocations=3 (full 0):
 garbage-first heap   total 126976K, used 19201K [0x0000000080000000, 0x0000000100000000)
  region size 1024K, 9 young (9216K), 9 survivors (9216K)
 Metaspace       used 21216K, committed 21504K, reserved 1114112K
  class space    used 2456K, committed 2624K, reserved 1048576K
}
Event: 3.003 GC heap before
{Heap before GC invocations=4 (full 0):
 garbage-first heap   total 71680K, used 69377K [0x0000000080000000, 0x0000000100000000)
  region size 1024K, 59 young (60416K), 9 survivors (9216K)
 Metaspace       used 29612K, committed 30144K, reserved 1114112K
  class space    used 3811K, committed 4096K, reserved 1048576K
}
Event: 3.013 GC heap after
{Heap after GC invocations=5 (full 0):
 garbage-first heap   total 84992K, used 22441K [0x0000000080000000, 0x0000000100000000)
  region size 1024K, 4 young (4096K), 4 survivors (4096K)
 Metaspace       used 29612K, committed 30144K, reserved 1114112K
  class space    used 3811K, committed 4096K, reserved 1048576K
}
Event: 3.590 GC heap before
{Heap before GC invocations=5 (full 0):
 garbage-first heap   total 84992K, used 71593K [0x0000000080000000, 0x0000000100000000)
  region size 1024K, 41 young (41984K), 4 survivors (4096K)
 Metaspace       used 34369K, committed 35200K, reserved 1114112K
  class space    used 4629K, committed 4992K, reserved 1048576K
}
Event: 3.596 GC heap after
{Heap after GC invocations=6 (full 0):
 garbage-first heap   total 84992K, used 40082K [0x0000000080000000, 0x0000000100000000)
  region size 1024K, 6 young (6144K), 6 survivors (6144K)
 Metaspace       used 34369K, committed 35200K, reserved 1114112K
  class space    used 4629K, committed 4992K, reserved 1048576K
}
Event: 3.693 GC heap before
{Heap before GC invocations=6 (full 0):
 garbage-first heap   total 84992K, used 45202K [0x0000000080000000, 0x0000000100000000)
  region size 1024K, 12 young (12288K), 6 survivors (6144K)
 Metaspace       used 35289K, committed 36096K, reserved 1114112K
  class space    used 4768K, committed 5184K, reserved 1048576K
}
Event: 3.697 GC heap after
{Heap after GC invocations=7 (full 0):
 garbage-first heap   total 84992K, used 41313K [0x0000000080000000, 0x0000000100000000)
  region size 1024K, 1 young (1024K), 1 survivors (1024K)
 Metaspace       used 35289K, committed 36096K, reserved 1114112K
  class space    used 4768K, committed 5184K, reserved 1048576K
}
Event: 4.051 GC heap before
{Heap before GC invocations=8 (full 0):
 garbage-first heap   total 84992K, used 72033K [0x0000000080000000, 0x0000000100000000)
  region size 1024K, 31 young (31744K), 1 survivors (1024K)
 Metaspace       used 38961K, committed 40000K, reserved 1114112K
  class space    used 5394K, committed 5888K, reserved 1048576K
}

Dll operation events (3 events):
Event: 0.011 Loaded shared library E:\LapTrinhMoblie\Setting\AndroidStudio\jbr\bin\java.dll
Event: 0.018 Loaded shared library E:\LapTrinhMoblie\Setting\AndroidStudio\jbr\bin\zip.dll
Event: 0.567 Loaded shared library E:\LapTrinhMoblie\Setting\AndroidStudio\jbr\bin\verify.dll

Deoptimization events (20 events):
Event: 3.577 Thread 0x0000022919b68360 DEOPT PACKING pc=0x00000229002ad841 sp=0x0000007ff7bf9c50
Event: 3.577 Thread 0x0000022919b68360 DEOPT UNPACKING pc=0x00000229074a4e42 sp=0x0000007ff7bf91c0 mode 0
Event: 3.579 Thread 0x0000022919b68360 DEOPT PACKING pc=0x00000229000e90a9 sp=0x0000007ff7bf9d90
Event: 3.579 Thread 0x0000022919b68360 DEOPT UNPACKING pc=0x00000229074a4e42 sp=0x0000007ff7bf9290 mode 0
Event: 3.686 Thread 0x0000022919b68360 Uncommon trap: trap_request=0xffffff45 fr.pc=0x0000022907bd2b90 relative=0x0000000000000070
Event: 3.686 Thread 0x0000022919b68360 Uncommon trap: reason=unstable_if action=reinterpret pc=0x0000022907bd2b90 method=java.io.WinNTFileSystem.isSlash(C)Z @ 9 c2
Event: 3.686 Thread 0x0000022919b68360 DEOPT PACKING pc=0x0000022907bd2b90 sp=0x0000007ff7bf6b40
Event: 3.686 Thread 0x0000022919b68360 DEOPT UNPACKING pc=0x00000229074a46a2 sp=0x0000007ff7bf6ab8 mode 2
Event: 3.726 Thread 0x0000022919b68360 Uncommon trap: trap_request=0xffffff45 fr.pc=0x0000022907c2a25c relative=0x0000000000000ddc
Event: 3.726 Thread 0x0000022919b68360 Uncommon trap: reason=unstable_if action=reinterpret pc=0x0000022907c2a25c method=java.util.Properties$LineReader.readLine()I @ 95 c2
Event: 3.726 Thread 0x0000022919b68360 DEOPT PACKING pc=0x0000022907c2a25c sp=0x0000007ff7bfa430
Event: 3.726 Thread 0x0000022919b68360 DEOPT UNPACKING pc=0x00000229074a46a2 sp=0x0000007ff7bfa3d0 mode 2
Event: 3.760 Thread 0x0000022919b68360 DEOPT PACKING pc=0x00000229006fa8e9 sp=0x0000007ff7bf9ca0
Event: 3.760 Thread 0x0000022919b68360 DEOPT UNPACKING pc=0x00000229074a4e42 sp=0x0000007ff7bf91b0 mode 0
Event: 3.896 Thread 0x0000022919b68360 DEOPT PACKING pc=0x00000229006fa90a sp=0x0000007ff7bf76d0
Event: 3.896 Thread 0x0000022919b68360 DEOPT UNPACKING pc=0x00000229074a4e42 sp=0x0000007ff7bf6be0 mode 0
Event: 3.921 Thread 0x0000022919b68360 Uncommon trap: trap_request=0xffffff45 fr.pc=0x0000022907c1b134 relative=0x00000000000002d4
Event: 3.921 Thread 0x0000022919b68360 Uncommon trap: reason=unstable_if action=reinterpret pc=0x0000022907c1b134 method=java.util.HashMap.hash(Ljava/lang/Object;)I @ 1 c2
Event: 3.921 Thread 0x0000022919b68360 DEOPT PACKING pc=0x0000022907c1b134 sp=0x0000007ff7bf6e20
Event: 3.921 Thread 0x0000022919b68360 DEOPT UNPACKING pc=0x00000229074a46a2 sp=0x0000007ff7bf6cb8 mode 2

Classes loaded (20 events):
Event: 3.712 Loading class java/lang/StringIndexOutOfBoundsException
Event: 3.712 Loading class java/lang/StringIndexOutOfBoundsException done
Event: 3.915 Loading class java/lang/invoke/SerializedLambda
Event: 3.916 Loading class java/lang/invoke/SerializedLambda done
Event: 3.920 Loading class java/lang/reflect/AnnotatedType
Event: 3.920 Loading class java/lang/reflect/AnnotatedType done
Event: 3.925 Loading class java/lang/Class$EnclosingMethodInfo
Event: 3.925 Loading class java/lang/Class$EnclosingMethodInfo done
Event: 3.927 Loading class sun/reflect/generics/tree/IntSignature
Event: 3.927 Loading class sun/reflect/generics/tree/IntSignature done
Event: 3.927 Loading class sun/reflect/generics/tree/ArrayTypeSignature
Event: 3.927 Loading class sun/reflect/generics/tree/ArrayTypeSignature done
Event: 3.929 Loading class java/lang/SafeVarargs
Event: 3.929 Loading class java/lang/SafeVarargs done
Event: 3.934 Loading class java/util/regex/Pattern$GroupCurly
Event: 3.934 Loading class java/util/regex/Pattern$GroupCurly done
Event: 3.967 Loading class jdk/internal/reflect/MethodHandleIntegerFieldAccessorImpl
Event: 3.967 Loading class jdk/internal/reflect/MethodHandleIntegerFieldAccessorImpl done
Event: 4.028 Loading class java/lang/invoke/BoundMethodHandle$Species_LLLLLLLLLLLLLLLLLLLLLLLL
Event: 4.028 Loading class java/lang/invoke/BoundMethodHandle$Species_LLLLLLLLLLLLLLLLLLLLLLLL done

Classes unloaded (0 events):
No events

Classes redefined (0 events):
No events

Internal exceptions (20 events):
Event: 3.612 Thread 0x0000022919b68360 Exception <a 'java/lang/NoSuchMethodError'{0x0000000087bda7c8}: static Lorg/jetbrains/plugins/gradle/model/UnresolvedExternalDependency;.<clinit>()V> (0x0000000087bda7c8) 
thrown [s\src\hotspot\share\prims\jni.cpp, line 1126]
Event: 3.618 Thread 0x0000022919b68360 Exception <a 'java/lang/NoSuchMethodError'{0x0000000085071cc8}: static Lorg/gradle/tooling/internal/consumer/versioning/VersionDetails;.<clinit>()V> (0x0000000085071cc8) 
thrown [s\src\hotspot\share\prims\jni.cpp, line 1126]
Event: 3.619 Thread 0x0000022919b68360 Exception <a 'java/lang/NoSuchMethodError'{0x0000000085074938}: static Lorg/gradle/tooling/internal/consumer/versioning/VersionDetails$R26VersionDetails;.<clinit>()V> (0x0000000085074938) 
thrown [s\src\hotspot\share\prims\jni.cpp, line 1126]
Event: 3.619 Thread 0x0000022919b68360 Exception <a 'java/lang/NoSuchMethodError'{0x0000000085075fd0}: static Lorg/gradle/tooling/internal/consumer/versioning/VersionDetails$R28VersionDetails;.<clinit>()V> (0x0000000085075fd0) 
thrown [s\src\hotspot\share\prims\jni.cpp, line 1126]
Event: 3.619 Thread 0x0000022919b68360 Exception <a 'java/lang/NoSuchMethodError'{0x0000000085077578}: static Lorg/gradle/tooling/internal/consumer/versioning/VersionDetails$R35VersionDetails;.<clinit>()V> (0x0000000085077578) 
thrown [s\src\hotspot\share\prims\jni.cpp, line 1126]
Event: 3.619 Thread 0x0000022919b68360 Exception <a 'java/lang/NoSuchMethodError'{0x0000000085078ce8}: static Lorg/gradle/tooling/internal/consumer/versioning/VersionDetails$R44VersionDetails;.<clinit>()V> (0x0000000085078ce8) 
thrown [s\src\hotspot\share\prims\jni.cpp, line 1126]
Event: 3.619 Thread 0x0000022919b68360 Exception <a 'java/lang/NoSuchMethodError'{0x000000008507a390}: static Lorg/gradle/tooling/internal/consumer/versioning/VersionDetails$R48VersionDetails;.<clinit>()V> (0x000000008507a390) 
thrown [s\src\hotspot\share\prims\jni.cpp, line 1126]
Event: 3.619 Thread 0x0000022919b68360 Exception <a 'java/lang/NoSuchMethodError'{0x000000008507b8d8}: static Lorg/gradle/tooling/internal/consumer/versioning/VersionDetails$R51VersionDetails;.<clinit>()V> (0x000000008507b8d8) 
thrown [s\src\hotspot\share\prims\jni.cpp, line 1126]
Event: 3.661 Thread 0x0000022919b68360 Exception <a 'java/lang/NoSuchMethodError'{0x0000000084e81c10}: 'java.lang.Object java.lang.invoke.DirectMethodHandle$Holder.newInvokeSpecial(java.lang.Object, java.lang.Object, int)'> (0x0000000084e81c10) 
thrown [s\src\hotspot\share\interpreter\linkResolver.cpp, line 784]
Event: 3.746 Thread 0x0000022919b68360 Exception <a 'java/lang/NoSuchMethodError'{0x0000000084e7ea50}: 'void java.lang.invoke.DirectMethodHandle$Holder.invokeInterface(java.lang.Object, java.lang.Object, java.lang.Object, java.lang.Object, java.lang.Object)'> (0x0000000084e7ea50) 
thrown [s\src\hotspot\share\interpreter\linkResolver.cpp, line 784]
Event: 3.831 Thread 0x0000022919b68360 Exception <a 'java/lang/NoSuchMethodError'{0x0000000083e47f60}: 'java.lang.Object java.lang.invoke.DirectMethodHandle$Holder.invokeSpecialIFC(java.lang.Object, java.lang.Object, java.lang.Object, java.lang.Object)'> (0x0000000083e47f60) 
thrown [s\src\hotspot\share\interpreter\linkResolver.cpp, line 784]
Event: 3.846 Thread 0x0000022919b68360 Exception <a 'java/lang/NoSuchMethodError'{0x0000000083d6dba0}: 'java.lang.Object java.lang.invoke.DirectMethodHandle$Holder.newInvokeSpecial(java.lang.Object, java.lang.Object, java.lang.Object, java.lang.Object, java.lang.Object, java.lang.Object, java.lang.Object, java.lang.Object, java.lang.Object, java.lang.Object, java.lang.Object)'> (0x0000000083d6dba0) 
thrown [s\src\hotspot\share\interpreter\linkResolver.cpp, line 784]
Event: 3.854 Thread 0x0000022919b68360 Exception <a 'java/lang/NoSuchMethodError'{0x0000000083c90270}: 'java.lang.Object java.lang.invoke.DirectMethodHandle$Holder.invokeVirtual(java.lang.Object, java.lang.Object, java.lang.Object, java.lang.Object, java.lang.Object, java.lang.Object, java.lang.Object, java.lang.Object, java.lang.Object, java.lang.Object, java.lang.Object, java.lang.Object, java.lang.Object)'> (0x0000000083c90270) 
thrown [s\src\hotspot\share\interpreter\linkResolver.cpp, line 784]
Event: 3.854 Thread 0x0000022919b68360 Exception <a 'java/lang/NoSuchMethodError'{0x0000000083c95c88}: 'java.lang.Object java.lang.invoke.DirectMethodHandle$Holder.invokeSpecial(java.lang.Object, java.lang.Object, java.lang.Object, java.lang.Object, java.lang.Object, java.lang.Object, java.lang.Object, java.lang.Object, java.lang.Object, java.lang.Object, java.lang.Object, java.lang.Object, java.lang.Object, java.lang.Object)'> (0x0000000083c95c88) 
thrown [s\src\hotspot\share\interpreter\linkResolver.cpp, line 784]
Event: 3.855 Thread 0x0000022919b68360 Exception <a 'java/lang/NoSuchMethodError'{0x0000000083c9af28}: 'java.lang.Object java.lang.invoke.DelegatingMethodHandle$Holder.reinvoke_L(java.lang.Object, java.lang.Object, java.lang.Object, java.lang.Object, java.lang.Object, java.lang.Object, java.lang.Object, java.lang.Object, java.lang.Object, java.lang.Object, java.lang.Object, java.lang.Object, java.lang.Object)'> (0x0000000083c9af28) 
thrown [s\src\hotspot\share\interpreter\linkResolver.cpp, line 784]
Event: 3.921 Thread 0x0000022919b68360 Implicit null exception at 0x0000022907c1aeba to 0x0000022907c1b11c
Event: 3.963 Thread 0x0000022919b68360 Exception <a 'java/lang/NoSuchMethodError'{0x00000000833b9d00}: 'java.lang.Object java.lang.invoke.DirectMethodHandle$Holder.newInvokeSpecial(java.lang.Object, java.lang.Object, int, int)'> (0x00000000833b9d00) 
thrown [s\src\hotspot\share\interpreter\linkResolver.cpp, line 784]
Event: 3.967 Thread 0x0000022919b68360 Exception <a 'java/lang/NoSuchMethodError'{0x00000000833f5670}: 'void java.lang.invoke.DirectMethodHandle$Holder.invokeSpecial(java.lang.Object, java.lang.Object, int)'> (0x00000000833f5670) 
thrown [s\src\hotspot\share\interpreter\linkResolver.cpp, line 784]
Event: 3.967 Thread 0x0000022919b68360 Exception <a 'java/lang/NoSuchMethodError'{0x00000000833f9c00}: 'void java.lang.invoke.Invokers$Holder.invokeExact_MT(java.lang.Object, int, java.lang.Object)'> (0x00000000833f9c00) 
thrown [s\src\hotspot\share\interpreter\linkResolver.cpp, line 784]
Event: 4.029 Thread 0x0000022919b68360 Exception <a 'java/lang/NoSuchMethodError'{0x0000000082c3bf38}: 'java.lang.Object java.lang.invoke.DirectMethodHandle$Holder.invokeStatic(java.lang.Object, java.lang.Object, java.lang.Object, java.lang.Object, java.lang.Object, java.lang.Object, java.lang.Object, java.lang.Object, java.lang.Object, java.lang.Object, java.lang.Object, java.lang.Object, java.lang.Object, java.lang.Object, java.lang.Object, java.lang.Object, java.lang.Object, java.lang.Object, java.lang.Object, java.lang.Object, java.lang.Obj

ZGC Phase Switch (0 events):
No events

VM Operations (20 events):
Event: 3.013 Executing VM operation: G1CollectForAllocation (G1 Evacuation Pause) done
Event: 3.397 Executing VM operation: HandshakeAllThreads (Deoptimize)
Event: 3.397 Executing VM operation: HandshakeAllThreads (Deoptimize) done
Event: 3.472 Executing VM operation: ICBufferFull
Event: 3.472 Executing VM operation: ICBufferFull done
Event: 3.590 Executing VM operation: G1CollectForAllocation (G1 Evacuation Pause)
Event: 3.596 Executing VM operation: G1CollectForAllocation (G1 Evacuation Pause) done
Event: 3.693 Executing VM operation: CollectForMetadataAllocation (Metadata GC Threshold)
Event: 3.697 Executing VM operation: CollectForMetadataAllocation (Metadata GC Threshold) done
Event: 3.704 Executing VM operation: G1PauseRemark
Event: 3.707 Executing VM operation: G1PauseRemark done
Event: 3.713 Executing VM operation: G1PauseCleanup
Event: 3.713 Executing VM operation: G1PauseCleanup done
Event: 3.728 Executing VM operation: HandshakeAllThreads (Deoptimize)
Event: 3.728 Executing VM operation: HandshakeAllThreads (Deoptimize) done
Event: 3.728 Executing VM operation: HandshakeAllThreads (Deoptimize)
Event: 3.729 Executing VM operation: HandshakeAllThreads (Deoptimize) done
Event: 3.924 Executing VM operation: HandshakeAllThreads (Deoptimize)
Event: 3.924 Executing VM operation: HandshakeAllThreads (Deoptimize) done
Event: 4.051 Executing VM operation: G1CollectForAllocation (G1 Evacuation Pause)

Events (20 events):
Event: 3.706 Thread 0x000002291389b5c0 flushing nmethod 0x0000022907be3290
Event: 3.706 Thread 0x000002291389b5c0 flushing nmethod 0x0000022907bde210
Event: 3.706 Thread 0x000002291389b5c0 flushing nmethod 0x0000022907bbf490
Event: 3.706 Thread 0x000002291389b5c0 flushing nmethod 0x0000022907bd6810
Event: 3.706 Thread 0x000002291389b5c0 flushing nmethod 0x0000022907bd4990
Event: 3.706 Thread 0x000002291389b5c0 flushing nmethod 0x0000022907bd4390
Event: 3.706 Thread 0x000002291389b5c0 flushing nmethod 0x0000022907bd3990
Event: 3.706 Thread 0x000002291389b5c0 flushing nmethod 0x0000022907bd2f90
Event: 3.706 Thread 0x000002291389b5c0 flushing nmethod 0x0000022907bcab10
Event: 3.706 Thread 0x000002291389b5c0 flushing nmethod 0x0000022907bc7490
Event: 3.706 Thread 0x000002291389b5c0 flushing nmethod 0x0000022907bade90
Event: 3.706 Thread 0x000002291389b5c0 flushing nmethod 0x0000022907bac110
Event: 3.706 Thread 0x000002291389b5c0 flushing nmethod 0x0000022907bb5a10
Event: 3.706 Thread 0x000002291389b5c0 flushing nmethod 0x0000022907ba9510
Event: 3.706 Thread 0x000002291389b5c0 flushing nmethod 0x0000022907baf210
Event: 3.706 Thread 0x000002291389b5c0 flushing nmethod 0x0000022907baee10
Event: 3.825 Thread 0x000002291c5063e0 Thread added: 0x000002291c5063e0
Event: 3.867 Thread 0x000002291c5035f0 Thread added: 0x000002291c5035f0
Event: 3.878 Thread 0x000002291c5049a0 Thread added: 0x000002291c5049a0
Event: 4.012 Thread 0x000002291c503c80 Thread added: 0x000002291c503c80


Dynamic libraries:
0x00007ff672150000 - 0x00007ff67215a000 	E:\LapTrinhMoblie\Setting\AndroidStudio\jbr\bin\java.exe
0x00007ffc0dac0000 - 0x00007ffc0dd23000 	C:\WINDOWS\SYSTEM32\ntdll.dll
0x00007ffc0b9e0000 - 0x00007ffc0baa7000 	C:\WINDOWS\System32\KERNEL32.DLL
0x00007ffc0ae30000 - 0x00007ffc0b1f9000 	C:\WINDOWS\System32\KERNELBASE.dll
0x00007ffc0b4d0000 - 0x00007ffc0b61c000 	C:\WINDOWS\System32\ucrtbase.dll
0x00007ffc00df0000 - 0x00007ffc00e08000 	E:\LapTrinhMoblie\Setting\AndroidStudio\jbr\bin\jli.dll
0x00007ffc03130000 - 0x00007ffc0314b000 	E:\LapTrinhMoblie\Setting\AndroidStudio\jbr\bin\VCRUNTIME140.dll
0x00007ffc0bb40000 - 0x00007ffc0bd0a000 	C:\WINDOWS\System32\USER32.dll
0x00007ffbee430000 - 0x00007ffbee6c0000 	C:\WINDOWS\WinSxS\amd64_microsoft.windows.common-controls_6595b64144ccf1df_6.0.26100.3323_none_3e088096e3344490\COMCTL32.dll
0x00007ffc0b620000 - 0x00007ffc0b647000 	C:\WINDOWS\System32\win32u.dll
0x00007ffc0b8e0000 - 0x00007ffc0b90a000 	C:\WINDOWS\System32\GDI32.dll
0x00007ffc0c3a0000 - 0x00007ffc0c449000 	C:\WINDOWS\System32\msvcrt.dll
0x00007ffc0b6e0000 - 0x00007ffc0b811000 	C:\WINDOWS\System32\gdi32full.dll
0x00007ffc0b2a0000 - 0x00007ffc0b343000 	C:\WINDOWS\System32\msvcp_win.dll
0x00007ffc0c160000 - 0x00007ffc0c18f000 	C:\WINDOWS\System32\IMM32.DLL
0x00007ffc03200000 - 0x00007ffc0320c000 	E:\LapTrinhMoblie\Setting\AndroidStudio\jbr\bin\vcruntime140_1.dll
0x00007ffbfd9d0000 - 0x00007ffbfda5d000 	E:\LapTrinhMoblie\Setting\AndroidStudio\jbr\bin\msvcp140.dll
0x00007ffb6d230000 - 0x00007ffb6dead000 	E:\LapTrinhMoblie\Setting\AndroidStudio\jbr\bin\server\jvm.dll
0x00007ffc0bf40000 - 0x00007ffc0bff2000 	C:\WINDOWS\System32\ADVAPI32.dll
0x00007ffc0b910000 - 0x00007ffc0b9b6000 	C:\WINDOWS\System32\sechost.dll
0x00007ffc0bd10000 - 0x00007ffc0be26000 	C:\WINDOWS\System32\RPCRT4.dll
0x00007ffc0bac0000 - 0x00007ffc0bb34000 	C:\WINDOWS\System32\WS2_32.dll
0x00007ffc09970000 - 0x00007ffc099be000 	C:\WINDOWS\SYSTEM32\POWRPROF.dll
0x00007ffbfbeb0000 - 0x00007ffbfbee6000 	C:\WINDOWS\SYSTEM32\WINMM.dll
0x00007ffc01330000 - 0x00007ffc0133b000 	C:\WINDOWS\SYSTEM32\VERSION.dll
0x00007ffc09950000 - 0x00007ffc09964000 	C:\WINDOWS\SYSTEM32\UMPDC.dll
0x00007ffc09b50000 - 0x00007ffc09b6a000 	C:\WINDOWS\SYSTEM32\kernel.appcore.dll
0x00007ffc031f0000 - 0x00007ffc031fa000 	E:\LapTrinhMoblie\Setting\AndroidStudio\jbr\bin\jimage.dll
0x00007ffc08610000 - 0x00007ffc08851000 	C:\WINDOWS\SYSTEM32\DBGHELP.DLL
0x00007ffc0d590000 - 0x00007ffc0d912000 	C:\WINDOWS\System32\combase.dll
0x00007ffc0d9a0000 - 0x00007ffc0da76000 	C:\WINDOWS\System32\OLEAUT32.dll
0x00007ffbeb440000 - 0x00007ffbeb479000 	C:\WINDOWS\SYSTEM32\dbgcore.DLL
0x00007ffc0b200000 - 0x00007ffc0b299000 	C:\WINDOWS\System32\bcryptPrimitives.dll
0x00007ffc02c50000 - 0x00007ffc02c5e000 	E:\LapTrinhMoblie\Setting\AndroidStudio\jbr\bin\instrument.dll
0x00007ffc02ee0000 - 0x00007ffc02eff000 	E:\LapTrinhMoblie\Setting\AndroidStudio\jbr\bin\java.dll
0x00007ffc02440000 - 0x00007ffc02458000 	E:\LapTrinhMoblie\Setting\AndroidStudio\jbr\bin\zip.dll
0x00007ffc0cb20000 - 0x00007ffc0d235000 	C:\WINDOWS\System32\SHELL32.dll
0x00007ffc0acc0000 - 0x00007ffc0ae28000 	C:\WINDOWS\System32\wintypes.dll
0x00007ffc08a00000 - 0x00007ffc09245000 	C:\WINDOWS\SYSTEM32\windows.storage.dll
0x00007ffc0d4a0000 - 0x00007ffc0d58b000 	C:\WINDOWS\System32\SHCORE.dll
0x00007ffc0c450000 - 0x00007ffc0c4ad000 	C:\WINDOWS\System32\shlwapi.dll
0x00007ffc0abd0000 - 0x00007ffc0abff000 	C:\WINDOWS\SYSTEM32\profapi.dll
0x00007ffc031b0000 - 0x00007ffc031c0000 	E:\LapTrinhMoblie\Setting\AndroidStudio\jbr\bin\net.dll
0x00007ffc00c70000 - 0x00007ffc00d8e000 	C:\WINDOWS\SYSTEM32\WINHTTP.dll
0x00007ffc0a110000 - 0x00007ffc0a17a000 	C:\WINDOWS\system32\mswsock.dll
0x00007ffc01310000 - 0x00007ffc01326000 	E:\LapTrinhMoblie\Setting\AndroidStudio\jbr\bin\nio.dll
0x00007ffbf9270000 - 0x00007ffbf9280000 	E:\LapTrinhMoblie\Setting\AndroidStudio\jbr\bin\verify.dll
0x00007ffbf91f0000 - 0x00007ffbf9217000 	C:\Users\ACER\.gradle\native\c067742578af261105cb4f569cf0c3c89f3d7b1fecec35dd04571415982c5e48\windows-amd64\native-platform.dll
0x00007ffbfb380000 - 0x00007ffbfb4c4000 	C:\Users\ACER\.gradle\native\38dada09dfb8b06ba9b0570ebf7e218e3eb74d4ef43ca46872605cf95ebc2f47\windows-amd64\native-platform-file-events.dll
0x00007ffc01220000 - 0x00007ffc01229000 	E:\LapTrinhMoblie\Setting\AndroidStudio\jbr\bin\management.dll
0x00007ffc00e20000 - 0x00007ffc00e2b000 	E:\LapTrinhMoblie\Setting\AndroidStudio\jbr\bin\management_ext.dll
0x00007ffc0c4f0000 - 0x00007ffc0c4f8000 	C:\WINDOWS\System32\PSAPI.DLL
0x00007ffc0a3b0000 - 0x00007ffc0a3cc000 	C:\WINDOWS\SYSTEM32\CRYPTSP.dll
0x00007ffc09b70000 - 0x00007ffc09baa000 	C:\WINDOWS\system32\rsaenh.dll
0x00007ffc0a1b0000 - 0x00007ffc0a1db000 	C:\WINDOWS\SYSTEM32\USERENV.dll
0x00007ffc0a5f0000 - 0x00007ffc0a616000 	C:\WINDOWS\SYSTEM32\bcrypt.dll
0x00007ffc0a3d0000 - 0x00007ffc0a3dc000 	C:\WINDOWS\SYSTEM32\CRYPTBASE.dll
0x00007ffc09600000 - 0x00007ffc09633000 	C:\WINDOWS\SYSTEM32\IPHLPAPI.DLL
0x00007ffc0c4b0000 - 0x00007ffc0c4ba000 	C:\WINDOWS\System32\NSI.dll
0x00007ffc02790000 - 0x00007ffc02799000 	E:\LapTrinhMoblie\Setting\AndroidStudio\jbr\bin\extnet.dll
0x00007ffbea3a0000 - 0x00007ffbea3a8000 	C:\WINDOWS\system32\wshunix.dll

dbghelp: loaded successfully - version: 4.0.5 - missing functions: none
symbol engine: initialized successfully - sym options: 0x614 - pdb path: .;E:\LapTrinhMoblie\Setting\AndroidStudio\jbr\bin;C:\WINDOWS\SYSTEM32;C:\WINDOWS\WinSxS\amd64_microsoft.windows.common-controls_6595b64144ccf1df_6.0.26100.3323_none_3e088096e3344490;E:\LapTrinhMoblie\Setting\AndroidStudio\jbr\bin\server;C:\Users\ACER\.gradle\native\c067742578af261105cb4f569cf0c3c89f3d7b1fecec35dd04571415982c5e48\windows-amd64;C:\Users\ACER\.gradle\native\38dada09dfb8b06ba9b0570ebf7e218e3eb74d4ef43ca46872605cf95ebc2f47\windows-amd64

VM Arguments:
jvm_args: --add-opens=java.base/java.util=ALL-UNNAMED --add-opens=java.base/java.lang=ALL-UNNAMED --add-opens=java.base/java.lang.invoke=ALL-UNNAMED --add-opens=java.prefs/java.util.prefs=ALL-UNNAMED --add-opens=java.base/java.nio.charset=ALL-UNNAMED --add-opens=java.base/java.net=ALL-UNNAMED --add-opens=java.base/java.util.concurrent.atomic=ALL-UNNAMED -Xmx2048m -Dfile.encoding=UTF-8 -Duser.country=US -Duser.language=en -Duser.variant -javaagent:C:\Users\ACER\.gradle\wrapper\dists\gradle-8.7-bin\bhs2wmbdwecv87pi65oeuq5iu\gradle-8.7\lib\agents\gradle-instrumentation-agent-8.7.jar 
java_command: org.gradle.launcher.daemon.bootstrap.GradleDaemon 8.7
java_class_path (initial): C:\Users\ACER\.gradle\wrapper\dists\gradle-8.7-bin\bhs2wmbdwecv87pi65oeuq5iu\gradle-8.7\lib\gradle-launcher-8.7.jar
Launcher Type: SUN_STANDARD

[Global flags]
     intx CICompilerCount                          = 12                                        {product} {ergonomic}
     uint ConcGCThreads                            = 4                                         {product} {ergonomic}
     uint G1ConcRefinementThreads                  = 15                                        {product} {ergonomic}
   size_t G1HeapRegionSize                         = 1048576                                   {product} {ergonomic}
    uintx GCDrainStackTargetSize                   = 64                                        {product} {ergonomic}
   size_t InitialHeapSize                          = 130023424                                 {product} {ergonomic}
   size_t MarkStackSize                            = 4194304                                   {product} {ergonomic}
   size_t MaxHeapSize                              = 2147483648                                {product} {command line}
   size_t MaxNewSize                               = 1287651328                                {product} {ergonomic}
   size_t MinHeapDeltaBytes                        = 1048576                                   {product} {ergonomic}
   size_t MinHeapSize                              = 8388608                                   {product} {ergonomic}
    uintx NonNMethodCodeHeapSize                   = 7602480                                {pd product} {ergonomic}
    uintx NonProfiledCodeHeapSize                  = 122027880                              {pd product} {ergonomic}
    uintx ProfiledCodeHeapSize                     = 122027880                              {pd product} {ergonomic}
    uintx ReservedCodeCacheSize                    = 251658240                              {pd product} {ergonomic}
     bool SegmentedCodeCache                       = true                                      {product} {ergonomic}
   size_t SoftMaxHeapSize                          = 2147483648                             {manageable} {ergonomic}
     bool UseCompressedOops                        = true                           {product lp64_product} {ergonomic}
     bool UseG1GC                                  = true                                      {product} {ergonomic}
     bool UseLargePagesIndividualAllocation        = false                                  {pd product} {ergonomic}

Logging:
Log output configuration:
 #0: stdout all=warning uptime,level,tags foldmultilines=false
 #1: stderr all=off uptime,level,tags foldmultilines=false

Environment Variables:
PATH=D:\LT_Mang\transcriptvideo\ffmpeg-7.1-essentials_build\bin;C:\Program Files\Java\jdk-21\bin;C:\Program Files\Common Files\Oracle\Java\javapath;C:\Windows\system32;C:\Windows;C:\Windows\System32\Wbem;C:\Windows\System32\WindowsPowerShell\v1.0\;C:\Windows\System32\OpenSSH\;C:\Program Files (x86)\NVIDIA Corporation\PhysX\Common;C:\Program Files\NVIDIA Corporation\NVIDIA NvDLISR;C:\WINDOWS\system32;C:\Users\ACER\AppData\Local\Programs\Python\Python37;C:\WINDOWS;C:\WINDOWS\System32\Wbem;C:\WINDOWS\System32\WindowsPowerShell\v1.0\;C:\WINDOWS\System32\OpenSSH\;C:\Program Files\Cloudflare\Cloudflare WARP\;C:\msys64\mingw64\bin;E:\Git\cmd;C:\Program Files\Azure Data Studio\bin;C:\Program Files (x86)\Microsoft SQL Server\160\Tools\Binn\;C:\Program Files\Microsoft SQL Server\160\Tools\Binn\;C:\Program Files\Microsoft SQL Server\Client SDK\ODBC\170\Tools\Binn\;C:\Program Files\Microsoft SQL Server\160\DTS\Binn\;C:\Program Files\dotnet\;C:\Program Files\nodejs\;C:\Program Files\CMake\bin;C:\Users\ACER\Downloads\ninja-win;D:\PBL_5\ffmpeg-master-latest-win64-gpl-shared\bin;C:\Program Files (x86)\Windows Kits\10\Windows Performance Toolkit\;C:\Program Files\Microsoft Visual Studio\2022\Enterprise\MSBuild\Current\Bin;C:\Users\ACER\.cargo\bin;C:\Users\ACER\AppData\Local\Programs\Python\Python37-32\Scripts\;C:\Users\ACER\AppData\Local\Programs\Python\Python37-32\;D:\LT_Mang\transcriptvideo\ffmpeg-7.1-essentials_build\bin;C:\Users\ACER\AppData\Local\Programs\Python\Python312\Scripts\;C:\Users\ACER\AppData\Local\Programs\Python\Python312\;C:\Users\ACER\AppData\Local\Programs\Python\Python311\Scripts\;C:\Users\ACER\AppData\Local\Programs\Python\Python311\;C:\Users\ACER\AppData\Local\Microsoft\WindowsApps;C:\Users\ACER\AppData\Local\Programs\Microsoft VS Code\bin;C:\msys64\mingw64\bin;C:\Program Files\Azure Data Studio\bin;C:\Users\ACER\.dotnet\tools;C:\Users\ACER\AppData\Roaming\npm;C:\Users\ACER\OneDrive - The University of Technology\PyCharm 2024.2\bin;;C:\Program Files\JetBrains\PyCharm Community Edition 2024.2\bin;;C:\Program Files (x86)\Microsoft Visual Studio\2022\BuildTools\MSBuild\Current\Bin;D:\PBL_5\ffmpeg-master-latest-win64-gpl-shared\bin;
USERNAME=ACER
OS=Windows_NT
PROCESSOR_IDENTIFIER=Intel64 Family 6 Model 154 Stepping 3, GenuineIntel
TMP=C:\Users\ACER\AppData\Local\Temp
TEMP=C:\Users\ACER\AppData\Local\Temp




Periodic native trim disabled

JNI global refs:
JNI global refs: 34, weak refs: 1

JNI global refs memory usage: 835, weak refs: 833

Process memory usage:
Resident Set Size: 248552K (3% of 8085560K total physical memory with 710352K free physical memory)

OOME stack traces (most recent first):
Classloader memory used:
Loader bootstrap                                                                       : 18171K
Loader org.gradle.internal.classloader.VisitableURLClassLoader                         : 15915K
Loader org.gradle.initialization.MixInLegacyTypesClassLoader                           : 3665K
Loader org.gradle.internal.classloader.VisitableURLClassLoader                         : 716K
Loader jdk.internal.loader.ClassLoaders$AppClassLoader                                 : 230K
Loader jdk.internal.reflect.DelegatingClassLoader                                      : 148K
Loader jdk.internal.loader.ClassLoaders$PlatformClassLoader                            : 114K

Classes loaded by more than one classloader:
Class org.gradle.api.GradleException                                                  : loaded 3 times (x 79B)
Class org.gradle.internal.classloader.ClassLoaderHierarchy                            : loaded 2 times (x 67B)
Class org.gradle.api.internal.classpath.ManifestUtil                                  : loaded 2 times (x 68B)
Class org.gradle.internal.operations.MultipleBuildOperationFailures                   : loaded 2 times (x 92B)
Class org.gradle.internal.classloader.DefaultClassLoaderFactory                       : loaded 2 times (x 79B)
Class org.gradle.internal.classloader.ClassLoaderVisitor                              : loaded 2 times (x 73B)
Class org.gradle.api.internal.classpath.EffectiveClassPath                            : loaded 2 times (x 87B)
Class org.gradle.api.internal.DefaultClassPathProvider                                : loaded 2 times (x 73B)
Class [Lorg.gradle.api.internal.ClassPathProvider;                                    : loaded 2 times (x 66B)
Class org.gradle.api.internal.ClassPathProvider                                       : loaded 2 times (x 67B)
Class org.gradle.internal.service.UnknownServiceException                             : loaded 2 times (x 80B)
Class org.gradle.internal.classpath.TransformedClassPath                              : loaded 2 times (x 93B)
Class org.gradle.internal.service.ServiceLocator                                      : loaded 2 times (x 67B)
Class org.gradle.internal.InternalTransformer                                         : loaded 2 times (x 67B)
Class org.gradle.internal.time.DefaultTimer                                           : loaded 2 times (x 77B)
Class org.gradle.internal.classloader.ClasspathUtil$1                                 : loaded 2 times (x 73B)
Class org.gradle.api.internal.classpath.DefaultModuleRegistry$DefaultModule           : loaded 2 times (x 83B)
Class org.gradle.internal.time.DefaultCountdownTimer                                  : loaded 2 times (x 85B)
Class kotlin.Function                                                                 : loaded 2 times (x 67B)
Class org.gradle.api.internal.classpath.Module                                        : loaded 2 times (x 67B)
Class org.gradle.api.internal.classpath.UnknownModuleException                        : loaded 2 times (x 79B)
Class org.gradle.cache.GlobalCache                                                    : loaded 2 times (x 67B)
Class org.gradle.api.internal.DefaultClassPathRegistry                                : loaded 2 times (x 73B)
Class org.gradle.api.internal.ClassPathRegistry                                       : loaded 2 times (x 67B)
Class org.gradle.internal.classpath.DefaultClassPath$ImmutableUniqueList              : loaded 2 times (x 196B)
Class org.gradle.internal.classpath.ClassPath                                         : loaded 2 times (x 67B)
Class org.gradle.api.UncheckedIOException                                             : loaded 2 times (x 79B)
Class kotlin.UninitializedPropertyAccessException                                     : loaded 2 times (x 79B)
Class org.gradle.internal.installation.GradleInstallation$1                           : loaded 2 times (x 72B)
Class org.gradle.api.internal.classpath.ModuleRegistry                                : loaded 2 times (x 67B)
Class org.gradle.api.internal.classpath.DefaultModuleRegistry                         : loaded 2 times (x 83B)
Class org.gradle.internal.time.MonotonicClock                                         : loaded 2 times (x 74B)
Class org.gradle.internal.service.ServiceLookupException                              : loaded 2 times (x 79B)
Class org.gradle.internal.classloader.ClassLoaderFactory                              : loaded 2 times (x 67B)
Class org.gradle.internal.service.CachingServiceLocator                               : loaded 2 times (x 79B)
Class org.gradle.internal.time.TimeSource                                             : loaded 2 times (x 67B)
Class org.gradle.internal.exceptions.ResolutionProvider                               : loaded 2 times (x 67B)
Class org.gradle.internal.classloader.ClasspathUtil                                   : loaded 2 times (x 68B)
Class org.gradle.internal.time.TimeSource$1                                           : loaded 2 times (x 74B)
Class org.gradle.api.specs.Spec                                                       : loaded 2 times (x 67B)
Class org.gradle.internal.time.Clock                                                  : loaded 2 times (x 67B)
Class org.gradle.internal.classloader.VisitableURLClassLoader$InstrumentingVisitableURLClassLoader: loaded 2 times (x 120B)
Class org.gradle.internal.classloader.VisitableURLClassLoader$Spec                    : loaded 2 times (x 71B)
Class org.gradle.internal.classpath.DefaultClassPath                                  : loaded 2 times (x 87B)
Class org.gradle.internal.classloader.ClassLoaderSpec                                 : loaded 2 times (x 68B)
Class org.gradle.internal.classloader.VisitableURLClassLoader                         : loaded 2 times (x 114B)
Class org.gradle.internal.Cast                                                        : loaded 2 times (x 68B)
Class org.gradle.api.Action                                                           : loaded 2 times (x 67B)
Class org.gradle.internal.agents.InstrumentingClassLoader                             : loaded 2 times (x 67B)
Class org.gradle.internal.classpath.DefaultClassPath$ImmutableUniqueList$Builder      : loaded 2 times (x 72B)
Class org.gradle.internal.classloader.FilteringClassLoader                            : loaded 2 times (x 102B)
Class org.gradle.internal.exceptions.NonGradleCauseExceptionsHolder                   : loaded 2 times (x 67B)
Class org.gradle.internal.IoActions                                                   : loaded 2 times (x 68B)
Class org.gradle.internal.classloader.SystemClassLoaderSpec                           : loaded 2 times (x 68B)
Class org.gradle.internal.exceptions.MultiCauseException                              : loaded 2 times (x 67B)
Class org.gradle.internal.time.CountdownTimer                                         : loaded 2 times (x 67B)
Class kotlin.jvm.internal.Intrinsics                                                  : loaded 2 times (x 68B)
Class org.gradle.tooling.model.ProjectModel                                           : loaded 2 times (x 67B)
Class kotlin.KotlinNullPointerException                                               : loaded 2 times (x 80B)
Class org.gradle.internal.exceptions.DefaultMultiCauseException                       : loaded 2 times (x 92B)
Class org.gradle.internal.time.Time                                                   : loaded 2 times (x 68B)
Class org.gradle.internal.time.Timer                                                  : loaded 2 times (x 67B)
Class org.gradle.internal.installation.CurrentGradleInstallationLocator               : loaded 2 times (x 68B)
Class org.gradle.internal.service.DefaultServiceLocator                               : loaded 2 times (x 80B)
Class org.gradle.util.GradleVersion                                                   : loaded 2 times (x 80B)
Class org.gradle.internal.installation.CurrentGradleInstallation                      : loaded 2 times (x 70B)
Class org.gradle.util.internal.GUtil                                                  : loaded 2 times (x 68B)
Class org.gradle.internal.installation.GradleInstallation                             : loaded 2 times (x 72B)

---------------  S Y S T E M  ---------------

OS:
 Windows 11 , 64 bit Build 26100 (10.0.26100.3323)
OS uptime: 0 days 20:20 hours

CPU: total 20 (initial active 20) (10 cores per cpu, 2 threads per core) family 6 model 154 stepping 3 microcode 0x420, cx8, cmov, fxsr, ht, mmx, 3dnowpref, sse, sse2, sse3, ssse3, sse4.1, sse4.2, popcnt, lzcnt, tsc, tscinvbit, avx, avx2, aes, erms, clmul, bmi1, bmi2, adx, sha, fma, vzeroupper, clflush, clflushopt, clwb, serialize, rdtscp, rdpid, fsrm, f16c, pku, cet_ibt, cet_ss
Processor Information for processor 0
  Max Mhz: 2700, Current Mhz: 2700, Mhz Limit: 2700
Processor Information for processor 1
  Max Mhz: 2700, Current Mhz: 1489, Mhz Limit: 2700
Processor Information for processor 2
  Max Mhz: 2700, Current Mhz: 1489, Mhz Limit: 2700
Processor Information for processor 3
  Max Mhz: 2700, Current Mhz: 1489, Mhz Limit: 2700
Processor Information for processor 4
  Max Mhz: 2700, Current Mhz: 2700, Mhz Limit: 2700
Processor Information for processor 5
  Max Mhz: 2700, Current Mhz: 2700, Mhz Limit: 2700
Processor Information for processor 6
  Max Mhz: 2700, Current Mhz: 2700, Mhz Limit: 2700
Processor Information for processor 7
  Max Mhz: 2700, Current Mhz: 2700, Mhz Limit: 2700
Processor Information for processor 8
  Max Mhz: 2700, Current Mhz: 2700, Mhz Limit: 2700
Processor Information for processor 9
  Max Mhz: 2700, Current Mhz: 1489, Mhz Limit: 2700
Processor Information for processor 10
  Max Mhz: 2700, Current Mhz: 1489, Mhz Limit: 2700
Processor Information for processor 11
  Max Mhz: 2700, Current Mhz: 1489, Mhz Limit: 2700
Processor Information for processor 12
  Max Mhz: 2700, Current Mhz: 1526, Mhz Limit: 1971
Processor Information for processor 13
  Max Mhz: 2700, Current Mhz: 1526, Mhz Limit: 1971
Processor Information for processor 14
  Max Mhz: 2700, Current Mhz: 1526, Mhz Limit: 1971
Processor Information for processor 15
  Max Mhz: 2700, Current Mhz: 1526, Mhz Limit: 1971
Processor Information for processor 16
  Max Mhz: 2700, Current Mhz: 1526, Mhz Limit: 1971
Processor Information for processor 17
  Max Mhz: 2700, Current Mhz: 1526, Mhz Limit: 1971
Processor Information for processor 18
  Max Mhz: 2700, Current Mhz: 1526, Mhz Limit: 1971
Processor Information for processor 19
  Max Mhz: 2700, Current Mhz: 1526, Mhz Limit: 1971

Memory: 4k page, system-wide physical 7896M (693M free)
TotalPageFile size 16088M (AvailPageFile size 18M)
current process WorkingSet (physical memory assigned to process): 242M, peak: 243M
current process commit charge ("private bytes"): 300M, peak: 315M

vm_info: OpenJDK 64-Bit Server VM (21.0.3+-12282718-b509.11) for windows-amd64 JRE (21.0.3+-12282718-b509.11), built on 2024-08-27T17:34:15Z by "builder" with MS VC++ 16.10 / 16.11 (VS2019)

END.
